<?xml version="1.0" encoding="UTF-8"?>
<coverage generated="1553553959141" clover="3.2.0">
  <project timestamp="1553553959141" name="All files">
    <metrics statements="704" coveredstatements="659" conditionals="546" coveredconditionals="407" methods="112" coveredmethods="108" elements="1362" coveredelements="1174" complexity="0" loc="704" ncloc="704" packages="2" files="29" classes="29"/>
    <package name="dist">
      <metrics statements="676" coveredstatements="631" conditionals="546" coveredconditionals="407" methods="112" coveredmethods="108"/>
      <file name="js-year-calendar.js" path="D:\Projets\year-calendar\js-year-calendar\dist\js-year-calendar.js">
        <metrics statements="676" coveredstatements="631" conditionals="546" coveredconditionals="407" methods="112" coveredmethods="108"/>
        <line num="1" count="6" type="stmt"/>
        <line num="2" count="6" type="cond" truecount="2" falsecount="2"/>
        <line num="3" count="0" type="stmt"/>
        <line num="4" count="6" type="cond" truecount="1" falsecount="1"/>
        <line num="5" count="6" type="stmt"/>
        <line num="7" count="0" type="stmt"/>
        <line num="10" count="0" type="stmt"/>
        <line num="11" count="0" type="stmt"/>
        <line num="16" count="6" type="stmt"/>
        <line num="19" count="6" type="stmt"/>
        <line num="21" count="6" type="cond" truecount="3" falsecount="7"/>
        <line num="23" count="64" type="cond" truecount="1" falsecount="1"/>
        <line num="25" count="402" type="cond" truecount="3" falsecount="1"/>
        <line num="27" count="6" type="cond" truecount="2" falsecount="2"/>
        <line num="29" count="972" type="cond" truecount="1" falsecount="1"/>
        <line num="55" count="6" type="stmt"/>
        <line num="147" count="64" type="cond" truecount="4" falsecount="0"/>
        <line num="149" count="64" type="stmt"/>
        <line num="151" count="64" type="stmt"/>
        <line num="153" count="64" type="stmt"/>
        <line num="155" count="64" type="stmt"/>
        <line num="157" count="64" type="stmt"/>
        <line num="159" count="64" type="stmt"/>
        <line num="161" count="64" type="stmt"/>
        <line num="163" count="64" type="stmt"/>
        <line num="165" count="64" type="stmt"/>
        <line num="167" count="64" type="stmt"/>
        <line num="169" count="64" type="stmt"/>
        <line num="171" count="64" type="stmt"/>
        <line num="173" count="64" type="stmt"/>
        <line num="175" count="64" type="stmt"/>
        <line num="177" count="64" type="stmt"/>
        <line num="179" count="64" type="stmt"/>
        <line num="181" count="64" type="cond" truecount="2" falsecount="0"/>
        <line num="182" count="3" type="stmt"/>
        <line num="183" count="61" type="cond" truecount="2" falsecount="0"/>
        <line num="184" count="60" type="stmt"/>
        <line num="186" count="1" type="stmt"/>
        <line num="189" count="63" type="stmt"/>
        <line num="191" count="63" type="stmt"/>
        <line num="193" count="63" type="stmt"/>
        <line num="195" count="63" type="stmt"/>
        <line num="198" count="6" type="stmt"/>
        <line num="201" count="63" type="cond" truecount="2" falsecount="0"/>
        <line num="202" count="11" type="stmt"/>
        <line num="205" count="63" type="stmt"/>
        <line num="230" count="63" type="cond" truecount="2" falsecount="0"/>
        <line num="231" count="60" type="stmt"/>
        <line num="233" count="60" type="stmt"/>
        <line num="239" count="63" type="cond" truecount="2" falsecount="0"/>
        <line num="240" count="11" type="stmt"/>
        <line num="243" count="63" type="cond" truecount="2" falsecount="0"/>
        <line num="244" count="1" type="stmt"/>
        <line num="247" count="63" type="cond" truecount="2" falsecount="0"/>
        <line num="248" count="1" type="stmt"/>
        <line num="251" count="63" type="cond" truecount="2" falsecount="0"/>
        <line num="252" count="1" type="stmt"/>
        <line num="255" count="63" type="cond" truecount="2" falsecount="0"/>
        <line num="256" count="1" type="stmt"/>
        <line num="259" count="63" type="cond" truecount="2" falsecount="0"/>
        <line num="260" count="1" type="stmt"/>
        <line num="263" count="63" type="cond" truecount="2" falsecount="0"/>
        <line num="264" count="1" type="stmt"/>
        <line num="267" count="63" type="cond" truecount="2" falsecount="0"/>
        <line num="268" count="1" type="stmt"/>
        <line num="274" count="7" type="cond" truecount="1" falsecount="1"/>
        <line num="275" count="7" type="stmt"/>
        <line num="277" count="7" type="cond" truecount="2" falsecount="0"/>
        <line num="279" count="2" type="stmt"/>
        <line num="282" count="5" type="stmt"/>
        <line num="284" count="5" type="cond" truecount="2" falsecount="0"/>
        <line num="285" count="3" type="stmt"/>
        <line num="287" count="2" type="stmt"/>
        <line num="291" count="0" type="stmt"/>
        <line num="297" count="69" type="stmt"/>
        <line num="298" count="34" type="cond" truecount="2" falsecount="0"/>
        <line num="299" count="32" type="stmt"/>
        <line num="310" count="129" type="cond" truecount="4" falsecount="0"/>
        <line num="313" count="129" type="stmt"/>
        <line num="314" count="177" type="stmt"/>
        <line num="317" count="129" type="cond" truecount="2" falsecount="0"/>
        <line num="318" count="127" type="stmt"/>
        <line num="321" count="129" type="cond" truecount="2" falsecount="0"/>
        <line num="322" count="7" type="stmt"/>
        <line num="324" count="122" type="stmt"/>
        <line num="326" count="122" type="stmt"/>
        <line num="328" count="122" type="stmt"/>
        <line num="331" count="122" type="stmt"/>
        <line num="332" count="122" type="stmt"/>
        <line num="333" count="122" type="stmt"/>
        <line num="334" count="122" type="stmt"/>
        <line num="335" count="122" type="stmt"/>
        <line num="336" count="37" type="stmt"/>
        <line num="337" count="37" type="stmt"/>
        <line num="338" count="8" type="stmt"/>
        <line num="342" count="122" type="stmt"/>
        <line num="350" count="205" type="stmt"/>
        <line num="351" count="205" type="stmt"/>
        <line num="352" count="205" type="stmt"/>
        <line num="353" count="205" type="stmt"/>
        <line num="354" count="205" type="stmt"/>
        <line num="356" count="205" type="cond" truecount="4" falsecount="0"/>
        <line num="357" count="4" type="stmt"/>
        <line num="360" count="205" type="stmt"/>
        <line num="361" count="205" type="stmt"/>
        <line num="362" count="205" type="stmt"/>
        <line num="363" count="205" type="stmt"/>
        <line num="364" count="205" type="stmt"/>
        <line num="365" count="205" type="stmt"/>
        <line num="366" count="205" type="stmt"/>
        <line num="368" count="205" type="cond" truecount="4" falsecount="0"/>
        <line num="369" count="6" type="stmt"/>
        <line num="372" count="205" type="stmt"/>
        <line num="373" count="205" type="stmt"/>
        <line num="374" count="205" type="stmt"/>
        <line num="375" count="205" type="stmt"/>
        <line num="377" count="205" type="cond" truecount="4" falsecount="0"/>
        <line num="378" count="4" type="stmt"/>
        <line num="381" count="205" type="stmt"/>
        <line num="382" count="205" type="stmt"/>
        <line num="383" count="205" type="stmt"/>
        <line num="384" count="205" type="stmt"/>
        <line num="385" count="205" type="stmt"/>
        <line num="386" count="205" type="stmt"/>
        <line num="387" count="205" type="stmt"/>
        <line num="388" count="205" type="stmt"/>
        <line num="390" count="205" type="cond" truecount="4" falsecount="0"/>
        <line num="391" count="7" type="stmt"/>
        <line num="394" count="205" type="stmt"/>
        <line num="395" count="205" type="stmt"/>
        <line num="396" count="205" type="stmt"/>
        <line num="397" count="205" type="stmt"/>
        <line num="399" count="205" type="cond" truecount="4" falsecount="0"/>
        <line num="400" count="9" type="stmt"/>
        <line num="403" count="205" type="stmt"/>
        <line num="404" count="205" type="stmt"/>
        <line num="405" count="205" type="stmt"/>
        <line num="407" count="205" type="cond" truecount="4" falsecount="0"/>
        <line num="408" count="7" type="stmt"/>
        <line num="411" count="205" type="stmt"/>
        <line num="412" count="205" type="stmt"/>
        <line num="413" count="205" type="stmt"/>
        <line num="414" count="205" type="stmt"/>
        <line num="415" count="205" type="stmt"/>
        <line num="416" count="205" type="stmt"/>
        <line num="421" count="122" type="stmt"/>
        <line num="422" count="122" type="stmt"/>
        <line num="424" count="122" type="stmt"/>
        <line num="426" count="1464" type="stmt"/>
        <line num="427" count="1464" type="stmt"/>
        <line num="428" count="1464" type="stmt"/>
        <line num="430" count="1464" type="cond" truecount="1" falsecount="1"/>
        <line num="431" count="0" type="stmt"/>
        <line num="434" count="1464" type="stmt"/>
        <line num="435" count="1464" type="stmt"/>
        <line num="436" count="1464" type="stmt"/>
        <line num="439" count="1464" type="stmt"/>
        <line num="440" count="1464" type="stmt"/>
        <line num="441" count="1464" type="stmt"/>
        <line num="442" count="1464" type="stmt"/>
        <line num="443" count="1464" type="cond" truecount="2" falsecount="0"/>
        <line num="444" count="1464" type="stmt"/>
        <line num="445" count="1464" type="stmt"/>
        <line num="446" count="1464" type="stmt"/>
        <line num="447" count="1464" type="stmt"/>
        <line num="449" count="1464" type="cond" truecount="2" falsecount="0"/>
        <line num="450" count="36" type="stmt"/>
        <line num="451" count="36" type="stmt"/>
        <line num="452" count="36" type="stmt"/>
        <line num="453" count="36" type="stmt"/>
        <line num="456" count="1464" type="cond" truecount="2" falsecount="0"/>
        <line num="457" count="1464" type="stmt"/>
        <line num="459" count="1464" type="stmt"/>
        <line num="460" count="10248" type="stmt"/>
        <line num="461" count="10248" type="stmt"/>
        <line num="462" count="10248" type="stmt"/>
        <line num="464" count="10248" type="cond" truecount="2" falsecount="0"/>
        <line num="465" count="84" type="stmt"/>
        <line num="468" count="10248" type="stmt"/>
        <line num="469" count="10248" type="stmt"/>
        <line num="470" count="10248" type="cond" truecount="2" falsecount="0"/>
        <line num="473" count="1464" type="stmt"/>
        <line num="474" count="1464" type="stmt"/>
        <line num="477" count="1464" type="stmt"/>
        <line num="478" count="1464" type="stmt"/>
        <line num="480" count="1464" type="stmt"/>
        <line num="481" count="4214" type="stmt"/>
        <line num="484" count="1464" type="stmt"/>
        <line num="485" count="7575" type="stmt"/>
        <line num="487" count="7575" type="cond" truecount="2" falsecount="0"/>
        <line num="488" count="186" type="stmt"/>
        <line num="489" count="186" type="stmt"/>
        <line num="491" count="186" type="stmt"/>
        <line num="492" count="186" type="stmt"/>
        <line num="493" count="186" type="stmt"/>
        <line num="494" count="186" type="stmt"/>
        <line num="497" count="7575" type="stmt"/>
        <line num="498" count="53025" type="stmt"/>
        <line num="499" count="53025" type="stmt"/>
        <line num="501" count="53025" type="cond" truecount="2" falsecount="0"/>
        <line num="502" count="434" type="stmt"/>
        <line num="505" count="53025" type="cond" truecount="2" falsecount="0"/>
        <line num="506" count="4214" type="stmt"/>
        <line num="507" count="48811" type="cond" truecount="2" falsecount="0"/>
        <line num="508" count="4273" type="stmt"/>
        <line num="510" count="44538" type="cond" truecount="2" falsecount="0"/>
        <line num="511" count="2027" type="stmt"/>
        <line num="514" count="44538" type="stmt"/>
        <line num="515" count="44538" type="stmt"/>
        <line num="516" count="44538" type="stmt"/>
        <line num="517" count="44538" type="stmt"/>
        <line num="519" count="44538" type="cond" truecount="2" falsecount="0"/>
        <line num="520" count="730" type="stmt"/>
        <line num="524" count="53025" type="stmt"/>
        <line num="525" count="53025" type="stmt"/>
        <line num="528" count="7575" type="stmt"/>
        <line num="531" count="1464" type="stmt"/>
        <line num="532" count="1464" type="stmt"/>
        <line num="535" count="122" type="stmt"/>
        <line num="540" count="7" type="stmt"/>
        <line num="541" count="7" type="stmt"/>
        <line num="542" count="7" type="stmt"/>
        <line num="543" count="7" type="stmt"/>
        <line num="544" count="7" type="stmt"/>
        <line num="546" count="7" type="cond" truecount="1" falsecount="1"/>
        <line num="547" count="0" type="cond" truecount="0" falsecount="2"/>
        <line num="548" count="0" type="stmt"/>
        <line num="549" count="0" type="cond" truecount="0" falsecount="2"/>
        <line num="550" count="0" type="stmt"/>
        <line num="553" count="7" type="stmt"/>
        <line num="554" count="7" type="stmt"/>
        <line num="556" count="7" type="stmt"/>
        <line num="557" count="21" type="stmt"/>
        <line num="558" count="21" type="stmt"/>
        <line num="559" count="21" type="stmt"/>
        <line num="562" count="7" type="stmt"/>
        <line num="565" count="7" type="stmt"/>
        <line num="566" count="7" type="stmt"/>
        <line num="571" count="122" type="stmt"/>
        <line num="573" count="122" type="cond" truecount="4" falsecount="0"/>
        <line num="574" count="25" type="stmt"/>
        <line num="575" count="300" type="stmt"/>
        <line num="576" count="300" type="stmt"/>
        <line num="577" count="300" type="stmt"/>
        <line num="579" count="300" type="cond" truecount="3" falsecount="3"/>
        <line num="580" count="300" type="stmt"/>
        <line num="582" count="300" type="stmt"/>
        <line num="583" count="456" type="cond" truecount="4" falsecount="0"/>
        <line num="584" count="263" type="stmt"/>
        <line num="588" count="300" type="cond" truecount="2" falsecount="0"/>
        <line num="589" count="178" type="stmt"/>
        <line num="590" count="5450" type="stmt"/>
        <line num="591" count="5450" type="stmt"/>
        <line num="592" count="5450" type="stmt"/>
        <line num="594" count="5450" type="cond" truecount="3" falsecount="3"/>
        <line num="595" count="5450" type="stmt"/>
        <line num="596" count="8049" type="cond" truecount="4" falsecount="0"/>
        <line num="597" count="272" type="stmt"/>
        <line num="601" count="5450" type="cond" truecount="5" falsecount="0"/>
        <line num="602" count="265" type="stmt"/>
        <line num="614" count="265" type="stmt"/>
        <line num="616" count="265" type="cond" truecount="2" falsecount="1"/>
        <line num="618" count="222" type="stmt"/>
        <line num="620" count="222" type="cond" truecount="2" falsecount="0"/>
        <line num="621" count="218" type="stmt"/>
        <line num="622" count="4" type="cond" truecount="1" falsecount="1"/>
        <line num="623" count="4" type="stmt"/>
        <line num="625" count="0" type="stmt"/>
        <line num="628" count="222" type="cond" truecount="1" falsecount="1"/>
        <line num="629" count="222" type="stmt"/>
        <line num="631" count="222" type="stmt"/>
        <line num="632" count="228" type="cond" truecount="2" falsecount="0"/>
        <line num="633" count="6" type="stmt"/>
        <line num="636" count="228" type="stmt"/>
        <line num="639" count="222" type="stmt"/>
        <line num="642" count="222" type="stmt"/>
        <line num="645" count="43" type="stmt"/>
        <line num="646" count="43" type="stmt"/>
        <line num="648" count="43" type="cond" truecount="2" falsecount="0"/>
        <line num="649" count="4" type="stmt"/>
        <line num="651" count="4" type="cond" truecount="3" falsecount="1"/>
        <line num="652" count="0" type="stmt"/>
        <line num="654" count="0" type="stmt"/>
        <line num="656" count="0" type="stmt"/>
        <line num="657" count="0" type="cond" truecount="0" falsecount="5"/>
        <line num="658" count="0" type="stmt"/>
        <line num="659" count="0" type="stmt"/>
        <line num="663" count="0" type="stmt"/>
        <line num="664" count="4" type="cond" truecount="2" falsecount="0"/>
        <line num="665" count="1" type="stmt"/>
        <line num="667" count="39" type="cond" truecount="2" falsecount="0"/>
        <line num="668" count="4" type="stmt"/>
        <line num="670" count="4" type="cond" truecount="3" falsecount="1"/>
        <line num="671" count="0" type="stmt"/>
        <line num="673" count="0" type="stmt"/>
        <line num="675" count="0" type="stmt"/>
        <line num="676" count="0" type="cond" truecount="0" falsecount="5"/>
        <line num="677" count="0" type="stmt"/>
        <line num="678" count="0" type="stmt"/>
        <line num="682" count="0" type="stmt"/>
        <line num="683" count="4" type="cond" truecount="2" falsecount="0"/>
        <line num="684" count="1" type="stmt"/>
        <line num="688" count="43" type="stmt"/>
        <line num="691" count="0" type="cond" truecount="0" falsecount="2"/>
        <line num="692" count="0" type="stmt"/>
        <line num="695" count="0" type="stmt"/>
        <line num="701" count="122" type="stmt"/>
        <line num="703" count="122" type="cond" truecount="2" falsecount="0"/>
        <line num="705" count="120" type="stmt"/>
        <line num="706" count="480" type="stmt"/>
        <line num="707" count="4" type="cond" truecount="1" falsecount="1"/>
        <line num="708" count="4" type="stmt"/>
        <line num="712" count="120" type="stmt"/>
        <line num="713" count="1" type="cond" truecount="1" falsecount="1"/>
        <line num="714" count="1" type="stmt"/>
        <line num="716" count="1" type="stmt"/>
        <line num="717" count="1" type="stmt"/>
        <line num="718" count="1" type="stmt"/>
        <line num="719" count="1" type="stmt"/>
        <line num="720" count="1" type="stmt"/>
        <line num="721" count="1" type="stmt"/>
        <line num="722" count="1" type="stmt"/>
        <line num="723" count="1" type="stmt"/>
        <line num="728" count="120" type="stmt"/>
        <line num="729" count="1" type="cond" truecount="1" falsecount="1"/>
        <line num="730" count="1" type="stmt"/>
        <line num="732" count="1" type="stmt"/>
        <line num="733" count="1" type="stmt"/>
        <line num="734" count="1" type="stmt"/>
        <line num="735" count="1" type="stmt"/>
        <line num="736" count="1" type="stmt"/>
        <line num="737" count="1" type="stmt"/>
        <line num="738" count="1" type="stmt"/>
        <line num="739" count="1" type="stmt"/>
        <line num="746" count="122" type="stmt"/>
        <line num="747" count="122" type="stmt"/>
        <line num="749" count="42511" type="stmt"/>
        <line num="750" count="2" type="stmt"/>
        <line num="752" count="2" type="stmt"/>
        <line num="754" count="2" type="stmt"/>
        <line num="762" count="42511" type="stmt"/>
        <line num="763" count="5" type="cond" truecount="2" falsecount="0"/>
        <line num="764" count="2" type="stmt"/>
        <line num="766" count="2" type="cond" truecount="1" falsecount="1"/>
        <line num="767" count="2" type="stmt"/>
        <line num="771" count="5" type="stmt"/>
        <line num="773" count="5" type="stmt"/>
        <line num="781" count="42511" type="cond" truecount="2" falsecount="0"/>
        <line num="782" count="2190" type="stmt"/>
        <line num="783" count="4" type="cond" truecount="1" falsecount="1"/>
        <line num="784" count="4" type="stmt"/>
        <line num="786" count="4" type="cond" truecount="3" falsecount="1"/>
        <line num="787" count="4" type="stmt"/>
        <line num="788" count="4" type="stmt"/>
        <line num="790" count="4" type="stmt"/>
        <line num="794" count="2190" type="stmt"/>
        <line num="795" count="4" type="cond" truecount="1" falsecount="1"/>
        <line num="796" count="4" type="stmt"/>
        <line num="798" count="4" type="cond" truecount="2" falsecount="0"/>
        <line num="799" count="1" type="stmt"/>
        <line num="801" count="1" type="cond" truecount="1" falsecount="1"/>
        <line num="802" count="1" type="stmt"/>
        <line num="804" count="1" type="stmt"/>
        <line num="805" count="4" type="cond" truecount="2" falsecount="0"/>
        <line num="806" count="1" type="stmt"/>
        <line num="809" count="3" type="stmt"/>
        <line num="810" count="3" type="stmt"/>
        <line num="813" count="0" type="stmt"/>
        <line num="815" count="0" type="stmt"/>
        <line num="816" count="0" type="cond" truecount="0" falsecount="2"/>
        <line num="817" count="0" type="stmt"/>
        <line num="820" count="0" type="stmt"/>
        <line num="821" count="0" type="stmt"/>
        <line num="825" count="1" type="stmt"/>
        <line num="828" count="4" type="stmt"/>
        <line num="829" count="4" type="stmt"/>
        <line num="831" count="4" type="cond" truecount="1" falsecount="1"/>
        <line num="832" count="4" type="stmt"/>
        <line num="840" count="42511" type="stmt"/>
        <line num="841" count="7" type="cond" truecount="2" falsecount="0"/>
        <line num="842" count="3" type="stmt"/>
        <line num="844" count="3" type="stmt"/>
        <line num="851" count="42511" type="stmt"/>
        <line num="852" count="2" type="stmt"/>
        <line num="854" count="2" type="stmt"/>
        <line num="862" count="122" type="cond" truecount="2" falsecount="0"/>
        <line num="864" count="6" type="stmt"/>
        <line num="865" count="1" type="cond" truecount="1" falsecount="1"/>
        <line num="866" count="1" type="stmt"/>
        <line num="868" count="1" type="stmt"/>
        <line num="870" count="1" type="cond" truecount="1" falsecount="1"/>
        <line num="871" count="1" type="cond" truecount="1" falsecount="1"/>
        <line num="873" count="1" type="stmt"/>
        <line num="884" count="122" type="cond" truecount="2" falsecount="0"/>
        <line num="885" count="59" type="stmt"/>
        <line num="886" count="59" type="stmt"/>
        <line num="889" count="122" type="stmt"/>
        <line num="890" count="30" type="cond" truecount="1" falsecount="1"/>
        <line num="891" count="0" type="stmt"/>
        <line num="894" count="30" type="stmt"/>
        <line num="895" count="30" type="stmt"/>
        <line num="896" count="30" type="stmt"/>
        <line num="898" count="30" type="cond" truecount="1" falsecount="1"/>
        <line num="899" count="0" type="stmt"/>
        <line num="900" count="30" type="cond" truecount="1" falsecount="1"/>
        <line num="901" count="0" type="stmt"/>
        <line num="902" count="30" type="cond" truecount="1" falsecount="1"/>
        <line num="903" count="0" type="stmt"/>
        <line num="904" count="30" type="cond" truecount="1" falsecount="1"/>
        <line num="905" count="0" type="stmt"/>
        <line num="907" count="30" type="stmt"/>
        <line num="910" count="30" type="stmt"/>
        <line num="911" count="360" type="cond" truecount="2" falsecount="0"/>
        <line num="912" count="240" type="stmt"/>
        <line num="913" count="240" type="stmt"/>
        <line num="921" count="9" type="stmt"/>
        <line num="923" count="9" type="stmt"/>
        <line num="924" count="45" type="stmt"/>
        <line num="926" count="9" type="stmt"/>
        <line num="927" count="5" type="stmt"/>
        <line num="929" count="9" type="stmt"/>
        <line num="930" count="5" type="stmt"/>
        <line num="933" count="9" type="cond" truecount="2" falsecount="0"/>
        <line num="934" count="8" type="cond" truecount="2" falsecount="0"/>
        <line num="935" count="8" type="cond" truecount="2" falsecount="0"/>
        <line num="936" count="8" type="stmt"/>
        <line num="937" count="96" type="stmt"/>
        <line num="939" count="96" type="cond" truecount="4" falsecount="0"/>
        <line num="940" count="9" type="stmt"/>
        <line num="941" count="277" type="stmt"/>
        <line num="943" count="277" type="cond" truecount="4" falsecount="0"/>
        <line num="944" count="67" type="stmt"/>
        <line num="946" count="67" type="cond" truecount="2" falsecount="0"/>
        <line num="947" count="8" type="stmt"/>
        <line num="950" count="67" type="cond" truecount="2" falsecount="0"/>
        <line num="951" count="8" type="stmt"/>
        <line num="962" count="1" type="stmt"/>
        <line num="963" count="1" type="stmt"/>
        <line num="965" count="1" type="stmt"/>
        <line num="966" count="1" type="cond" truecount="2" falsecount="0"/>
        <line num="967" count="1" type="cond" truecount="2" falsecount="0"/>
        <line num="968" count="1" type="stmt"/>
        <line num="971" count="1" type="stmt"/>
        <line num="979" count="2" type="stmt"/>
        <line num="981" count="2" type="cond" truecount="2" falsecount="0"/>
        <line num="982" count="1" type="stmt"/>
        <line num="984" count="1" type="stmt"/>
        <line num="985" count="0" type="stmt"/>
        <line num="988" count="1" type="stmt"/>
        <line num="989" count="1" type="stmt"/>
        <line num="990" count="1" type="stmt"/>
        <line num="993" count="2" type="stmt"/>
        <line num="995" count="2" type="stmt"/>
        <line num="997" count="2" type="stmt"/>
        <line num="998" count="1" type="stmt"/>
        <line num="999" count="1" type="stmt"/>
        <line num="1000" count="1" type="stmt"/>
        <line num="1001" count="1" type="stmt"/>
        <line num="1002" count="1" type="stmt"/>
        <line num="1003" count="1" type="stmt"/>
        <line num="1004" count="1" type="stmt"/>
        <line num="1005" count="1" type="stmt"/>
        <line num="1006" count="1" type="stmt"/>
        <line num="1007" count="1" type="stmt"/>
        <line num="1009" count="1" type="stmt"/>
        <line num="1011" count="1" type="stmt"/>
        <line num="1014" count="2" type="cond" truecount="2" falsecount="0"/>
        <line num="1015" count="1" type="stmt"/>
        <line num="1017" count="1" type="stmt"/>
        <line num="1018" count="1" type="stmt"/>
        <line num="1019" count="1" type="stmt"/>
        <line num="1020" count="1" type="stmt"/>
        <line num="1021" count="0" type="stmt"/>
        <line num="1030" count="2" type="stmt"/>
        <line num="1031" count="2" type="stmt"/>
        <line num="1033" count="2" type="stmt"/>
        <line num="1034" count="3" type="cond" truecount="3" falsecount="2"/>
        <line num="1035" count="0" type="stmt"/>
        <line num="1038" count="3" type="stmt"/>
        <line num="1039" count="3" type="stmt"/>
        <line num="1040" count="3" type="stmt"/>
        <line num="1041" count="3" type="stmt"/>
        <line num="1042" count="3" type="stmt"/>
        <line num="1043" count="3" type="stmt"/>
        <line num="1045" count="3" type="cond" truecount="1" falsecount="1"/>
        <line num="1046" count="0" type="stmt"/>
        <line num="1047" count="0" type="stmt"/>
        <line num="1048" count="0" type="stmt"/>
        <line num="1053" count="3" type="stmt"/>
        <line num="1054" count="3" type="stmt"/>
        <line num="1055" count="3" type="stmt"/>
        <line num="1057" count="3" type="cond" truecount="4" falsecount="0"/>
        <line num="1058" count="1" type="stmt"/>
        <line num="1061" count="3" type="stmt"/>
        <line num="1064" count="2" type="cond" truecount="1" falsecount="1"/>
        <line num="1065" count="2" type="stmt"/>
        <line num="1071" count="299" type="stmt"/>
        <line num="1072" count="299" type="stmt"/>
        <line num="1073" count="299" type="stmt"/>
        <line num="1074" count="299" type="stmt"/>
        <line num="1079" count="214" type="stmt"/>
        <line num="1080" count="214" type="stmt"/>
        <line num="1082" count="214" type="stmt"/>
        <line num="1083" count="319" type="stmt"/>
        <line num="1086" count="214" type="stmt"/>
        <line num="1087" count="214" type="stmt"/>
        <line num="1092" count="44793" type="cond" truecount="6" falsecount="0"/>
        <line num="1093" count="1659" type="stmt"/>
        <line num="1096" count="43134" type="cond" truecount="2" falsecount="0"/>
        <line num="1097" count="1095" type="stmt"/>
        <line num="1098" count="2295" type="cond" truecount="2" falsecount="0"/>
        <line num="1099" count="364" type="stmt"/>
        <line num="1104" count="42770" type="cond" truecount="2" falsecount="0"/>
        <line num="1105" count="1836" type="stmt"/>
        <line num="1106" count="2930" type="cond" truecount="2" falsecount="0"/>
        <line num="1107" count="5" type="stmt"/>
        <line num="1112" count="42765" type="stmt"/>
        <line num="1117" count="63273" type="cond" truecount="2" falsecount="0"/>
        <line num="1118" count="1554" type="stmt"/>
        <line num="1119" count="3256" type="cond" truecount="2" falsecount="0"/>
        <line num="1120" count="518" type="stmt"/>
        <line num="1125" count="62755" type="stmt"/>
        <line num="1137" count="188" type="stmt"/>
        <line num="1138" count="188" type="stmt"/>
        <line num="1140" count="188" type="stmt"/>
        <line num="1142" count="188" type="stmt"/>
        <line num="1144" count="188" type="stmt"/>
        <line num="1155" count="23" type="stmt"/>
        <line num="1167" count="29" type="stmt"/>
        <line num="1169" count="29" type="cond" truecount="4" falsecount="1"/>
        <line num="1170" count="29" type="stmt"/>
        <line num="1171" count="53" type="cond" truecount="4" falsecount="0"/>
        <line num="1172" count="21" type="stmt"/>
        <line num="1177" count="29" type="stmt"/>
        <line num="1186" count="9" type="stmt"/>
        <line num="1197" count="80" type="stmt"/>
        <line num="1199" count="80" type="stmt"/>
        <line num="1201" count="80" type="cond" truecount="2" falsecount="0"/>
        <line num="1202" count="79" type="stmt"/>
        <line num="1204" count="79" type="stmt"/>
        <line num="1205" count="32" type="stmt"/>
        <line num="1208" count="79" type="cond" truecount="2" falsecount="0"/>
        <line num="1209" count="78" type="stmt"/>
        <line num="1212" count="79" type="stmt"/>
        <line num="1217" count="79" type="cond" truecount="2" falsecount="0"/>
        <line num="1218" count="6" type="stmt"/>
        <line num="1220" count="6" type="stmt"/>
        <line num="1221" count="6" type="stmt"/>
        <line num="1223" count="6" type="stmt"/>
        <line num="1225" count="6" type="stmt"/>
        <line num="1228" count="73" type="cond" truecount="1" falsecount="1"/>
        <line num="1229" count="73" type="stmt"/>
        <line num="1241" count="3" type="stmt"/>
        <line num="1253" count="2" type="cond" truecount="2" falsecount="2"/>
        <line num="1255" count="2" type="cond" truecount="3" falsecount="1"/>
        <line num="1256" count="2" type="stmt"/>
        <line num="1258" count="2" type="cond" truecount="1" falsecount="1"/>
        <line num="1259" count="2" type="stmt"/>
        <line num="1270" count="3" type="stmt"/>
        <line num="1282" count="2" type="cond" truecount="2" falsecount="2"/>
        <line num="1284" count="2" type="cond" truecount="3" falsecount="1"/>
        <line num="1285" count="2" type="stmt"/>
        <line num="1287" count="2" type="cond" truecount="1" falsecount="1"/>
        <line num="1288" count="2" type="stmt"/>
        <line num="1299" count="4" type="stmt"/>
        <line num="1311" count="3" type="cond" truecount="2" falsecount="2"/>
        <line num="1312" count="3" type="cond" truecount="5" falsecount="0"/>
        <line num="1314" count="3" type="cond" truecount="1" falsecount="1"/>
        <line num="1315" count="3" type="stmt"/>
        <line num="1325" count="3" type="stmt"/>
        <line num="1336" count="2" type="stmt"/>
        <line num="1345" count="3" type="stmt"/>
        <line num="1357" count="2" type="cond" truecount="2" falsecount="2"/>
        <line num="1358" count="2" type="stmt"/>
        <line num="1360" count="2" type="cond" truecount="1" falsecount="1"/>
        <line num="1361" count="2" type="stmt"/>
        <line num="1371" count="3" type="stmt"/>
        <line num="1383" count="2" type="cond" truecount="2" falsecount="2"/>
        <line num="1384" count="2" type="stmt"/>
        <line num="1386" count="2" type="cond" truecount="1" falsecount="1"/>
        <line num="1387" count="2" type="stmt"/>
        <line num="1397" count="3" type="stmt"/>
        <line num="1409" count="3" type="cond" truecount="2" falsecount="2"/>
        <line num="1410" count="3" type="stmt"/>
        <line num="1412" count="3" type="cond" truecount="1" falsecount="1"/>
        <line num="1413" count="3" type="stmt"/>
        <line num="1423" count="3" type="stmt"/>
        <line num="1436" count="2" type="cond" truecount="2" falsecount="2"/>
        <line num="1437" count="2" type="stmt"/>
        <line num="1439" count="2" type="cond" truecount="1" falsecount="1"/>
        <line num="1440" count="2" type="stmt"/>
        <line num="1450" count="3" type="stmt"/>
        <line num="1462" count="2" type="cond" truecount="2" falsecount="2"/>
        <line num="1463" count="2" type="stmt"/>
        <line num="1465" count="2" type="cond" truecount="1" falsecount="1"/>
        <line num="1466" count="2" type="stmt"/>
        <line num="1476" count="3" type="stmt"/>
        <line num="1488" count="2" type="cond" truecount="2" falsecount="2"/>
        <line num="1489" count="2" type="cond" truecount="1" falsecount="1"/>
        <line num="1491" count="2" type="cond" truecount="1" falsecount="1"/>
        <line num="1492" count="2" type="stmt"/>
        <line num="1502" count="3" type="stmt"/>
        <line num="1514" count="2" type="cond" truecount="2" falsecount="2"/>
        <line num="1515" count="2" type="cond" truecount="1" falsecount="1"/>
        <line num="1517" count="2" type="cond" truecount="1" falsecount="1"/>
        <line num="1518" count="2" type="stmt"/>
        <line num="1528" count="3" type="stmt"/>
        <line num="1540" count="2" type="cond" truecount="2" falsecount="2"/>
        <line num="1541" count="2" type="cond" truecount="1" falsecount="1"/>
        <line num="1543" count="2" type="cond" truecount="1" falsecount="1"/>
        <line num="1544" count="2" type="stmt"/>
        <line num="1554" count="3" type="stmt"/>
        <line num="1567" count="2" type="cond" truecount="2" falsecount="2"/>
        <line num="1568" count="2" type="stmt"/>
        <line num="1570" count="2" type="cond" truecount="1" falsecount="1"/>
        <line num="1571" count="2" type="stmt"/>
        <line num="1581" count="3" type="stmt"/>
        <line num="1594" count="3" type="cond" truecount="2" falsecount="2"/>
        <line num="1595" count="3" type="stmt"/>
        <line num="1597" count="3" type="cond" truecount="1" falsecount="1"/>
        <line num="1598" count="3" type="stmt"/>
        <line num="1608" count="3" type="stmt"/>
        <line num="1620" count="2" type="cond" truecount="2" falsecount="2"/>
        <line num="1621" count="2" type="cond" truecount="1" falsecount="1"/>
        <line num="1623" count="2" type="cond" truecount="1" falsecount="1"/>
        <line num="1624" count="2" type="stmt"/>
        <line num="1634" count="3" type="stmt"/>
        <line num="1646" count="2" type="cond" truecount="2" falsecount="2"/>
        <line num="1647" count="2" type="cond" truecount="2" falsecount="0"/>
        <line num="1649" count="2" type="cond" truecount="1" falsecount="1"/>
        <line num="1650" count="2" type="stmt"/>
        <line num="1660" count="3" type="stmt"/>
        <line num="1672" count="2" type="cond" truecount="2" falsecount="2"/>
        <line num="1673" count="2" type="cond" truecount="2" falsecount="0"/>
        <line num="1675" count="2" type="cond" truecount="1" falsecount="1"/>
        <line num="1676" count="2" type="stmt"/>
        <line num="1686" count="3" type="stmt"/>
        <line num="1698" count="3" type="cond" truecount="2" falsecount="2"/>
        <line num="1700" count="3" type="cond" truecount="4" falsecount="0"/>
        <line num="1701" count="2" type="stmt"/>
        <line num="1703" count="2" type="cond" truecount="1" falsecount="1"/>
        <line num="1704" count="2" type="stmt"/>
        <line num="1715" count="5" type="stmt"/>
        <line num="1727" count="3" type="stmt"/>
        <line num="1729" count="3" type="cond" truecount="2" falsecount="2"/>
        <line num="1730" count="3" type="cond" truecount="3" falsecount="1"/>
        <line num="1732" count="3" type="cond" truecount="2" falsecount="0"/>
        <line num="1733" count="1" type="stmt"/>
        <line num="1735" count="1" type="stmt"/>
        <line num="1736" count="1" type="stmt"/>
        <line num="1738" count="1" type="stmt"/>
        <line num="1740" count="1" type="stmt"/>
        <line num="1743" count="2" type="stmt"/>
        <line num="1745" count="2" type="stmt"/>
        <line num="1747" count="2" type="cond" truecount="1" falsecount="1"/>
        <line num="1748" count="2" type="stmt"/>
        <line num="1759" count="4" type="cond" truecount="2" falsecount="0"/>
        <line num="1771" count="2" type="cond" truecount="2" falsecount="2"/>
        <line num="1772" count="2" type="cond" truecount="2" falsecount="0"/>
        <line num="1774" count="2" type="cond" truecount="1" falsecount="1"/>
        <line num="1775" count="2" type="stmt"/>
        <line num="1785" count="3" type="stmt"/>
        <line num="1796" count="2" type="cond" truecount="4" falsecount="0"/>
        <line num="1809" count="1" type="cond" truecount="2" falsecount="2"/>
        <line num="1811" count="1" type="stmt"/>
        <line num="1813" count="1" type="cond" truecount="1" falsecount="1"/>
        <line num="1814" count="1" type="stmt"/>
        <line num="1819" count="6" type="stmt"/>
        <line num="1822" count="6" type="stmt"/>
        <line num="1824" count="6" type="stmt"/>
        <line num="1836" count="6" type="stmt"/>
        <line num="1838" count="6" type="cond" truecount="2" falsecount="2"/>
        <line num="1839" count="6" type="stmt"/>
        <line num="1840" count="6" type="stmt"/>
        <line num="1841" count="1" type="stmt"/>
        <line num="1842" count="1" type="stmt"/>
      </file>
    </package>
    <package name="locales">
      <metrics statements="28" coveredstatements="28" conditionals="0" coveredconditionals="0" methods="0" coveredmethods="0"/>
      <file name="js-year-calendar.ca.js" path="D:\Projets\year-calendar\js-year-calendar\locales\js-year-calendar.ca.js">
        <metrics statements="1" coveredstatements="1" conditionals="0" coveredconditionals="0" methods="0" coveredmethods="0"/>
        <line num="9" count="1" type="stmt"/>
      </file>
      <file name="js-year-calendar.cs.js" path="D:\Projets\year-calendar\js-year-calendar\locales\js-year-calendar.cs.js">
        <metrics statements="1" coveredstatements="1" conditionals="0" coveredconditionals="0" methods="0" coveredmethods="0"/>
        <line num="10" count="1" type="stmt"/>
      </file>
      <file name="js-year-calendar.de.js" path="D:\Projets\year-calendar\js-year-calendar\locales\js-year-calendar.de.js">
        <metrics statements="1" coveredstatements="1" conditionals="0" coveredconditionals="0" methods="0" coveredmethods="0"/>
        <line num="9" count="1" type="stmt"/>
      </file>
      <file name="js-year-calendar.es.js" path="D:\Projets\year-calendar\js-year-calendar\locales\js-year-calendar.es.js">
        <metrics statements="1" coveredstatements="1" conditionals="0" coveredconditionals="0" methods="0" coveredmethods="0"/>
        <line num="9" count="1" type="stmt"/>
      </file>
      <file name="js-year-calendar.eu.js" path="D:\Projets\year-calendar\js-year-calendar\locales\js-year-calendar.eu.js">
        <metrics statements="1" coveredstatements="1" conditionals="0" coveredconditionals="0" methods="0" coveredmethods="0"/>
        <line num="8" count="1" type="stmt"/>
      </file>
      <file name="js-year-calendar.fi.js" path="D:\Projets\year-calendar\js-year-calendar\locales\js-year-calendar.fi.js">
        <metrics statements="1" coveredstatements="1" conditionals="0" coveredconditionals="0" methods="0" coveredmethods="0"/>
        <line num="6" count="1" type="stmt"/>
      </file>
      <file name="js-year-calendar.fr.js" path="D:\Projets\year-calendar\js-year-calendar\locales\js-year-calendar.fr.js">
        <metrics statements="1" coveredstatements="1" conditionals="0" coveredconditionals="0" methods="0" coveredmethods="0"/>
        <line num="9" count="3" type="stmt"/>
      </file>
      <file name="js-year-calendar.hr.js" path="D:\Projets\year-calendar\js-year-calendar\locales\js-year-calendar.hr.js">
        <metrics statements="1" coveredstatements="1" conditionals="0" coveredconditionals="0" methods="0" coveredmethods="0"/>
        <line num="6" count="1" type="stmt"/>
      </file>
      <file name="js-year-calendar.hu.js" path="D:\Projets\year-calendar\js-year-calendar\locales\js-year-calendar.hu.js">
        <metrics statements="1" coveredstatements="1" conditionals="0" coveredconditionals="0" methods="0" coveredmethods="0"/>
        <line num="9" count="1" type="stmt"/>
      </file>
      <file name="js-year-calendar.id.js" path="D:\Projets\year-calendar\js-year-calendar\locales\js-year-calendar.id.js">
        <metrics statements="1" coveredstatements="1" conditionals="0" coveredconditionals="0" methods="0" coveredmethods="0"/>
        <line num="9" count="1" type="stmt"/>
      </file>
      <file name="js-year-calendar.is.js" path="D:\Projets\year-calendar\js-year-calendar\locales\js-year-calendar.is.js">
        <metrics statements="1" coveredstatements="1" conditionals="0" coveredconditionals="0" methods="0" coveredmethods="0"/>
        <line num="9" count="1" type="stmt"/>
      </file>
      <file name="js-year-calendar.it.js" path="D:\Projets\year-calendar\js-year-calendar\locales\js-year-calendar.it.js">
        <metrics statements="1" coveredstatements="1" conditionals="0" coveredconditionals="0" methods="0" coveredmethods="0"/>
        <line num="9" count="1" type="stmt"/>
      </file>
      <file name="js-year-calendar.ja.js" path="D:\Projets\year-calendar\js-year-calendar\locales\js-year-calendar.ja.js">
        <metrics statements="1" coveredstatements="1" conditionals="0" coveredconditionals="0" methods="0" coveredmethods="0"/>
        <line num="9" count="1" type="stmt"/>
      </file>
      <file name="js-year-calendar.lt.js" path="D:\Projets\year-calendar\js-year-calendar\locales\js-year-calendar.lt.js">
        <metrics statements="1" coveredstatements="1" conditionals="0" coveredconditionals="0" methods="0" coveredmethods="0"/>
        <line num="8" count="1" type="stmt"/>
      </file>
      <file name="js-year-calendar.lv.js" path="D:\Projets\year-calendar\js-year-calendar\locales\js-year-calendar.lv.js">
        <metrics statements="1" coveredstatements="1" conditionals="0" coveredconditionals="0" methods="0" coveredmethods="0"/>
        <line num="6" count="1" type="stmt"/>
      </file>
      <file name="js-year-calendar.nl.js" path="D:\Projets\year-calendar\js-year-calendar\locales\js-year-calendar.nl.js">
        <metrics statements="1" coveredstatements="1" conditionals="0" coveredconditionals="0" methods="0" coveredmethods="0"/>
        <line num="9" count="1" type="stmt"/>
      </file>
      <file name="js-year-calendar.pl.js" path="D:\Projets\year-calendar\js-year-calendar\locales\js-year-calendar.pl.js">
        <metrics statements="1" coveredstatements="1" conditionals="0" coveredconditionals="0" methods="0" coveredmethods="0"/>
        <line num="6" count="1" type="stmt"/>
      </file>
      <file name="js-year-calendar.pt.js" path="D:\Projets\year-calendar\js-year-calendar\locales\js-year-calendar.pt.js">
        <metrics statements="1" coveredstatements="1" conditionals="0" coveredconditionals="0" methods="0" coveredmethods="0"/>
        <line num="10" count="1" type="stmt"/>
      </file>
      <file name="js-year-calendar.ru.js" path="D:\Projets\year-calendar\js-year-calendar\locales\js-year-calendar.ru.js">
        <metrics statements="1" coveredstatements="1" conditionals="0" coveredconditionals="0" methods="0" coveredmethods="0"/>
        <line num="9" count="1" type="stmt"/>
      </file>
      <file name="js-year-calendar.sk.js" path="D:\Projets\year-calendar\js-year-calendar\locales\js-year-calendar.sk.js">
        <metrics statements="1" coveredstatements="1" conditionals="0" coveredconditionals="0" methods="0" coveredmethods="0"/>
        <line num="7" count="1" type="stmt"/>
      </file>
      <file name="js-year-calendar.sr.js" path="D:\Projets\year-calendar\js-year-calendar\locales\js-year-calendar.sr.js">
        <metrics statements="1" coveredstatements="1" conditionals="0" coveredconditionals="0" methods="0" coveredmethods="0"/>
        <line num="6" count="1" type="stmt"/>
      </file>
      <file name="js-year-calendar.th.js" path="D:\Projets\year-calendar\js-year-calendar\locales\js-year-calendar.th.js">
        <metrics statements="1" coveredstatements="1" conditionals="0" coveredconditionals="0" methods="0" coveredmethods="0"/>
        <line num="7" count="1" type="stmt"/>
      </file>
      <file name="js-year-calendar.tr.js" path="D:\Projets\year-calendar\js-year-calendar\locales\js-year-calendar.tr.js">
        <metrics statements="1" coveredstatements="1" conditionals="0" coveredconditionals="0" methods="0" coveredmethods="0"/>
        <line num="9" count="1" type="stmt"/>
      </file>
      <file name="js-year-calendar.ua.js" path="D:\Projets\year-calendar\js-year-calendar\locales\js-year-calendar.ua.js">
        <metrics statements="1" coveredstatements="1" conditionals="0" coveredconditionals="0" methods="0" coveredmethods="0"/>
        <line num="6" count="1" type="stmt"/>
      </file>
      <file name="js-year-calendar.uk.js" path="D:\Projets\year-calendar\js-year-calendar\locales\js-year-calendar.uk.js">
        <metrics statements="1" coveredstatements="1" conditionals="0" coveredconditionals="0" methods="0" coveredmethods="0"/>
        <line num="6" count="1" type="stmt"/>
      </file>
      <file name="js-year-calendar.uz.js" path="D:\Projets\year-calendar\js-year-calendar\locales\js-year-calendar.uz.js">
        <metrics statements="1" coveredstatements="1" conditionals="0" coveredconditionals="0" methods="0" coveredmethods="0"/>
        <line num="9" count="1" type="stmt"/>
      </file>
      <file name="js-year-calendar.zh-CN.js" path="D:\Projets\year-calendar\js-year-calendar\locales\js-year-calendar.zh-CN.js">
        <metrics statements="1" coveredstatements="1" conditionals="0" coveredconditionals="0" methods="0" coveredmethods="0"/>
        <line num="9" count="1" type="stmt"/>
      </file>
      <file name="js-year-calendar.zh-TW.js" path="D:\Projets\year-calendar\js-year-calendar\locales\js-year-calendar.zh-TW.js">
        <metrics statements="1" coveredstatements="1" conditionals="0" coveredconditionals="0" methods="0" coveredmethods="0"/>
        <line num="9" count="1" type="stmt"/>
      </file>
    </package>
  </project>
</coverage>
