{"D:\\Projets\\year-calendar\\js-year-calendar\\dist\\js-year-calendar.js": {"path":"D:\\Projets\\year-calendar\\js-year-calendar\\dist\\js-year-calendar.js","statementMap":{"0":{"start":{"line":1,"column":0},"end":{"line":1846,"column":3}},"1":{"start":{"line":2,"column":2},"end":{"line":12,"column":3}},"2":{"start":{"line":3,"column":4},"end":{"line":3,"column":33}},"3":{"start":{"line":4,"column":9},"end":{"line":12,"column":3}},"4":{"start":{"line":5,"column":4},"end":{"line":5,"column":21}},"5":{"start":{"line":7,"column":14},"end":{"line":9,"column":5}},"6":{"start":{"line":10,"column":4},"end":{"line":10,"column":25}},"7":{"start":{"line":11,"column":4},"end":{"line":11,"column":40}},"8":{"start":{"line":16,"column":2},"end":{"line":18,"column":5}},"9":{"start":{"line":19,"column":2},"end":{"line":19,"column":28}},"10":{"start":{"line":21,"column":26},"end":{"line":21,"column":330}},"11":{"start":{"line":21,"column":101},"end":{"line":21,"column":156}},"12":{"start":{"line":21,"column":135},"end":{"line":21,"column":153}},"13":{"start":{"line":21,"column":166},"end":{"line":21,"column":328}},"14":{"start":{"line":21,"column":200},"end":{"line":21,"column":325}},"15":{"start":{"line":21,"column":331},"end":{"line":21,"column":351}},"16":{"start":{"line":23,"column":52},"end":{"line":23,"column":153}},"17":{"start":{"line":23,"column":94},"end":{"line":23,"column":151}},"18":{"start":{"line":25,"column":46},"end":{"line":25,"column":317}},"19":{"start":{"line":25,"column":59},"end":{"line":25,"column":60}},"20":{"start":{"line":25,"column":104},"end":{"line":25,"column":112}},"21":{"start":{"line":25,"column":114},"end":{"line":25,"column":169}},"22":{"start":{"line":25,"column":170},"end":{"line":25,"column":201}},"23":{"start":{"line":25,"column":202},"end":{"line":25,"column":256}},"24":{"start":{"line":25,"column":229},"end":{"line":25,"column":256}},"25":{"start":{"line":25,"column":257},"end":{"line":25,"column":315}},"26":{"start":{"line":27,"column":64},"end":{"line":27,"column":133}},"27":{"start":{"line":27,"column":80},"end":{"line":27,"column":133}},"28":{"start":{"line":27,"column":134},"end":{"line":27,"column":195}},"29":{"start":{"line":27,"column":151},"end":{"line":27,"column":195}},"30":{"start":{"line":27,"column":196},"end":{"line":27,"column":215}},"31":{"start":{"line":29,"column":46},"end":{"line":29,"column":197}},"32":{"start":{"line":29,"column":64},"end":{"line":29,"column":168}},"33":{"start":{"line":29,"column":178},"end":{"line":29,"column":195}},"34":{"start":{"line":29,"column":198},"end":{"line":29,"column":209}},"35":{"start":{"line":55,"column":2},"end":{"line":1820,"column":5}},"36":{"start":{"line":147,"column":20},"end":{"line":147,"column":92}},"37":{"start":{"line":149,"column":6},"end":{"line":149,"column":38}},"38":{"start":{"line":151,"column":6},"end":{"line":151,"column":47}},"39":{"start":{"line":153,"column":6},"end":{"line":153,"column":47}},"40":{"start":{"line":155,"column":6},"end":{"line":155,"column":51}},"41":{"start":{"line":157,"column":6},"end":{"line":157,"column":50}},"42":{"start":{"line":159,"column":6},"end":{"line":159,"column":51}},"43":{"start":{"line":161,"column":6},"end":{"line":161,"column":49}},"44":{"start":{"line":163,"column":6},"end":{"line":163,"column":59}},"45":{"start":{"line":165,"column":6},"end":{"line":165,"column":47}},"46":{"start":{"line":167,"column":6},"end":{"line":167,"column":48}},"47":{"start":{"line":169,"column":6},"end":{"line":169,"column":54}},"48":{"start":{"line":171,"column":6},"end":{"line":171,"column":50}},"49":{"start":{"line":173,"column":6},"end":{"line":173,"column":51}},"50":{"start":{"line":175,"column":6},"end":{"line":175,"column":49}},"51":{"start":{"line":177,"column":6},"end":{"line":177,"column":51}},"52":{"start":{"line":179,"column":6},"end":{"line":179,"column":51}},"53":{"start":{"line":181,"column":6},"end":{"line":187,"column":7}},"54":{"start":{"line":182,"column":8},"end":{"line":182,"column":31}},"55":{"start":{"line":183,"column":13},"end":{"line":187,"column":7}},"56":{"start":{"line":184,"column":8},"end":{"line":184,"column":55}},"57":{"start":{"line":186,"column":8},"end":{"line":186,"column":84}},"58":{"start":{"line":189,"column":6},"end":{"line":189,"column":45}},"59":{"start":{"line":191,"column":6},"end":{"line":191,"column":38}},"60":{"start":{"line":193,"column":6},"end":{"line":193,"column":39}},"61":{"start":{"line":195,"column":6},"end":{"line":195,"column":43}},"62":{"start":{"line":198,"column":4},"end":{"line":1817,"column":8}},"63":{"start":{"line":201,"column":8},"end":{"line":203,"column":9}},"64":{"start":{"line":202,"column":10},"end":{"line":202,"column":19}},"65":{"start":{"line":205,"column":8},"end":{"line":228,"column":10}},"66":{"start":{"line":230,"column":8},"end":{"line":234,"column":9}},"67":{"start":{"line":231,"column":10},"end":{"line":231,"column":53}},"68":{"start":{"line":233,"column":10},"end":{"line":233,"column":45}},"69":{"start":{"line":239,"column":8},"end":{"line":241,"column":9}},"70":{"start":{"line":240,"column":10},"end":{"line":240,"column":19}},"71":{"start":{"line":243,"column":8},"end":{"line":245,"column":9}},"72":{"start":{"line":244,"column":10},"end":{"line":244,"column":72}},"73":{"start":{"line":247,"column":8},"end":{"line":249,"column":9}},"74":{"start":{"line":248,"column":10},"end":{"line":248,"column":68}},"75":{"start":{"line":251,"column":8},"end":{"line":253,"column":9}},"76":{"start":{"line":252,"column":10},"end":{"line":252,"column":66}},"77":{"start":{"line":255,"column":8},"end":{"line":257,"column":9}},"78":{"start":{"line":256,"column":10},"end":{"line":256,"column":78}},"79":{"start":{"line":259,"column":8},"end":{"line":261,"column":9}},"80":{"start":{"line":260,"column":10},"end":{"line":260,"column":72}},"81":{"start":{"line":263,"column":8},"end":{"line":265,"column":9}},"82":{"start":{"line":264,"column":10},"end":{"line":264,"column":70}},"83":{"start":{"line":267,"column":8},"end":{"line":269,"column":9}},"84":{"start":{"line":268,"column":10},"end":{"line":268,"column":72}},"85":{"start":{"line":274,"column":8},"end":{"line":292,"column":9}},"86":{"start":{"line":275,"column":30},"end":{"line":275,"column":53}},"87":{"start":{"line":277,"column":10},"end":{"line":289,"column":11}},"88":{"start":{"line":279,"column":12},"end":{"line":279,"column":60}},"89":{"start":{"line":282,"column":25},"end":{"line":282,"column":62}},"90":{"start":{"line":284,"column":12},"end":{"line":288,"column":13}},"91":{"start":{"line":285,"column":14},"end":{"line":285,"column":31}},"92":{"start":{"line":287,"column":14},"end":{"line":287,"column":36}},"93":{"start":{"line":291,"column":10},"end":{"line":291,"column":44}},"94":{"start":{"line":297,"column":8},"end":{"line":301,"column":9}},"95":{"start":{"line":297,"column":21},"end":{"line":297,"column":22}},"96":{"start":{"line":298,"column":10},"end":{"line":300,"column":11}},"97":{"start":{"line":299,"column":12},"end":{"line":299,"column":84}},"98":{"start":{"line":310,"column":24},"end":{"line":310,"column":97}},"99":{"start":{"line":313,"column":8},"end":{"line":315,"column":9}},"100":{"start":{"line":314,"column":10},"end":{"line":314,"column":60}},"101":{"start":{"line":317,"column":8},"end":{"line":319,"column":9}},"102":{"start":{"line":318,"column":10},"end":{"line":318,"column":31}},"103":{"start":{"line":321,"column":8},"end":{"line":345,"column":9}},"104":{"start":{"line":322,"column":10},"end":{"line":322,"column":32}},"105":{"start":{"line":324,"column":10},"end":{"line":324,"column":29}},"106":{"start":{"line":326,"column":10},"end":{"line":326,"column":35}},"107":{"start":{"line":328,"column":10},"end":{"line":328,"column":30}},"108":{"start":{"line":331,"column":23},"end":{"line":331,"column":70}},"109":{"start":{"line":332,"column":10},"end":{"line":332,"column":37}},"110":{"start":{"line":333,"column":10},"end":{"line":333,"column":41}},"111":{"start":{"line":334,"column":10},"end":{"line":334,"column":51}},"112":{"start":{"line":335,"column":10},"end":{"line":340,"column":16}},"113":{"start":{"line":336,"column":12},"end":{"line":336,"column":39}},"114":{"start":{"line":337,"column":12},"end":{"line":339,"column":20}},"115":{"start":{"line":338,"column":14},"end":{"line":338,"column":50}},"116":{"start":{"line":342,"column":10},"end":{"line":344,"column":13}},"117":{"start":{"line":350,"column":21},"end":{"line":350,"column":50}},"118":{"start":{"line":351,"column":8},"end":{"line":351,"column":48}},"119":{"start":{"line":352,"column":26},"end":{"line":352,"column":57}},"120":{"start":{"line":353,"column":22},"end":{"line":353,"column":50}},"121":{"start":{"line":354,"column":8},"end":{"line":354,"column":38}},"122":{"start":{"line":356,"column":8},"end":{"line":358,"column":9}},"123":{"start":{"line":357,"column":10},"end":{"line":357,"column":44}},"124":{"start":{"line":360,"column":23},"end":{"line":360,"column":53}},"125":{"start":{"line":361,"column":8},"end":{"line":361,"column":40}},"126":{"start":{"line":362,"column":8},"end":{"line":362,"column":38}},"127":{"start":{"line":363,"column":8},"end":{"line":363,"column":41}},"128":{"start":{"line":364,"column":27},"end":{"line":364,"column":55}},"129":{"start":{"line":365,"column":8},"end":{"line":365,"column":93}},"130":{"start":{"line":366,"column":8},"end":{"line":366,"column":75}},"131":{"start":{"line":368,"column":8},"end":{"line":370,"column":9}},"132":{"start":{"line":369,"column":10},"end":{"line":369,"column":49}},"133":{"start":{"line":372,"column":8},"end":{"line":372,"column":46}},"134":{"start":{"line":373,"column":26},"end":{"line":373,"column":54}},"135":{"start":{"line":374,"column":8},"end":{"line":374,"column":78}},"136":{"start":{"line":375,"column":8},"end":{"line":375,"column":74}},"137":{"start":{"line":377,"column":8},"end":{"line":379,"column":9}},"138":{"start":{"line":378,"column":10},"end":{"line":378,"column":48}},"139":{"start":{"line":381,"column":8},"end":{"line":381,"column":45}},"140":{"start":{"line":382,"column":22},"end":{"line":382,"column":50}},"141":{"start":{"line":383,"column":8},"end":{"line":383,"column":44}},"142":{"start":{"line":384,"column":8},"end":{"line":384,"column":64}},"143":{"start":{"line":385,"column":8},"end":{"line":385,"column":41}},"144":{"start":{"line":386,"column":26},"end":{"line":386,"column":54}},"145":{"start":{"line":387,"column":8},"end":{"line":387,"column":78}},"146":{"start":{"line":388,"column":8},"end":{"line":388,"column":74}},"147":{"start":{"line":390,"column":8},"end":{"line":392,"column":9}},"148":{"start":{"line":391,"column":10},"end":{"line":391,"column":48}},"149":{"start":{"line":394,"column":8},"end":{"line":394,"column":45}},"150":{"start":{"line":395,"column":27},"end":{"line":395,"column":55}},"151":{"start":{"line":396,"column":8},"end":{"line":396,"column":93}},"152":{"start":{"line":397,"column":8},"end":{"line":397,"column":75}},"153":{"start":{"line":399,"column":8},"end":{"line":401,"column":9}},"154":{"start":{"line":400,"column":10},"end":{"line":400,"column":49}},"155":{"start":{"line":403,"column":8},"end":{"line":403,"column":46}},"156":{"start":{"line":404,"column":22},"end":{"line":404,"column":50}},"157":{"start":{"line":405,"column":8},"end":{"line":405,"column":38}},"158":{"start":{"line":407,"column":8},"end":{"line":409,"column":9}},"159":{"start":{"line":408,"column":10},"end":{"line":408,"column":44}},"160":{"start":{"line":411,"column":23},"end":{"line":411,"column":53}},"161":{"start":{"line":412,"column":8},"end":{"line":412,"column":40}},"162":{"start":{"line":413,"column":8},"end":{"line":413,"column":38}},"163":{"start":{"line":414,"column":8},"end":{"line":414,"column":41}},"164":{"start":{"line":415,"column":8},"end":{"line":415,"column":40}},"165":{"start":{"line":416,"column":8},"end":{"line":416,"column":41}},"166":{"start":{"line":421,"column":24},"end":{"line":421,"column":53}},"167":{"start":{"line":422,"column":8},"end":{"line":422,"column":52}},"168":{"start":{"line":424,"column":8},"end":{"line":533,"column":9}},"169":{"start":{"line":424,"column":21},"end":{"line":424,"column":22}},"170":{"start":{"line":426,"column":25},"end":{"line":426,"column":54}},"171":{"start":{"line":427,"column":10},"end":{"line":427,"column":52}},"172":{"start":{"line":428,"column":10},"end":{"line":428,"column":50}},"173":{"start":{"line":430,"column":10},"end":{"line":432,"column":11}},"174":{"start":{"line":431,"column":12},"end":{"line":431,"column":66}},"175":{"start":{"line":434,"column":26},"end":{"line":434,"column":64}},"176":{"start":{"line":435,"column":22},"end":{"line":435,"column":53}},"177":{"start":{"line":436,"column":10},"end":{"line":436,"column":39}},"178":{"start":{"line":439,"column":22},"end":{"line":439,"column":53}},"179":{"start":{"line":440,"column":25},"end":{"line":440,"column":53}},"180":{"start":{"line":441,"column":26},"end":{"line":441,"column":54}},"181":{"start":{"line":442,"column":10},"end":{"line":442,"column":49}},"182":{"start":{"line":443,"column":10},"end":{"line":443,"column":88}},"183":{"start":{"line":444,"column":10},"end":{"line":444,"column":84}},"184":{"start":{"line":445,"column":10},"end":{"line":445,"column":42}},"185":{"start":{"line":446,"column":10},"end":{"line":446,"column":38}},"186":{"start":{"line":447,"column":26},"end":{"line":447,"column":54}},"187":{"start":{"line":449,"column":10},"end":{"line":454,"column":11}},"188":{"start":{"line":450,"column":33},"end":{"line":450,"column":61}},"189":{"start":{"line":451,"column":12},"end":{"line":451,"column":56}},"190":{"start":{"line":452,"column":12},"end":{"line":452,"column":91}},"191":{"start":{"line":453,"column":12},"end":{"line":453,"column":50}},"192":{"start":{"line":456,"column":26},"end":{"line":456,"column":125}},"193":{"start":{"line":457,"column":18},"end":{"line":457,"column":27}},"194":{"start":{"line":459,"column":10},"end":{"line":471,"column":35}},"195":{"start":{"line":460,"column":29},"end":{"line":460,"column":57}},"196":{"start":{"line":461,"column":12},"end":{"line":461,"column":51}},"197":{"start":{"line":462,"column":12},"end":{"line":462,"column":88}},"198":{"start":{"line":464,"column":12},"end":{"line":466,"column":13}},"199":{"start":{"line":465,"column":14},"end":{"line":465,"column":49}},"200":{"start":{"line":468,"column":12},"end":{"line":468,"column":46}},"201":{"start":{"line":469,"column":12},"end":{"line":469,"column":16}},"202":{"start":{"line":470,"column":12},"end":{"line":470,"column":30}},"203":{"start":{"line":470,"column":24},"end":{"line":470,"column":30}},"204":{"start":{"line":473,"column":10},"end":{"line":473,"column":39}},"205":{"start":{"line":474,"column":10},"end":{"line":474,"column":35}},"206":{"start":{"line":477,"column":28},"end":{"line":477,"column":57}},"207":{"start":{"line":478,"column":25},"end":{"line":478,"column":67}},"208":{"start":{"line":480,"column":10},"end":{"line":482,"column":11}},"209":{"start":{"line":481,"column":12},"end":{"line":481,"column":59}},"210":{"start":{"line":484,"column":10},"end":{"line":529,"column":11}},"211":{"start":{"line":485,"column":22},"end":{"line":485,"column":50}},"212":{"start":{"line":487,"column":12},"end":{"line":495,"column":13}},"213":{"start":{"line":488,"column":35},"end":{"line":488,"column":63}},"214":{"start":{"line":489,"column":36},"end":{"line":489,"column":67}},"215":{"start":{"line":491,"column":14},"end":{"line":491,"column":81}},"216":{"start":{"line":492,"column":14},"end":{"line":492,"column":58}},"217":{"start":{"line":493,"column":14},"end":{"line":493,"column":90}},"218":{"start":{"line":494,"column":14},"end":{"line":494,"column":46}},"219":{"start":{"line":497,"column":12},"end":{"line":526,"column":56}},"220":{"start":{"line":498,"column":25},"end":{"line":498,"column":53}},"221":{"start":{"line":499,"column":14},"end":{"line":499,"column":40}},"222":{"start":{"line":501,"column":14},"end":{"line":503,"column":15}},"223":{"start":{"line":502,"column":16},"end":{"line":502,"column":45}},"224":{"start":{"line":505,"column":14},"end":{"line":522,"column":15}},"225":{"start":{"line":506,"column":16},"end":{"line":506,"column":42}},"226":{"start":{"line":507,"column":21},"end":{"line":522,"column":15}},"227":{"start":{"line":508,"column":16},"end":{"line":508,"column":42}},"228":{"start":{"line":510,"column":16},"end":{"line":512,"column":17}},"229":{"start":{"line":511,"column":18},"end":{"line":511,"column":49}},"230":{"start":{"line":514,"column":34},"end":{"line":514,"column":63}},"231":{"start":{"line":515,"column":16},"end":{"line":515,"column":57}},"232":{"start":{"line":516,"column":16},"end":{"line":516,"column":75}},"233":{"start":{"line":517,"column":16},"end":{"line":517,"column":46}},"234":{"start":{"line":519,"column":16},"end":{"line":521,"column":17}},"235":{"start":{"line":520,"column":18},"end":{"line":520,"column":75}},"236":{"start":{"line":524,"column":14},"end":{"line":524,"column":36}},"237":{"start":{"line":525,"column":14},"end":{"line":525,"column":61}},"238":{"start":{"line":528,"column":12},"end":{"line":528,"column":35}},"239":{"start":{"line":531,"column":10},"end":{"line":531,"column":38}},"240":{"start":{"line":532,"column":10},"end":{"line":532,"column":42}},"241":{"start":{"line":535,"column":8},"end":{"line":535,"column":44}},"242":{"start":{"line":540,"column":24},"end":{"line":540,"column":53}},"243":{"start":{"line":541,"column":8},"end":{"line":541,"column":62}},"244":{"start":{"line":542,"column":8},"end":{"line":542,"column":62}},"245":{"start":{"line":543,"column":22},"end":{"line":543,"column":51}},"246":{"start":{"line":544,"column":8},"end":{"line":544,"column":50}},"247":{"start":{"line":546,"column":8},"end":{"line":563,"column":9}},"248":{"start":{"line":547,"column":10},"end":{"line":551,"column":11}},"249":{"start":{"line":548,"column":12},"end":{"line":548,"column":61}},"250":{"start":{"line":549,"column":17},"end":{"line":551,"column":11}},"251":{"start":{"line":550,"column":12},"end":{"line":550,"column":62}},"252":{"start":{"line":553,"column":24},"end":{"line":553,"column":53}},"253":{"start":{"line":554,"column":10},"end":{"line":554,"column":52}},"254":{"start":{"line":556,"column":10},"end":{"line":560,"column":11}},"255":{"start":{"line":556,"column":23},"end":{"line":556,"column":24}},"256":{"start":{"line":557,"column":25},"end":{"line":557,"column":54}},"257":{"start":{"line":558,"column":12},"end":{"line":558,"column":53}},"258":{"start":{"line":559,"column":12},"end":{"line":559,"column":40}},"259":{"start":{"line":562,"column":10},"end":{"line":562,"column":39}},"260":{"start":{"line":565,"column":8},"end":{"line":565,"column":39}},"261":{"start":{"line":566,"column":8},"end":{"line":566,"column":44}},"262":{"start":{"line":571,"column":20},"end":{"line":571,"column":24}},"263":{"start":{"line":573,"column":8},"end":{"line":609,"column":9}},"264":{"start":{"line":574,"column":10},"end":{"line":608,"column":13}},"265":{"start":{"line":575,"column":26},"end":{"line":575,"column":57}},"266":{"start":{"line":576,"column":28},"end":{"line":576,"column":73}},"267":{"start":{"line":577,"column":27},"end":{"line":577,"column":76}},"268":{"start":{"line":579,"column":12},"end":{"line":607,"column":13}},"269":{"start":{"line":580,"column":30},"end":{"line":580,"column":32}},"270":{"start":{"line":582,"column":14},"end":{"line":586,"column":15}},"271":{"start":{"line":582,"column":27},"end":{"line":582,"column":28}},"272":{"start":{"line":583,"column":16},"end":{"line":585,"column":17}},"273":{"start":{"line":584,"column":18},"end":{"line":584,"column":55}},"274":{"start":{"line":588,"column":14},"end":{"line":606,"column":15}},"275":{"start":{"line":589,"column":16},"end":{"line":605,"column":19}},"276":{"start":{"line":590,"column":36},"end":{"line":590,"column":105}},"277":{"start":{"line":591,"column":33},"end":{"line":591,"column":102}},"278":{"start":{"line":592,"column":32},"end":{"line":592,"column":34}},"279":{"start":{"line":594,"column":18},"end":{"line":604,"column":19}},"280":{"start":{"line":595,"column":20},"end":{"line":599,"column":21}},"281":{"start":{"line":595,"column":33},"end":{"line":595,"column":34}},"282":{"start":{"line":596,"column":22},"end":{"line":598,"column":23}},"283":{"start":{"line":597,"column":24},"end":{"line":597,"column":51}},"284":{"start":{"line":601,"column":20},"end":{"line":603,"column":21}},"285":{"start":{"line":602,"column":22},"end":{"line":602,"column":76}},"286":{"start":{"line":614,"column":21},"end":{"line":614,"column":38}},"287":{"start":{"line":616,"column":8},"end":{"line":696,"column":9}},"288":{"start":{"line":618,"column":25},"end":{"line":618,"column":26}},"289":{"start":{"line":620,"column":12},"end":{"line":626,"column":13}},"290":{"start":{"line":621,"column":14},"end":{"line":621,"column":25}},"291":{"start":{"line":622,"column":19},"end":{"line":626,"column":13}},"292":{"start":{"line":623,"column":14},"end":{"line":623,"column":25}},"293":{"start":{"line":625,"column":14},"end":{"line":625,"column":64}},"294":{"start":{"line":628,"column":12},"end":{"line":640,"column":13}},"295":{"start":{"line":629,"column":30},"end":{"line":629,"column":32}},"296":{"start":{"line":631,"column":14},"end":{"line":637,"column":15}},"297":{"start":{"line":631,"column":27},"end":{"line":631,"column":28}},"298":{"start":{"line":632,"column":16},"end":{"line":634,"column":17}},"299":{"start":{"line":633,"column":18},"end":{"line":633,"column":35}},"300":{"start":{"line":636,"column":16},"end":{"line":636,"column":101}},"301":{"start":{"line":639,"column":14},"end":{"line":639,"column":49}},"302":{"start":{"line":642,"column":12},"end":{"line":642,"column":18}},"303":{"start":{"line":645,"column":12},"end":{"line":645,"column":75}},"304":{"start":{"line":646,"column":30},"end":{"line":646,"column":51}},"305":{"start":{"line":648,"column":12},"end":{"line":686,"column":13}},"306":{"start":{"line":649,"column":14},"end":{"line":649,"column":48}},"307":{"start":{"line":651,"column":14},"end":{"line":666,"column":15}},"308":{"start":{"line":652,"column":16},"end":{"line":652,"column":49}},"309":{"start":{"line":654,"column":33},"end":{"line":654,"column":46}},"310":{"start":{"line":656,"column":16},"end":{"line":661,"column":17}},"311":{"start":{"line":656,"column":29},"end":{"line":656,"column":46}},"312":{"start":{"line":657,"column":18},"end":{"line":660,"column":19}},"313":{"start":{"line":658,"column":20},"end":{"line":658,"column":49}},"314":{"start":{"line":659,"column":20},"end":{"line":659,"column":26}},"315":{"start":{"line":663,"column":16},"end":{"line":663,"column":218}},"316":{"start":{"line":664,"column":21},"end":{"line":666,"column":15}},"317":{"start":{"line":665,"column":16},"end":{"line":665,"column":51}},"318":{"start":{"line":667,"column":19},"end":{"line":686,"column":13}},"319":{"start":{"line":668,"column":14},"end":{"line":668,"column":46}},"320":{"start":{"line":670,"column":14},"end":{"line":685,"column":15}},"321":{"start":{"line":671,"column":16},"end":{"line":671,"column":49}},"322":{"start":{"line":673,"column":33},"end":{"line":673,"column":46}},"323":{"start":{"line":675,"column":16},"end":{"line":680,"column":17}},"324":{"start":{"line":675,"column":29},"end":{"line":675,"column":46}},"325":{"start":{"line":676,"column":18},"end":{"line":679,"column":19}},"326":{"start":{"line":677,"column":20},"end":{"line":677,"column":49}},"327":{"start":{"line":678,"column":20},"end":{"line":678,"column":26}},"328":{"start":{"line":682,"column":16},"end":{"line":682,"column":218}},"329":{"start":{"line":683,"column":21},"end":{"line":685,"column":15}},"330":{"start":{"line":684,"column":16},"end":{"line":684,"column":52}},"331":{"start":{"line":688,"column":12},"end":{"line":688,"column":18}},"332":{"start":{"line":691,"column":12},"end":{"line":693,"column":13}},"333":{"start":{"line":692,"column":14},"end":{"line":692,"column":89}},"334":{"start":{"line":695,"column":12},"end":{"line":695,"column":18}},"335":{"start":{"line":701,"column":21},"end":{"line":701,"column":25}},"336":{"start":{"line":703,"column":8},"end":{"line":744,"column":9}},"337":{"start":{"line":705,"column":10},"end":{"line":711,"column":13}},"338":{"start":{"line":706,"column":12},"end":{"line":710,"column":15}},"339":{"start":{"line":707,"column":14},"end":{"line":709,"column":15}},"340":{"start":{"line":708,"column":16},"end":{"line":708,"column":70}},"341":{"start":{"line":712,"column":10},"end":{"line":727,"column":13}},"342":{"start":{"line":713,"column":12},"end":{"line":726,"column":13}},"343":{"start":{"line":714,"column":27},"end":{"line":714,"column":76}},"344":{"start":{"line":716,"column":14},"end":{"line":716,"column":59}},"345":{"start":{"line":717,"column":14},"end":{"line":717,"column":47}},"346":{"start":{"line":718,"column":14},"end":{"line":725,"column":22}},"347":{"start":{"line":719,"column":16},"end":{"line":719,"column":51}},"348":{"start":{"line":720,"column":16},"end":{"line":720,"column":45}},"349":{"start":{"line":721,"column":16},"end":{"line":721,"column":46}},"350":{"start":{"line":722,"column":16},"end":{"line":724,"column":23}},"351":{"start":{"line":723,"column":18},"end":{"line":723,"column":63}},"352":{"start":{"line":728,"column":10},"end":{"line":743,"column":13}},"353":{"start":{"line":729,"column":12},"end":{"line":742,"column":13}},"354":{"start":{"line":730,"column":27},"end":{"line":730,"column":76}},"355":{"start":{"line":732,"column":14},"end":{"line":732,"column":59}},"356":{"start":{"line":733,"column":14},"end":{"line":733,"column":48}},"357":{"start":{"line":734,"column":14},"end":{"line":741,"column":22}},"358":{"start":{"line":735,"column":16},"end":{"line":735,"column":51}},"359":{"start":{"line":736,"column":16},"end":{"line":736,"column":45}},"360":{"start":{"line":737,"column":16},"end":{"line":737,"column":46}},"361":{"start":{"line":738,"column":16},"end":{"line":740,"column":23}},"362":{"start":{"line":739,"column":18},"end":{"line":739,"column":63}},"363":{"start":{"line":746,"column":20},"end":{"line":746,"column":92}},"364":{"start":{"line":747,"column":8},"end":{"line":860,"column":11}},"365":{"start":{"line":749,"column":10},"end":{"line":759,"column":13}},"366":{"start":{"line":750,"column":12},"end":{"line":750,"column":32}},"367":{"start":{"line":752,"column":23},"end":{"line":752,"column":55}},"368":{"start":{"line":754,"column":12},"end":{"line":758,"column":15}},"369":{"start":{"line":762,"column":10},"end":{"line":778,"column":13}},"370":{"start":{"line":763,"column":12},"end":{"line":769,"column":13}},"371":{"start":{"line":764,"column":14},"end":{"line":764,"column":33}},"372":{"start":{"line":766,"column":14},"end":{"line":768,"column":15}},"373":{"start":{"line":767,"column":16},"end":{"line":767,"column":57}},"374":{"start":{"line":771,"column":23},"end":{"line":771,"column":55}},"375":{"start":{"line":773,"column":12},"end":{"line":777,"column":15}},"376":{"start":{"line":781,"column":10},"end":{"line":836,"column":11}},"377":{"start":{"line":782,"column":12},"end":{"line":793,"column":15}},"378":{"start":{"line":783,"column":14},"end":{"line":792,"column":15}},"379":{"start":{"line":784,"column":34},"end":{"line":784,"column":66}},"380":{"start":{"line":786,"column":16},"end":{"line":791,"column":17}},"381":{"start":{"line":787,"column":18},"end":{"line":787,"column":43}},"382":{"start":{"line":788,"column":18},"end":{"line":788,"column":70}},"383":{"start":{"line":790,"column":18},"end":{"line":790,"column":41}},"384":{"start":{"line":794,"column":12},"end":{"line":835,"column":15}},"385":{"start":{"line":795,"column":14},"end":{"line":834,"column":15}},"386":{"start":{"line":796,"column":34},"end":{"line":796,"column":66}},"387":{"start":{"line":798,"column":16},"end":{"line":826,"column":17}},"388":{"start":{"line":799,"column":32},"end":{"line":799,"column":70}},"389":{"start":{"line":801,"column":18},"end":{"line":823,"column":19}},"390":{"start":{"line":802,"column":35},"end":{"line":802,"column":109}},"391":{"start":{"line":804,"column":20},"end":{"line":811,"column":21}},"392":{"start":{"line":805,"column":22},"end":{"line":807,"column":23}},"393":{"start":{"line":806,"column":24},"end":{"line":806,"column":30}},"394":{"start":{"line":809,"column":22},"end":{"line":809,"column":61}},"395":{"start":{"line":810,"column":22},"end":{"line":810,"column":63}},"396":{"start":{"line":813,"column":35},"end":{"line":813,"column":109}},"397":{"start":{"line":815,"column":20},"end":{"line":822,"column":21}},"398":{"start":{"line":816,"column":22},"end":{"line":818,"column":23}},"399":{"start":{"line":817,"column":24},"end":{"line":817,"column":30}},"400":{"start":{"line":820,"column":22},"end":{"line":820,"column":61}},"401":{"start":{"line":821,"column":22},"end":{"line":821,"column":63}},"402":{"start":{"line":825,"column":18},"end":{"line":825,"column":40}},"403":{"start":{"line":828,"column":31},"end":{"line":828,"column":47}},"404":{"start":{"line":829,"column":16},"end":{"line":829,"column":47}},"405":{"start":{"line":831,"column":16},"end":{"line":833,"column":17}},"406":{"start":{"line":832,"column":18},"end":{"line":832,"column":41}},"407":{"start":{"line":840,"column":10},"end":{"line":850,"column":13}},"408":{"start":{"line":841,"column":12},"end":{"line":849,"column":13}},"409":{"start":{"line":842,"column":25},"end":{"line":842,"column":57}},"410":{"start":{"line":844,"column":14},"end":{"line":848,"column":17}},"411":{"start":{"line":851,"column":10},"end":{"line":859,"column":13}},"412":{"start":{"line":852,"column":23},"end":{"line":852,"column":55}},"413":{"start":{"line":854,"column":12},"end":{"line":858,"column":15}},"414":{"start":{"line":862,"column":8},"end":{"line":880,"column":9}},"415":{"start":{"line":864,"column":10},"end":{"line":879,"column":13}},"416":{"start":{"line":865,"column":12},"end":{"line":878,"column":13}},"417":{"start":{"line":866,"column":14},"end":{"line":866,"column":40}},"418":{"start":{"line":868,"column":14},"end":{"line":868,"column":37}},"419":{"start":{"line":870,"column":28},"end":{"line":870,"column":105}},"420":{"start":{"line":871,"column":28},"end":{"line":871,"column":105}},"421":{"start":{"line":873,"column":14},"end":{"line":877,"column":17}},"422":{"start":{"line":884,"column":8},"end":{"line":887,"column":9}},"423":{"start":{"line":885,"column":10},"end":{"line":885,"column":50}},"424":{"start":{"line":886,"column":10},"end":{"line":886,"column":42}},"425":{"start":{"line":889,"column":8},"end":{"line":916,"column":16}},"426":{"start":{"line":890,"column":10},"end":{"line":892,"column":11}},"427":{"start":{"line":891,"column":12},"end":{"line":891,"column":19}},"428":{"start":{"line":894,"column":29},"end":{"line":894,"column":55}},"429":{"start":{"line":895,"column":26},"end":{"line":895,"column":81}},"430":{"start":{"line":896,"column":10},"end":{"line":896,"column":32}},"431":{"start":{"line":898,"column":10},"end":{"line":908,"column":11}},"432":{"start":{"line":899,"column":12},"end":{"line":899,"column":31}},"433":{"start":{"line":900,"column":17},"end":{"line":908,"column":11}},"434":{"start":{"line":901,"column":12},"end":{"line":901,"column":31}},"435":{"start":{"line":902,"column":17},"end":{"line":908,"column":11}},"436":{"start":{"line":903,"column":12},"end":{"line":903,"column":31}},"437":{"start":{"line":904,"column":17},"end":{"line":908,"column":11}},"438":{"start":{"line":905,"column":12},"end":{"line":905,"column":31}},"439":{"start":{"line":907,"column":12},"end":{"line":907,"column":32}},"440":{"start":{"line":910,"column":10},"end":{"line":915,"column":13}},"441":{"start":{"line":911,"column":12},"end":{"line":914,"column":13}},"442":{"start":{"line":912,"column":14},"end":{"line":912,"column":93}},"443":{"start":{"line":913,"column":14},"end":{"line":913,"column":67}},"444":{"start":{"line":921,"column":21},"end":{"line":921,"column":25}},"445":{"start":{"line":923,"column":8},"end":{"line":925,"column":11}},"446":{"start":{"line":924,"column":10},"end":{"line":924,"column":47}},"447":{"start":{"line":926,"column":8},"end":{"line":928,"column":11}},"448":{"start":{"line":927,"column":10},"end":{"line":927,"column":53}},"449":{"start":{"line":929,"column":8},"end":{"line":931,"column":11}},"450":{"start":{"line":930,"column":10},"end":{"line":930,"column":51}},"451":{"start":{"line":933,"column":8},"end":{"line":957,"column":9}},"452":{"start":{"line":934,"column":24},"end":{"line":934,"column":93}},"453":{"start":{"line":935,"column":24},"end":{"line":935,"column":93}},"454":{"start":{"line":936,"column":10},"end":{"line":956,"column":13}},"455":{"start":{"line":937,"column":26},"end":{"line":937,"column":57}},"456":{"start":{"line":939,"column":12},"end":{"line":955,"column":13}},"457":{"start":{"line":940,"column":14},"end":{"line":954,"column":17}},"458":{"start":{"line":941,"column":27},"end":{"line":941,"column":47}},"459":{"start":{"line":943,"column":16},"end":{"line":953,"column":17}},"460":{"start":{"line":944,"column":18},"end":{"line":944,"column":45}},"461":{"start":{"line":946,"column":18},"end":{"line":948,"column":19}},"462":{"start":{"line":947,"column":20},"end":{"line":947,"column":53}},"463":{"start":{"line":950,"column":18},"end":{"line":952,"column":19}},"464":{"start":{"line":951,"column":20},"end":{"line":951,"column":51}},"465":{"start":{"line":962,"column":18},"end":{"line":962,"column":19}},"466":{"start":{"line":963,"column":19},"end":{"line":963,"column":20}},"467":{"start":{"line":965,"column":8},"end":{"line":969,"column":26}},"468":{"start":{"line":966,"column":10},"end":{"line":966,"column":40}},"469":{"start":{"line":967,"column":10},"end":{"line":967,"column":42}},"470":{"start":{"line":968,"column":10},"end":{"line":968,"column":41}},"471":{"start":{"line":971,"column":8},"end":{"line":974,"column":10}},"472":{"start":{"line":979,"column":26},"end":{"line":979,"column":74}},"473":{"start":{"line":981,"column":8},"end":{"line":991,"column":9}},"474":{"start":{"line":982,"column":10},"end":{"line":982,"column":45}},"475":{"start":{"line":984,"column":10},"end":{"line":986,"column":11}},"476":{"start":{"line":985,"column":12},"end":{"line":985,"column":60}},"477":{"start":{"line":988,"column":10},"end":{"line":988,"column":54}},"478":{"start":{"line":989,"column":10},"end":{"line":989,"column":61}},"479":{"start":{"line":990,"column":10},"end":{"line":990,"column":49}},"480":{"start":{"line":993,"column":19},"end":{"line":993,"column":37}},"481":{"start":{"line":995,"column":21},"end":{"line":995,"column":41}},"482":{"start":{"line":997,"column":8},"end":{"line":1012,"column":9}},"483":{"start":{"line":997,"column":21},"end":{"line":997,"column":22}},"484":{"start":{"line":998,"column":26},"end":{"line":998,"column":55}},"485":{"start":{"line":999,"column":10},"end":{"line":999,"column":42}},"486":{"start":{"line":1000,"column":10},"end":{"line":1000,"column":76}},"487":{"start":{"line":1001,"column":33},"end":{"line":1001,"column":62}},"488":{"start":{"line":1002,"column":10},"end":{"line":1002,"column":52}},"489":{"start":{"line":1003,"column":10},"end":{"line":1003,"column":56}},"490":{"start":{"line":1004,"column":10},"end":{"line":1004,"column":50}},"491":{"start":{"line":1005,"column":21},"end":{"line":1005,"column":51}},"492":{"start":{"line":1006,"column":10},"end":{"line":1006,"column":38}},"493":{"start":{"line":1007,"column":10},"end":{"line":1007,"column":38}},"494":{"start":{"line":1009,"column":10},"end":{"line":1009,"column":92}},"495":{"start":{"line":1011,"column":10},"end":{"line":1011,"column":45}},"496":{"start":{"line":1014,"column":8},"end":{"line":1025,"column":9}},"497":{"start":{"line":1015,"column":25},"end":{"line":1015,"column":54}},"498":{"start":{"line":1017,"column":10},"end":{"line":1017,"column":61}},"499":{"start":{"line":1018,"column":10},"end":{"line":1018,"column":59}},"500":{"start":{"line":1019,"column":10},"end":{"line":1019,"column":46}},"501":{"start":{"line":1020,"column":10},"end":{"line":1024,"column":13}},"502":{"start":{"line":1021,"column":12},"end":{"line":1021,"column":47}},"503":{"start":{"line":1030,"column":22},"end":{"line":1030,"column":51}},"504":{"start":{"line":1031,"column":8},"end":{"line":1031,"column":41}},"505":{"start":{"line":1033,"column":8},"end":{"line":1062,"column":9}},"506":{"start":{"line":1033,"column":21},"end":{"line":1033,"column":22}},"507":{"start":{"line":1034,"column":10},"end":{"line":1036,"column":11}},"508":{"start":{"line":1035,"column":12},"end":{"line":1035,"column":21}},"509":{"start":{"line":1038,"column":25},"end":{"line":1038,"column":54}},"510":{"start":{"line":1039,"column":10},"end":{"line":1039,"column":41}},"511":{"start":{"line":1040,"column":32},"end":{"line":1040,"column":61}},"512":{"start":{"line":1041,"column":10},"end":{"line":1041,"column":51}},"513":{"start":{"line":1042,"column":10},"end":{"line":1042,"column":54}},"514":{"start":{"line":1043,"column":10},"end":{"line":1043,"column":48}},"515":{"start":{"line":1045,"column":10},"end":{"line":1051,"column":11}},"516":{"start":{"line":1046,"column":12},"end":{"line":1050,"column":18}},"517":{"start":{"line":1047,"column":14},"end":{"line":1049,"column":17}},"518":{"start":{"line":1048,"column":16},"end":{"line":1048,"column":40}},"519":{"start":{"line":1053,"column":21},"end":{"line":1053,"column":51}},"520":{"start":{"line":1054,"column":10},"end":{"line":1054,"column":38}},"521":{"start":{"line":1055,"column":10},"end":{"line":1055,"column":37}},"522":{"start":{"line":1057,"column":10},"end":{"line":1059,"column":11}},"523":{"start":{"line":1058,"column":12},"end":{"line":1058,"column":72}},"524":{"start":{"line":1061,"column":10},"end":{"line":1061,"column":40}},"525":{"start":{"line":1064,"column":8},"end":{"line":1066,"column":9}},"526":{"start":{"line":1065,"column":10},"end":{"line":1065,"column":38}},"527":{"start":{"line":1071,"column":18},"end":{"line":1071,"column":72}},"528":{"start":{"line":1072,"column":20},"end":{"line":1072,"column":67}},"529":{"start":{"line":1073,"column":19},"end":{"line":1073,"column":41}},"530":{"start":{"line":1074,"column":8},"end":{"line":1074,"column":42}},"531":{"start":{"line":1079,"column":20},"end":{"line":1079,"column":40}},"532":{"start":{"line":1080,"column":8},"end":{"line":1080,"column":30}},"533":{"start":{"line":1082,"column":8},"end":{"line":1084,"column":9}},"534":{"start":{"line":1083,"column":10},"end":{"line":1083,"column":35}},"535":{"start":{"line":1086,"column":8},"end":{"line":1086,"column":42}},"536":{"start":{"line":1087,"column":8},"end":{"line":1087,"column":21}},"537":{"start":{"line":1092,"column":8},"end":{"line":1094,"column":9}},"538":{"start":{"line":1093,"column":10},"end":{"line":1093,"column":22}},"539":{"start":{"line":1096,"column":8},"end":{"line":1102,"column":9}},"540":{"start":{"line":1097,"column":10},"end":{"line":1101,"column":11}},"541":{"start":{"line":1097,"column":23},"end":{"line":1097,"column":24}},"542":{"start":{"line":1098,"column":12},"end":{"line":1100,"column":13}},"543":{"start":{"line":1099,"column":14},"end":{"line":1099,"column":26}},"544":{"start":{"line":1104,"column":8},"end":{"line":1110,"column":9}},"545":{"start":{"line":1105,"column":10},"end":{"line":1109,"column":11}},"546":{"start":{"line":1105,"column":23},"end":{"line":1105,"column":24}},"547":{"start":{"line":1106,"column":12},"end":{"line":1108,"column":13}},"548":{"start":{"line":1107,"column":14},"end":{"line":1107,"column":26}},"549":{"start":{"line":1112,"column":8},"end":{"line":1112,"column":21}},"550":{"start":{"line":1117,"column":8},"end":{"line":1123,"column":9}},"551":{"start":{"line":1118,"column":10},"end":{"line":1122,"column":11}},"552":{"start":{"line":1118,"column":23},"end":{"line":1118,"column":24}},"553":{"start":{"line":1119,"column":12},"end":{"line":1121,"column":13}},"554":{"start":{"line":1120,"column":14},"end":{"line":1120,"column":26}},"555":{"start":{"line":1125,"column":8},"end":{"line":1125,"column":21}},"556":{"start":{"line":1137,"column":26},"end":{"line":1137,"column":50}},"557":{"start":{"line":1138,"column":8},"end":{"line":1138,"column":41}},"558":{"start":{"line":1140,"column":8},"end":{"line":1140,"column":88}},"559":{"start":{"line":1142,"column":20},"end":{"line":1142,"column":61}},"560":{"start":{"line":1144,"column":8},"end":{"line":1144,"column":121}},"561":{"start":{"line":1155,"column":8},"end":{"line":1155,"column":110}},"562":{"start":{"line":1167,"column":21},"end":{"line":1167,"column":23}},"563":{"start":{"line":1169,"column":8},"end":{"line":1175,"column":9}},"564":{"start":{"line":1170,"column":10},"end":{"line":1174,"column":11}},"565":{"start":{"line":1170,"column":23},"end":{"line":1170,"column":24}},"566":{"start":{"line":1171,"column":12},"end":{"line":1173,"column":13}},"567":{"start":{"line":1172,"column":14},"end":{"line":1172,"column":47}},"568":{"start":{"line":1177,"column":8},"end":{"line":1177,"column":22}},"569":{"start":{"line":1186,"column":8},"end":{"line":1186,"column":38}},"570":{"start":{"line":1197,"column":21},"end":{"line":1197,"column":25}},"571":{"start":{"line":1199,"column":25},"end":{"line":1199,"column":39}},"572":{"start":{"line":1201,"column":8},"end":{"line":1232,"column":9}},"573":{"start":{"line":1202,"column":10},"end":{"line":1202,"column":46}},"574":{"start":{"line":1204,"column":10},"end":{"line":1206,"column":11}},"575":{"start":{"line":1205,"column":12},"end":{"line":1205,"column":62}},"576":{"start":{"line":1208,"column":10},"end":{"line":1210,"column":11}},"577":{"start":{"line":1209,"column":12},"end":{"line":1209,"column":33}},"578":{"start":{"line":1212,"column":28},"end":{"line":1215,"column":12}},"579":{"start":{"line":1217,"column":10},"end":{"line":1231,"column":11}},"580":{"start":{"line":1218,"column":12},"end":{"line":1218,"column":30}},"581":{"start":{"line":1220,"column":12},"end":{"line":1226,"column":15}},"582":{"start":{"line":1221,"column":14},"end":{"line":1221,"column":46}},"583":{"start":{"line":1223,"column":14},"end":{"line":1223,"column":51}},"584":{"start":{"line":1225,"column":14},"end":{"line":1225,"column":35}},"585":{"start":{"line":1228,"column":12},"end":{"line":1230,"column":13}},"586":{"start":{"line":1229,"column":14},"end":{"line":1229,"column":28}},"587":{"start":{"line":1241,"column":8},"end":{"line":1241,"column":36}},"588":{"start":{"line":1253,"column":31},"end":{"line":1253,"column":104}},"589":{"start":{"line":1255,"column":8},"end":{"line":1261,"column":9}},"590":{"start":{"line":1256,"column":10},"end":{"line":1256,"column":38}},"591":{"start":{"line":1258,"column":10},"end":{"line":1260,"column":11}},"592":{"start":{"line":1259,"column":12},"end":{"line":1259,"column":26}},"593":{"start":{"line":1270,"column":8},"end":{"line":1270,"column":36}},"594":{"start":{"line":1282,"column":31},"end":{"line":1282,"column":104}},"595":{"start":{"line":1284,"column":8},"end":{"line":1290,"column":9}},"596":{"start":{"line":1285,"column":10},"end":{"line":1285,"column":38}},"597":{"start":{"line":1287,"column":10},"end":{"line":1289,"column":11}},"598":{"start":{"line":1288,"column":12},"end":{"line":1288,"column":26}},"599":{"start":{"line":1299,"column":8},"end":{"line":1299,"column":34}},"600":{"start":{"line":1311,"column":31},"end":{"line":1311,"column":104}},"601":{"start":{"line":1312,"column":8},"end":{"line":1312,"column":112}},"602":{"start":{"line":1314,"column":8},"end":{"line":1316,"column":9}},"603":{"start":{"line":1315,"column":10},"end":{"line":1315,"column":24}},"604":{"start":{"line":1325,"column":8},"end":{"line":1325,"column":41}},"605":{"start":{"line":1336,"column":8},"end":{"line":1336,"column":49}},"606":{"start":{"line":1345,"column":8},"end":{"line":1345,"column":46}},"607":{"start":{"line":1357,"column":31},"end":{"line":1357,"column":104}},"608":{"start":{"line":1358,"column":8},"end":{"line":1358,"column":59}},"609":{"start":{"line":1360,"column":8},"end":{"line":1362,"column":9}},"610":{"start":{"line":1361,"column":10},"end":{"line":1361,"column":24}},"611":{"start":{"line":1371,"column":8},"end":{"line":1371,"column":42}},"612":{"start":{"line":1383,"column":31},"end":{"line":1383,"column":104}},"613":{"start":{"line":1384,"column":8},"end":{"line":1384,"column":51}},"614":{"start":{"line":1386,"column":8},"end":{"line":1388,"column":9}},"615":{"start":{"line":1387,"column":10},"end":{"line":1387,"column":24}},"616":{"start":{"line":1397,"column":8},"end":{"line":1397,"column":54}},"617":{"start":{"line":1409,"column":31},"end":{"line":1409,"column":104}},"618":{"start":{"line":1410,"column":8},"end":{"line":1410,"column":75}},"619":{"start":{"line":1412,"column":8},"end":{"line":1414,"column":9}},"620":{"start":{"line":1413,"column":10},"end":{"line":1413,"column":24}},"621":{"start":{"line":1423,"column":8},"end":{"line":1423,"column":42}},"622":{"start":{"line":1436,"column":31},"end":{"line":1436,"column":104}},"623":{"start":{"line":1437,"column":8},"end":{"line":1437,"column":51}},"624":{"start":{"line":1439,"column":8},"end":{"line":1441,"column":9}},"625":{"start":{"line":1440,"column":10},"end":{"line":1440,"column":24}},"626":{"start":{"line":1450,"column":8},"end":{"line":1450,"column":49}},"627":{"start":{"line":1462,"column":31},"end":{"line":1462,"column":104}},"628":{"start":{"line":1463,"column":8},"end":{"line":1463,"column":65}},"629":{"start":{"line":1465,"column":8},"end":{"line":1467,"column":9}},"630":{"start":{"line":1466,"column":10},"end":{"line":1466,"column":24}},"631":{"start":{"line":1476,"column":8},"end":{"line":1476,"column":41}},"632":{"start":{"line":1488,"column":31},"end":{"line":1488,"column":104}},"633":{"start":{"line":1489,"column":8},"end":{"line":1489,"column":86}},"634":{"start":{"line":1491,"column":8},"end":{"line":1493,"column":9}},"635":{"start":{"line":1492,"column":10},"end":{"line":1492,"column":24}},"636":{"start":{"line":1502,"column":8},"end":{"line":1502,"column":45}},"637":{"start":{"line":1514,"column":31},"end":{"line":1514,"column":104}},"638":{"start":{"line":1515,"column":8},"end":{"line":1515,"column":98}},"639":{"start":{"line":1517,"column":8},"end":{"line":1519,"column":9}},"640":{"start":{"line":1518,"column":10},"end":{"line":1518,"column":24}},"641":{"start":{"line":1528,"column":8},"end":{"line":1528,"column":43}},"642":{"start":{"line":1540,"column":31},"end":{"line":1540,"column":104}},"643":{"start":{"line":1541,"column":8},"end":{"line":1541,"column":92}},"644":{"start":{"line":1543,"column":8},"end":{"line":1545,"column":9}},"645":{"start":{"line":1544,"column":10},"end":{"line":1544,"column":24}},"646":{"start":{"line":1554,"column":8},"end":{"line":1554,"column":45}},"647":{"start":{"line":1567,"column":31},"end":{"line":1567,"column":104}},"648":{"start":{"line":1568,"column":8},"end":{"line":1568,"column":57}},"649":{"start":{"line":1570,"column":8},"end":{"line":1572,"column":9}},"650":{"start":{"line":1571,"column":10},"end":{"line":1571,"column":24}},"651":{"start":{"line":1581,"column":8},"end":{"line":1581,"column":46}},"652":{"start":{"line":1594,"column":31},"end":{"line":1594,"column":104}},"653":{"start":{"line":1595,"column":8},"end":{"line":1595,"column":59}},"654":{"start":{"line":1597,"column":8},"end":{"line":1599,"column":9}},"655":{"start":{"line":1598,"column":10},"end":{"line":1598,"column":24}},"656":{"start":{"line":1608,"column":8},"end":{"line":1608,"column":45}},"657":{"start":{"line":1620,"column":31},"end":{"line":1620,"column":104}},"658":{"start":{"line":1621,"column":8},"end":{"line":1621,"column":98}},"659":{"start":{"line":1623,"column":8},"end":{"line":1625,"column":9}},"660":{"start":{"line":1624,"column":10},"end":{"line":1624,"column":24}},"661":{"start":{"line":1634,"column":8},"end":{"line":1634,"column":46}},"662":{"start":{"line":1646,"column":31},"end":{"line":1646,"column":104}},"663":{"start":{"line":1647,"column":8},"end":{"line":1647,"column":108}},"664":{"start":{"line":1649,"column":8},"end":{"line":1651,"column":9}},"665":{"start":{"line":1650,"column":10},"end":{"line":1650,"column":24}},"666":{"start":{"line":1660,"column":8},"end":{"line":1660,"column":53}},"667":{"start":{"line":1672,"column":31},"end":{"line":1672,"column":104}},"668":{"start":{"line":1673,"column":8},"end":{"line":1673,"column":129}},"669":{"start":{"line":1675,"column":8},"end":{"line":1677,"column":9}},"670":{"start":{"line":1676,"column":10},"end":{"line":1676,"column":24}},"671":{"start":{"line":1686,"column":8},"end":{"line":1686,"column":37}},"672":{"start":{"line":1698,"column":31},"end":{"line":1698,"column":104}},"673":{"start":{"line":1700,"column":8},"end":{"line":1706,"column":9}},"674":{"start":{"line":1701,"column":10},"end":{"line":1701,"column":43}},"675":{"start":{"line":1703,"column":10},"end":{"line":1705,"column":11}},"676":{"start":{"line":1704,"column":12},"end":{"line":1704,"column":26}},"677":{"start":{"line":1715,"column":8},"end":{"line":1715,"column":39}},"678":{"start":{"line":1727,"column":21},"end":{"line":1727,"column":25}},"679":{"start":{"line":1729,"column":31},"end":{"line":1729,"column":104}},"680":{"start":{"line":1730,"column":8},"end":{"line":1730,"column":116}},"681":{"start":{"line":1732,"column":8},"end":{"line":1750,"column":9}},"682":{"start":{"line":1733,"column":10},"end":{"line":1733,"column":28}},"683":{"start":{"line":1735,"column":10},"end":{"line":1741,"column":13}},"684":{"start":{"line":1736,"column":12},"end":{"line":1736,"column":44}},"685":{"start":{"line":1738,"column":12},"end":{"line":1738,"column":49}},"686":{"start":{"line":1740,"column":12},"end":{"line":1740,"column":33}},"687":{"start":{"line":1743,"column":10},"end":{"line":1743,"column":53}},"688":{"start":{"line":1745,"column":10},"end":{"line":1745,"column":45}},"689":{"start":{"line":1747,"column":10},"end":{"line":1749,"column":11}},"690":{"start":{"line":1748,"column":12},"end":{"line":1748,"column":26}},"691":{"start":{"line":1759,"column":8},"end":{"line":1759,"column":115}},"692":{"start":{"line":1771,"column":31},"end":{"line":1771,"column":104}},"693":{"start":{"line":1772,"column":8},"end":{"line":1772,"column":90}},"694":{"start":{"line":1774,"column":8},"end":{"line":1776,"column":9}},"695":{"start":{"line":1775,"column":10},"end":{"line":1775,"column":24}},"696":{"start":{"line":1785,"column":8},"end":{"line":1785,"column":44}},"697":{"start":{"line":1796,"column":8},"end":{"line":1796,"column":142}},"698":{"start":{"line":1809,"column":31},"end":{"line":1809,"column":104}},"699":{"start":{"line":1811,"column":8},"end":{"line":1811,"column":35}},"700":{"start":{"line":1813,"column":8},"end":{"line":1815,"column":9}},"701":{"start":{"line":1814,"column":10},"end":{"line":1814,"column":24}},"702":{"start":{"line":1819,"column":4},"end":{"line":1819,"column":20}},"703":{"start":{"line":1822,"column":2},"end":{"line":1822,"column":30}},"704":{"start":{"line":1824,"column":2},"end":{"line":1834,"column":5}},"705":{"start":{"line":1836,"column":2},"end":{"line":1836,"column":106}},"706":{"start":{"line":1838,"column":2},"end":{"line":1845,"column":3}},"707":{"start":{"line":1839,"column":4},"end":{"line":1839,"column":31}},"708":{"start":{"line":1840,"column":4},"end":{"line":1844,"column":7}},"709":{"start":{"line":1841,"column":6},"end":{"line":1843,"column":9}},"710":{"start":{"line":1842,"column":8},"end":{"line":1842,"column":37}}},"fnMap":{"0":{"name":"(anonymous_0)","decl":{"start":{"line":1,"column":1},"end":{"line":1,"column":2}},"loc":{"start":{"line":1,"column":28},"end":{"line":13,"column":1}},"line":1},"1":{"name":"(anonymous_1)","decl":{"start":{"line":13,"column":9},"end":{"line":13,"column":10}},"loc":{"start":{"line":13,"column":29},"end":{"line":1846,"column":1}},"line":13},"2":{"name":"_typeof","decl":{"start":{"line":21,"column":11},"end":{"line":21,"column":18}},"loc":{"start":{"line":21,"column":24},"end":{"line":21,"column":353}},"line":21},"3":{"name":"_typeof","decl":{"start":{"line":21,"column":120},"end":{"line":21,"column":127}},"loc":{"start":{"line":21,"column":133},"end":{"line":21,"column":155}},"line":21},"4":{"name":"_typeof","decl":{"start":{"line":21,"column":185},"end":{"line":21,"column":192}},"loc":{"start":{"line":21,"column":198},"end":{"line":21,"column":327}},"line":21},"5":{"name":"_classCallCheck","decl":{"start":{"line":23,"column":11},"end":{"line":23,"column":26}},"loc":{"start":{"line":23,"column":50},"end":{"line":23,"column":155}},"line":23},"6":{"name":"_defineProperties","decl":{"start":{"line":25,"column":11},"end":{"line":25,"column":28}},"loc":{"start":{"line":25,"column":44},"end":{"line":25,"column":319}},"line":25},"7":{"name":"_createClass","decl":{"start":{"line":27,"column":11},"end":{"line":27,"column":23}},"loc":{"start":{"line":27,"column":62},"end":{"line":27,"column":217}},"line":27},"8":{"name":"_defineProperty","decl":{"start":{"line":29,"column":11},"end":{"line":29,"column":26}},"loc":{"start":{"line":29,"column":44},"end":{"line":29,"column":211}},"line":29},"9":{"name":"(anonymous_9)","decl":{"start":{"line":55,"column":2},"end":{"line":55,"column":3}},"loc":{"start":{"line":55,"column":14},"end":{"line":1820,"column":3}},"line":55},"10":{"name":"Calendar","decl":{"start":{"line":146,"column":13},"end":{"line":146,"column":21}},"loc":{"start":{"line":146,"column":31},"end":{"line":196,"column":5}},"line":146},"11":{"name":"_initializeOptions","decl":{"start":{"line":200,"column":22},"end":{"line":200,"column":40}},"loc":{"start":{"line":200,"column":46},"end":{"line":235,"column":7}},"line":200},"12":{"name":"_initializeEvents","decl":{"start":{"line":238,"column":22},"end":{"line":238,"column":39}},"loc":{"start":{"line":238,"column":45},"end":{"line":270,"column":7}},"line":238},"13":{"name":"_fetchDataSource","decl":{"start":{"line":273,"column":22},"end":{"line":273,"column":38}},"loc":{"start":{"line":273,"column":49},"end":{"line":293,"column":7}},"line":273},"14":{"name":"_initializeDatasourceColors","decl":{"start":{"line":296,"column":22},"end":{"line":296,"column":49}},"loc":{"start":{"line":296,"column":52},"end":{"line":302,"column":7}},"line":296},"15":{"name":"render","decl":{"start":{"line":309,"column":22},"end":{"line":309,"column":28}},"loc":{"start":{"line":309,"column":31},"end":{"line":346,"column":7}},"line":309},"16":{"name":"(anonymous_16)","decl":{"start":{"line":335,"column":21},"end":{"line":335,"column":22}},"loc":{"start":{"line":335,"column":33},"end":{"line":340,"column":11}},"line":335},"17":{"name":"(anonymous_17)","decl":{"start":{"line":337,"column":23},"end":{"line":337,"column":24}},"loc":{"start":{"line":337,"column":35},"end":{"line":339,"column":13}},"line":337},"18":{"name":"_renderHeader","decl":{"start":{"line":349,"column":22},"end":{"line":349,"column":35}},"loc":{"start":{"line":349,"column":38},"end":{"line":417,"column":7}},"line":349},"19":{"name":"_renderBody","decl":{"start":{"line":420,"column":22},"end":{"line":420,"column":33}},"loc":{"start":{"line":420,"column":36},"end":{"line":536,"column":7}},"line":420},"20":{"name":"_renderLoading","decl":{"start":{"line":539,"column":22},"end":{"line":539,"column":36}},"loc":{"start":{"line":539,"column":39},"end":{"line":567,"column":7}},"line":539},"21":{"name":"_renderDataSource","decl":{"start":{"line":570,"column":22},"end":{"line":570,"column":39}},"loc":{"start":{"line":570,"column":42},"end":{"line":610,"column":7}},"line":570},"22":{"name":"(anonymous_22)","decl":{"start":{"line":574,"column":68},"end":{"line":574,"column":69}},"loc":{"start":{"line":574,"column":85},"end":{"line":608,"column":11}},"line":574},"23":{"name":"(anonymous_23)","decl":{"start":{"line":589,"column":63},"end":{"line":589,"column":64}},"loc":{"start":{"line":589,"column":78},"end":{"line":605,"column":17}},"line":589},"24":{"name":"_renderDataSourceDay","decl":{"start":{"line":613,"column":22},"end":{"line":613,"column":42}},"loc":{"start":{"line":613,"column":69},"end":{"line":697,"column":7}},"line":613},"25":{"name":"_applyEvents","decl":{"start":{"line":700,"column":22},"end":{"line":700,"column":34}},"loc":{"start":{"line":700,"column":37},"end":{"line":917,"column":7}},"line":700},"26":{"name":"(anonymous_26)","decl":{"start":{"line":705,"column":83},"end":{"line":705,"column":84}},"loc":{"start":{"line":705,"column":102},"end":{"line":711,"column":11}},"line":705},"27":{"name":"(anonymous_27)","decl":{"start":{"line":706,"column":46},"end":{"line":706,"column":47}},"loc":{"start":{"line":706,"column":59},"end":{"line":710,"column":13}},"line":706},"28":{"name":"(anonymous_28)","decl":{"start":{"line":712,"column":89},"end":{"line":712,"column":90}},"loc":{"start":{"line":712,"column":102},"end":{"line":727,"column":11}},"line":712},"29":{"name":"(anonymous_29)","decl":{"start":{"line":718,"column":25},"end":{"line":718,"column":26}},"loc":{"start":{"line":718,"column":37},"end":{"line":725,"column":15}},"line":718},"30":{"name":"(anonymous_30)","decl":{"start":{"line":722,"column":27},"end":{"line":722,"column":28}},"loc":{"start":{"line":722,"column":39},"end":{"line":724,"column":17}},"line":722},"31":{"name":"(anonymous_31)","decl":{"start":{"line":728,"column":89},"end":{"line":728,"column":90}},"loc":{"start":{"line":728,"column":102},"end":{"line":743,"column":11}},"line":728},"32":{"name":"(anonymous_32)","decl":{"start":{"line":734,"column":25},"end":{"line":734,"column":26}},"loc":{"start":{"line":734,"column":37},"end":{"line":741,"column":15}},"line":734},"33":{"name":"(anonymous_33)","decl":{"start":{"line":738,"column":27},"end":{"line":738,"column":28}},"loc":{"start":{"line":738,"column":39},"end":{"line":740,"column":17}},"line":738},"34":{"name":"(anonymous_34)","decl":{"start":{"line":747,"column":22},"end":{"line":747,"column":23}},"loc":{"start":{"line":747,"column":38},"end":{"line":860,"column":9}},"line":747},"35":{"name":"(anonymous_35)","decl":{"start":{"line":749,"column":41},"end":{"line":749,"column":42}},"loc":{"start":{"line":749,"column":54},"end":{"line":759,"column":11}},"line":749},"36":{"name":"(anonymous_36)","decl":{"start":{"line":762,"column":47},"end":{"line":762,"column":48}},"loc":{"start":{"line":762,"column":60},"end":{"line":778,"column":11}},"line":762},"37":{"name":"(anonymous_37)","decl":{"start":{"line":782,"column":47},"end":{"line":782,"column":48}},"loc":{"start":{"line":782,"column":60},"end":{"line":793,"column":13}},"line":782},"38":{"name":"(anonymous_38)","decl":{"start":{"line":794,"column":48},"end":{"line":794,"column":49}},"loc":{"start":{"line":794,"column":61},"end":{"line":835,"column":13}},"line":794},"39":{"name":"(anonymous_39)","decl":{"start":{"line":840,"column":46},"end":{"line":840,"column":47}},"loc":{"start":{"line":840,"column":59},"end":{"line":850,"column":11}},"line":840},"40":{"name":"(anonymous_40)","decl":{"start":{"line":851,"column":46},"end":{"line":851,"column":47}},"loc":{"start":{"line":851,"column":59},"end":{"line":859,"column":11}},"line":851},"41":{"name":"(anonymous_41)","decl":{"start":{"line":864,"column":45},"end":{"line":864,"column":46}},"loc":{"start":{"line":864,"column":58},"end":{"line":879,"column":11}},"line":864},"42":{"name":"(anonymous_42)","decl":{"start":{"line":889,"column":47},"end":{"line":889,"column":48}},"loc":{"start":{"line":889,"column":59},"end":{"line":916,"column":9}},"line":889},"43":{"name":"(anonymous_43)","decl":{"start":{"line":910,"column":70},"end":{"line":910,"column":71}},"loc":{"start":{"line":910,"column":87},"end":{"line":915,"column":11}},"line":910},"44":{"name":"_refreshRange","decl":{"start":{"line":920,"column":22},"end":{"line":920,"column":35}},"loc":{"start":{"line":920,"column":38},"end":{"line":958,"column":7}},"line":920},"45":{"name":"(anonymous_45)","decl":{"start":{"line":923,"column":62},"end":{"line":923,"column":63}},"loc":{"start":{"line":923,"column":77},"end":{"line":925,"column":9}},"line":923},"46":{"name":"(anonymous_46)","decl":{"start":{"line":926,"column":68},"end":{"line":926,"column":69}},"loc":{"start":{"line":926,"column":83},"end":{"line":928,"column":9}},"line":926},"47":{"name":"(anonymous_47)","decl":{"start":{"line":929,"column":66},"end":{"line":929,"column":67}},"loc":{"start":{"line":929,"column":81},"end":{"line":931,"column":9}},"line":929},"48":{"name":"(anonymous_48)","decl":{"start":{"line":936,"column":68},"end":{"line":936,"column":69}},"loc":{"start":{"line":936,"column":85},"end":{"line":956,"column":11}},"line":936},"49":{"name":"(anonymous_49)","decl":{"start":{"line":940,"column":75},"end":{"line":940,"column":76}},"loc":{"start":{"line":940,"column":90},"end":{"line":954,"column":15}},"line":940},"50":{"name":"_getElementPosition","decl":{"start":{"line":961,"column":22},"end":{"line":961,"column":41}},"loc":{"start":{"line":961,"column":51},"end":{"line":975,"column":7}},"line":961},"51":{"name":"_openContextMenu","decl":{"start":{"line":978,"column":22},"end":{"line":978,"column":38}},"loc":{"start":{"line":978,"column":44},"end":{"line":1026,"column":7}},"line":978},"52":{"name":"(anonymous_52)","decl":{"start":{"line":1020,"column":45},"end":{"line":1020,"column":46}},"loc":{"start":{"line":1020,"column":57},"end":{"line":1022,"column":11}},"line":1020},"53":{"name":"_renderContextMenuItems","decl":{"start":{"line":1029,"column":22},"end":{"line":1029,"column":45}},"loc":{"start":{"line":1029,"column":66},"end":{"line":1067,"column":7}},"line":1029},"54":{"name":"(anonymous_54)","decl":{"start":{"line":1046,"column":13},"end":{"line":1046,"column":14}},"loc":{"start":{"line":1046,"column":30},"end":{"line":1050,"column":13}},"line":1046},"55":{"name":"(anonymous_55)","decl":{"start":{"line":1047,"column":49},"end":{"line":1047,"column":50}},"loc":{"start":{"line":1047,"column":61},"end":{"line":1049,"column":15}},"line":1047},"56":{"name":"_getDate","decl":{"start":{"line":1070,"column":22},"end":{"line":1070,"column":30}},"loc":{"start":{"line":1070,"column":36},"end":{"line":1075,"column":7}},"line":1070},"57":{"name":"_triggerEvent","decl":{"start":{"line":1078,"column":22},"end":{"line":1078,"column":35}},"loc":{"start":{"line":1078,"column":59},"end":{"line":1088,"column":7}},"line":1078},"58":{"name":"_isDisabled","decl":{"start":{"line":1091,"column":22},"end":{"line":1091,"column":33}},"loc":{"start":{"line":1091,"column":40},"end":{"line":1113,"column":7}},"line":1091},"59":{"name":"_isHidden","decl":{"start":{"line":1116,"column":22},"end":{"line":1116,"column":31}},"loc":{"start":{"line":1116,"column":37},"end":{"line":1126,"column":7}},"line":1116},"60":{"name":"getWeekNumber","decl":{"start":{"line":1135,"column":22},"end":{"line":1135,"column":35}},"loc":{"start":{"line":1135,"column":42},"end":{"line":1145,"column":7}},"line":1135},"61":{"name":"getEvents","decl":{"start":{"line":1154,"column":22},"end":{"line":1154,"column":31}},"loc":{"start":{"line":1154,"column":38},"end":{"line":1156,"column":7}},"line":1154},"62":{"name":"getEventsOnRange","decl":{"start":{"line":1166,"column":22},"end":{"line":1166,"column":38}},"loc":{"start":{"line":1166,"column":59},"end":{"line":1178,"column":7}},"line":1166},"63":{"name":"getYear","decl":{"start":{"line":1185,"column":22},"end":{"line":1185,"column":29}},"loc":{"start":{"line":1185,"column":32},"end":{"line":1187,"column":7}},"line":1185},"64":{"name":"setYear","decl":{"start":{"line":1196,"column":22},"end":{"line":1196,"column":29}},"loc":{"start":{"line":1196,"column":36},"end":{"line":1233,"column":7}},"line":1196},"65":{"name":"(anonymous_65)","decl":{"start":{"line":1220,"column":34},"end":{"line":1220,"column":35}},"loc":{"start":{"line":1220,"column":56},"end":{"line":1226,"column":13}},"line":1220},"66":{"name":"getMinDate","decl":{"start":{"line":1240,"column":22},"end":{"line":1240,"column":32}},"loc":{"start":{"line":1240,"column":35},"end":{"line":1242,"column":7}},"line":1240},"67":{"name":"setMinDate","decl":{"start":{"line":1252,"column":22},"end":{"line":1252,"column":32}},"loc":{"start":{"line":1252,"column":39},"end":{"line":1262,"column":7}},"line":1252},"68":{"name":"getMaxDate","decl":{"start":{"line":1269,"column":22},"end":{"line":1269,"column":32}},"loc":{"start":{"line":1269,"column":35},"end":{"line":1271,"column":7}},"line":1269},"69":{"name":"setMaxDate","decl":{"start":{"line":1281,"column":22},"end":{"line":1281,"column":32}},"loc":{"start":{"line":1281,"column":39},"end":{"line":1291,"column":7}},"line":1281},"70":{"name":"getStyle","decl":{"start":{"line":1298,"column":22},"end":{"line":1298,"column":30}},"loc":{"start":{"line":1298,"column":33},"end":{"line":1300,"column":7}},"line":1298},"71":{"name":"setStyle","decl":{"start":{"line":1310,"column":22},"end":{"line":1310,"column":30}},"loc":{"start":{"line":1310,"column":38},"end":{"line":1317,"column":7}},"line":1310},"72":{"name":"getAllowOverlap","decl":{"start":{"line":1324,"column":22},"end":{"line":1324,"column":37}},"loc":{"start":{"line":1324,"column":40},"end":{"line":1326,"column":7}},"line":1324},"73":{"name":"setAllowOverlap","decl":{"start":{"line":1335,"column":22},"end":{"line":1335,"column":37}},"loc":{"start":{"line":1335,"column":52},"end":{"line":1337,"column":7}},"line":1335},"74":{"name":"getDisplayWeekNumber","decl":{"start":{"line":1344,"column":22},"end":{"line":1344,"column":42}},"loc":{"start":{"line":1344,"column":45},"end":{"line":1346,"column":7}},"line":1344},"75":{"name":"setDisplayWeekNumber","decl":{"start":{"line":1356,"column":22},"end":{"line":1356,"column":42}},"loc":{"start":{"line":1356,"column":62},"end":{"line":1363,"column":7}},"line":1356},"76":{"name":"getDisplayHeader","decl":{"start":{"line":1370,"column":22},"end":{"line":1370,"column":38}},"loc":{"start":{"line":1370,"column":41},"end":{"line":1372,"column":7}},"line":1370},"77":{"name":"setDisplayHeader","decl":{"start":{"line":1382,"column":22},"end":{"line":1382,"column":38}},"loc":{"start":{"line":1382,"column":54},"end":{"line":1389,"column":7}},"line":1382},"78":{"name":"getDisplayDisabledDataSource","decl":{"start":{"line":1396,"column":22},"end":{"line":1396,"column":50}},"loc":{"start":{"line":1396,"column":53},"end":{"line":1398,"column":7}},"line":1396},"79":{"name":"setDisplayDisabledDataSource","decl":{"start":{"line":1408,"column":22},"end":{"line":1408,"column":50}},"loc":{"start":{"line":1408,"column":78},"end":{"line":1415,"column":7}},"line":1408},"80":{"name":"getAlwaysHalfDay","decl":{"start":{"line":1422,"column":22},"end":{"line":1422,"column":38}},"loc":{"start":{"line":1422,"column":41},"end":{"line":1424,"column":7}},"line":1422},"81":{"name":"setAlwaysHalfDay","decl":{"start":{"line":1435,"column":22},"end":{"line":1435,"column":38}},"loc":{"start":{"line":1435,"column":54},"end":{"line":1442,"column":7}},"line":1435},"82":{"name":"getEnableRangeSelection","decl":{"start":{"line":1449,"column":22},"end":{"line":1449,"column":45}},"loc":{"start":{"line":1449,"column":48},"end":{"line":1451,"column":7}},"line":1449},"83":{"name":"setEnableRangeSelection","decl":{"start":{"line":1461,"column":22},"end":{"line":1461,"column":45}},"loc":{"start":{"line":1461,"column":68},"end":{"line":1468,"column":7}},"line":1461},"84":{"name":"getDisabledDays","decl":{"start":{"line":1475,"column":22},"end":{"line":1475,"column":37}},"loc":{"start":{"line":1475,"column":40},"end":{"line":1477,"column":7}},"line":1475},"85":{"name":"setDisabledDays","decl":{"start":{"line":1487,"column":22},"end":{"line":1487,"column":37}},"loc":{"start":{"line":1487,"column":52},"end":{"line":1494,"column":7}},"line":1487},"86":{"name":"getDisabledWeekDays","decl":{"start":{"line":1501,"column":22},"end":{"line":1501,"column":41}},"loc":{"start":{"line":1501,"column":44},"end":{"line":1503,"column":7}},"line":1501},"87":{"name":"setDisabledWeekDays","decl":{"start":{"line":1513,"column":22},"end":{"line":1513,"column":41}},"loc":{"start":{"line":1513,"column":60},"end":{"line":1520,"column":7}},"line":1513},"88":{"name":"getHiddenWeekDays","decl":{"start":{"line":1527,"column":22},"end":{"line":1527,"column":39}},"loc":{"start":{"line":1527,"column":42},"end":{"line":1529,"column":7}},"line":1527},"89":{"name":"setHiddenWeekDays","decl":{"start":{"line":1539,"column":22},"end":{"line":1539,"column":39}},"loc":{"start":{"line":1539,"column":56},"end":{"line":1546,"column":7}},"line":1539},"90":{"name":"getRoundRangeLimits","decl":{"start":{"line":1553,"column":22},"end":{"line":1553,"column":41}},"loc":{"start":{"line":1553,"column":44},"end":{"line":1555,"column":7}},"line":1553},"91":{"name":"setRoundRangeLimits","decl":{"start":{"line":1566,"column":22},"end":{"line":1566,"column":41}},"loc":{"start":{"line":1566,"column":60},"end":{"line":1573,"column":7}},"line":1566},"92":{"name":"getEnableContextMenu","decl":{"start":{"line":1580,"column":22},"end":{"line":1580,"column":42}},"loc":{"start":{"line":1580,"column":45},"end":{"line":1582,"column":7}},"line":1580},"93":{"name":"setEnableContextMenu","decl":{"start":{"line":1593,"column":22},"end":{"line":1593,"column":42}},"loc":{"start":{"line":1593,"column":62},"end":{"line":1600,"column":7}},"line":1593},"94":{"name":"getContextMenuItems","decl":{"start":{"line":1607,"column":22},"end":{"line":1607,"column":41}},"loc":{"start":{"line":1607,"column":44},"end":{"line":1609,"column":7}},"line":1607},"95":{"name":"setContextMenuItems","decl":{"start":{"line":1619,"column":22},"end":{"line":1619,"column":41}},"loc":{"start":{"line":1619,"column":60},"end":{"line":1626,"column":7}},"line":1619},"96":{"name":"getCustomDayRenderer","decl":{"start":{"line":1633,"column":22},"end":{"line":1633,"column":42}},"loc":{"start":{"line":1633,"column":45},"end":{"line":1635,"column":7}},"line":1633},"97":{"name":"setCustomDayRenderer","decl":{"start":{"line":1645,"column":22},"end":{"line":1645,"column":42}},"loc":{"start":{"line":1645,"column":62},"end":{"line":1652,"column":7}},"line":1645},"98":{"name":"getCustomDataSourceRenderer","decl":{"start":{"line":1659,"column":22},"end":{"line":1659,"column":49}},"loc":{"start":{"line":1659,"column":52},"end":{"line":1661,"column":7}},"line":1659},"99":{"name":"setCustomDataSourceRenderer","decl":{"start":{"line":1671,"column":22},"end":{"line":1671,"column":49}},"loc":{"start":{"line":1671,"column":76},"end":{"line":1678,"column":7}},"line":1671},"100":{"name":"getLanguage","decl":{"start":{"line":1685,"column":22},"end":{"line":1685,"column":33}},"loc":{"start":{"line":1685,"column":36},"end":{"line":1687,"column":7}},"line":1685},"101":{"name":"setLanguage","decl":{"start":{"line":1697,"column":22},"end":{"line":1697,"column":33}},"loc":{"start":{"line":1697,"column":44},"end":{"line":1707,"column":7}},"line":1697},"102":{"name":"getDataSource","decl":{"start":{"line":1714,"column":22},"end":{"line":1714,"column":35}},"loc":{"start":{"line":1714,"column":38},"end":{"line":1716,"column":7}},"line":1714},"103":{"name":"setDataSource","decl":{"start":{"line":1726,"column":22},"end":{"line":1726,"column":35}},"loc":{"start":{"line":1726,"column":48},"end":{"line":1751,"column":7}},"line":1726},"104":{"name":"(anonymous_104)","decl":{"start":{"line":1735,"column":32},"end":{"line":1735,"column":33}},"loc":{"start":{"line":1735,"column":54},"end":{"line":1741,"column":11}},"line":1735},"105":{"name":"getWeekStart","decl":{"start":{"line":1758,"column":22},"end":{"line":1758,"column":34}},"loc":{"start":{"line":1758,"column":37},"end":{"line":1760,"column":7}},"line":1758},"106":{"name":"setWeekStart","decl":{"start":{"line":1770,"column":22},"end":{"line":1770,"column":34}},"loc":{"start":{"line":1770,"column":46},"end":{"line":1777,"column":7}},"line":1770},"107":{"name":"getLoadingTemplate","decl":{"start":{"line":1784,"column":22},"end":{"line":1784,"column":40}},"loc":{"start":{"line":1784,"column":43},"end":{"line":1786,"column":7}},"line":1784},"108":{"name":"setLoadingTemplate","decl":{"start":{"line":1795,"column":22},"end":{"line":1795,"column":40}},"loc":{"start":{"line":1795,"column":58},"end":{"line":1797,"column":7}},"line":1795},"109":{"name":"addEvent","decl":{"start":{"line":1808,"column":22},"end":{"line":1808,"column":30}},"loc":{"start":{"line":1808,"column":36},"end":{"line":1816,"column":7}},"line":1808},"110":{"name":"(anonymous_110)","decl":{"start":{"line":1840,"column":50},"end":{"line":1840,"column":51}},"loc":{"start":{"line":1840,"column":62},"end":{"line":1844,"column":5}},"line":1840},"111":{"name":"(anonymous_111)","decl":{"start":{"line":1841,"column":69},"end":{"line":1841,"column":70}},"loc":{"start":{"line":1841,"column":88},"end":{"line":1843,"column":7}},"line":1841}},"branchMap":{"0":{"loc":{"start":{"line":2,"column":2},"end":{"line":12,"column":3}},"type":"if","locations":[{"start":{"line":2,"column":2},"end":{"line":12,"column":3}},{"start":{"line":2,"column":2},"end":{"line":12,"column":3}}],"line":2},"1":{"loc":{"start":{"line":2,"column":6},"end":{"line":2,"column":48}},"type":"binary-expr","locations":[{"start":{"line":2,"column":6},"end":{"line":2,"column":34}},{"start":{"line":2,"column":38},"end":{"line":2,"column":48}}],"line":2},"2":{"loc":{"start":{"line":4,"column":9},"end":{"line":12,"column":3}},"type":"if","locations":[{"start":{"line":4,"column":9},"end":{"line":12,"column":3}},{"start":{"line":4,"column":9},"end":{"line":12,"column":3}}],"line":4},"3":{"loc":{"start":{"line":21,"column":26},"end":{"line":21,"column":330}},"type":"if","locations":[{"start":{"line":21,"column":26},"end":{"line":21,"column":330}},{"start":{"line":21,"column":26},"end":{"line":21,"column":330}}],"line":21},"4":{"loc":{"start":{"line":21,"column":30},"end":{"line":21,"column":97}},"type":"binary-expr","locations":[{"start":{"line":21,"column":30},"end":{"line":21,"column":58}},{"start":{"line":21,"column":62},"end":{"line":21,"column":97}}],"line":21},"5":{"loc":{"start":{"line":21,"column":207},"end":{"line":21,"column":324}},"type":"cond-expr","locations":[{"start":{"line":21,"column":303},"end":{"line":21,"column":311}},{"start":{"line":21,"column":314},"end":{"line":21,"column":324}}],"line":21},"6":{"loc":{"start":{"line":21,"column":207},"end":{"line":21,"column":300}},"type":"binary-expr","locations":[{"start":{"line":21,"column":207},"end":{"line":21,"column":210}},{"start":{"line":21,"column":214},"end":{"line":21,"column":242}},{"start":{"line":21,"column":246},"end":{"line":21,"column":272}},{"start":{"line":21,"column":276},"end":{"line":21,"column":300}}],"line":21},"7":{"loc":{"start":{"line":23,"column":52},"end":{"line":23,"column":153}},"type":"if","locations":[{"start":{"line":23,"column":52},"end":{"line":23,"column":153}},{"start":{"line":23,"column":52},"end":{"line":23,"column":153}}],"line":23},"8":{"loc":{"start":{"line":25,"column":138},"end":{"line":25,"column":168}},"type":"binary-expr","locations":[{"start":{"line":25,"column":138},"end":{"line":25,"column":159}},{"start":{"line":25,"column":163},"end":{"line":25,"column":168}}],"line":25},"9":{"loc":{"start":{"line":25,"column":202},"end":{"line":25,"column":256}},"type":"if","locations":[{"start":{"line":25,"column":202},"end":{"line":25,"column":256}},{"start":{"line":25,"column":202},"end":{"line":25,"column":256}}],"line":25},"10":{"loc":{"start":{"line":27,"column":64},"end":{"line":27,"column":133}},"type":"if","locations":[{"start":{"line":27,"column":64},"end":{"line":27,"column":133}},{"start":{"line":27,"column":64},"end":{"line":27,"column":133}}],"line":27},"11":{"loc":{"start":{"line":27,"column":134},"end":{"line":27,"column":195}},"type":"if","locations":[{"start":{"line":27,"column":134},"end":{"line":27,"column":195}},{"start":{"line":27,"column":134},"end":{"line":27,"column":195}}],"line":27},"12":{"loc":{"start":{"line":29,"column":46},"end":{"line":29,"column":197}},"type":"if","locations":[{"start":{"line":29,"column":46},"end":{"line":29,"column":197}},{"start":{"line":29,"column":46},"end":{"line":29,"column":197}}],"line":29},"13":{"loc":{"start":{"line":147,"column":20},"end":{"line":147,"column":92}},"type":"cond-expr","locations":[{"start":{"line":147,"column":73},"end":{"line":147,"column":85}},{"start":{"line":147,"column":88},"end":{"line":147,"column":92}}],"line":147},"14":{"loc":{"start":{"line":147,"column":20},"end":{"line":147,"column":70}},"type":"binary-expr","locations":[{"start":{"line":147,"column":20},"end":{"line":147,"column":40}},{"start":{"line":147,"column":44},"end":{"line":147,"column":70}}],"line":147},"15":{"loc":{"start":{"line":181,"column":6},"end":{"line":187,"column":7}},"type":"if","locations":[{"start":{"line":181,"column":6},"end":{"line":187,"column":7}},{"start":{"line":181,"column":6},"end":{"line":187,"column":7}}],"line":181},"16":{"loc":{"start":{"line":183,"column":13},"end":{"line":187,"column":7}},"type":"if","locations":[{"start":{"line":183,"column":13},"end":{"line":187,"column":7}},{"start":{"line":183,"column":13},"end":{"line":187,"column":7}}],"line":183},"17":{"loc":{"start":{"line":201,"column":8},"end":{"line":203,"column":9}},"type":"if","locations":[{"start":{"line":201,"column":8},"end":{"line":203,"column":9}},{"start":{"line":201,"column":8},"end":{"line":203,"column":9}}],"line":201},"18":{"loc":{"start":{"line":206,"column":21},"end":{"line":206,"column":105}},"type":"cond-expr","locations":[{"start":{"line":206,"column":55},"end":{"line":206,"column":78}},{"start":{"line":206,"column":81},"end":{"line":206,"column":105}}],"line":206},"19":{"loc":{"start":{"line":207,"column":19},"end":{"line":207,"column":67}},"type":"cond-expr","locations":[{"start":{"line":207,"column":49},"end":{"line":207,"column":60}},{"start":{"line":207,"column":63},"end":{"line":207,"column":67}}],"line":207},"20":{"loc":{"start":{"line":208,"column":19},"end":{"line":208,"column":67}},"type":"cond-expr","locations":[{"start":{"line":208,"column":49},"end":{"line":208,"column":60}},{"start":{"line":208,"column":63},"end":{"line":208,"column":67}}],"line":208},"21":{"loc":{"start":{"line":209,"column":20},"end":{"line":209,"column":104}},"type":"cond-expr","locations":[{"start":{"line":209,"column":85},"end":{"line":209,"column":97}},{"start":{"line":209,"column":100},"end":{"line":209,"column":104}}],"line":209},"22":{"loc":{"start":{"line":209,"column":20},"end":{"line":209,"column":82}},"type":"binary-expr","locations":[{"start":{"line":209,"column":20},"end":{"line":209,"column":40}},{"start":{"line":209,"column":44},"end":{"line":209,"column":82}}],"line":209},"23":{"loc":{"start":{"line":210,"column":24},"end":{"line":210,"column":74}},"type":"cond-expr","locations":[{"start":{"line":210,"column":51},"end":{"line":210,"column":67}},{"start":{"line":210,"column":70},"end":{"line":210,"column":74}}],"line":210},"24":{"loc":{"start":{"line":211,"column":29},"end":{"line":211,"column":90}},"type":"cond-expr","locations":[{"start":{"line":211,"column":61},"end":{"line":211,"column":82}},{"start":{"line":211,"column":85},"end":{"line":211,"column":90}}],"line":211},"25":{"loc":{"start":{"line":212,"column":37},"end":{"line":212,"column":114}},"type":"cond-expr","locations":[{"start":{"line":212,"column":77},"end":{"line":212,"column":106}},{"start":{"line":212,"column":109},"end":{"line":212,"column":114}}],"line":212},"26":{"loc":{"start":{"line":213,"column":25},"end":{"line":213,"column":77}},"type":"cond-expr","locations":[{"start":{"line":213,"column":53},"end":{"line":213,"column":70}},{"start":{"line":213,"column":73},"end":{"line":213,"column":77}}],"line":213},"27":{"loc":{"start":{"line":214,"column":25},"end":{"line":214,"column":78}},"type":"cond-expr","locations":[{"start":{"line":214,"column":53},"end":{"line":214,"column":70}},{"start":{"line":214,"column":73},"end":{"line":214,"column":78}}],"line":214},"28":{"loc":{"start":{"line":215,"column":32},"end":{"line":215,"column":99}},"type":"cond-expr","locations":[{"start":{"line":215,"column":67},"end":{"line":215,"column":91}},{"start":{"line":215,"colum
[...]
52":7,"253":7,"254":7,"255":7,"256":21,"257":21,"258":21,"259":7,"260":7,"261":7,"262":122,"263":122,"264":25,"265":300,"266":300,"267":300,"268":300,"269":300,"270":300,"271":300,"272":456,"273":263,"274":300,"275":178,"276":5450,"277":5450,"278":5450,"279":5450,"280":5450,"281":5450,"282":8049,"283":272,"284":5450,"285":265,"286":265,"287":265,"288":222,"289":222,"290":218,"291":4,"292":4,"293":0,"294":222,"295":222,"296":222,"297":222,"298":228,"299":6,"300":228,"301":222,"302":222,"303":43,"304":43,"305":43,"306":4,"307":4,"308":0,"309":0,"310":0,"311":0,"312":0,"313":0,"314":0,"315":0,"316":4,"317":1,"318":39,"319":4,"320":4,"321":0,"322":0,"323":0,"324":0,"325":0,"326":0,"327":0,"328":0,"329":4,"330":1,"331":43,"332":0,"333":0,"334":0,"335":122,"336":122,"337":120,"338":480,"339":4,"340":4,"341":120,"342":1,"343":1,"344":1,"345":1,"346":1,"347":1,"348":1,"349":1,"350":1,"351":1,"352":120,"353":1,"354":1,"355":1,"356":1,"357":1,"358":1,"359":1,"360":1,"361":1,"362":1,"363":122,"364":122,"365":42511,"366":2,"367":2,"368":2,"369":42511,"370":5,"371":2,"372":2,"373":2,"374":5,"375":5,"376":42511,"377":2190,"378":4,"379":4,"380":4,"381":4,"382":4,"383":4,"384":2190,"385":4,"386":4,"387":4,"388":1,"389":1,"390":1,"391":1,"392":4,"393":1,"394":3,"395":3,"396":0,"397":0,"398":0,"399":0,"400":0,"401":0,"402":1,"403":4,"404":4,"405":4,"406":4,"407":42511,"408":7,"409":3,"410":3,"411":42511,"412":2,"413":2,"414":122,"415":6,"416":1,"417":1,"418":1,"419":1,"420":1,"421":1,"422":122,"423":59,"424":59,"425":122,"426":30,"427":0,"428":30,"429":30,"430":30,"431":30,"432":0,"433":30,"434":0,"435":30,"436":0,"437":30,"438":0,"439":30,"440":30,"441":360,"442":240,"443":240,"444":9,"445":9,"446":45,"447":9,"448":5,"449":9,"450":5,"451":9,"452":8,"453":8,"454":8,"455":96,"456":96,"457":9,"458":277,"459":277,"460":67,"461":67,"462":8,"463":67,"464":8,"465":1,"466":1,"467":1,"468":1,"469":1,"470":1,"471":1,"472":2,"473":2,"474":1,"475":1,"476":0,"477":1,"478":1,"479":1,"480":2,"481":2,"482":2,"483":2,"484":1,"485":1,"486":1,"487":1,"488":1,"489":1,"490":1,"491":1,"492":1,"493":1,"494":1,"495":1,"496":2,"497":1,"498":1,"499":1,"500":1,"501":1,"502":0,"503":2,"504":2,"505":2,"506":2,"507":3,"508":0,"509":3,"510":3,"511":3,"512":3,"513":3,"514":3,"515":3,"516":0,"517":0,"518":0,"519":3,"520":3,"521":3,"522":3,"523":1,"524":3,"525":2,"526":2,"527":299,"528":299,"529":299,"530":299,"531":214,"532":214,"533":214,"534":319,"535":214,"536":214,"537":44793,"538":1659,"539":43134,"540":1095,"541":1095,"542":2295,"543":364,"544":42770,"545":1836,"546":1836,"547":2930,"548":5,"549":42765,"550":63273,"551":1554,"552":1554,"553":3256,"554":518,"555":62755,"556":188,"557":188,"558":188,"559":188,"560":188,"561":23,"562":29,"563":29,"564":29,"565":29,"566":53,"567":21,"568":29,"569":9,"570":80,"571":80,"572":80,"573":79,"574":79,"575":32,"576":79,"577":78,"578":79,"579":79,"580":6,"581":6,"582":6,"583":6,"584":6,"585":73,"586":73,"587":3,"588":2,"589":2,"590":2,"591":2,"592":2,"593":3,"594":2,"595":2,"596":2,"597":2,"598":2,"599":4,"600":3,"601":3,"602":3,"603":3,"604":3,"605":2,"606":3,"607":2,"608":2,"609":2,"610":2,"611":3,"612":2,"613":2,"614":2,"615":2,"616":3,"617":3,"618":3,"619":3,"620":3,"621":3,"622":2,"623":2,"624":2,"625":2,"626":3,"627":2,"628":2,"629":2,"630":2,"631":3,"632":2,"633":2,"634":2,"635":2,"636":3,"637":2,"638":2,"639":2,"640":2,"641":3,"642":2,"643":2,"644":2,"645":2,"646":3,"647":2,"648":2,"649":2,"650":2,"651":3,"652":3,"653":3,"654":3,"655":3,"656":3,"657":2,"658":2,"659":2,"660":2,"661":3,"662":2,"663":2,"664":2,"665":2,"666":3,"667":2,"668":2,"669":2,"670":2,"671":3,"672":3,"673":3,"674":2,"675":2,"676":2,"677":5,"678":3,"679":3,"680":3,"681":3,"682":1,"683":1,"684":1,"685":1,"686":1,"687":2,"688":2,"689":2,"690":2,"691":4,"692":2,"693":2,"694":2,"695":2,"696":3,"697":2,"698":1,"699":1,"700":1,"701":1,"702":6,"703":6,"704":6,"705":6,"706":6,"707":6,"708":6,"709":1,"710":1},"f":{"0":6,"1":6,"2":6,"3":6,"4":0,"5":64,"6":6,"7":6,"8":972,"9":6,"10":64,"11":63,"12":63,"13":7,"14":69,"15":129,"16":37,"17":8,"18":205,"19":122,"20":7,"21":122,"22":300,"23":5450,"24":265,"25":122,"26":480,"27":4,"28":1,"29":1,"30":1,"31":1,"32":1,"33":1,"34":42511,"35":2,"36":5,"37":4,"38":4,"39":7,"40":2,"41":1,"42":30,"43":360,"44":9,"45":45,"46":5,"47":5,"48":96,"49":277,"50":1,"51":2,"52":0,"53":2,"54":0,"55":0,"56":299,"57":214,"58":44793,"59":63273,"60":188,"61":23,"62":29,"63":9,"64":80,"65":6,"66":3,"67":2,"68":3,"69":2,"70":4,"71":3,"72":3,"73":2,"74":3,"75":2,"76":3,"77":2,"78":3,"79":3,"80":3,"81":2,"82":3,"83":2,"84":3,"85":2,"86":3,"87":2,"88":3,"89":2,"90":3,"91":2,"92":3,"93":3,"94":3,"95":2,"96":3,"97":2,"98":3,"99":2,"100":3,"101":3,"102":5,"103":3,"104":1,"105":4,"106":2,"107":3,"108":2,"109":1,"110":1,"111":1},"b":{"0":[0,6],"1":[6,0],"2":[6,0],"3":[6,0],"4":[6,6],"5":[0,0],"6":[0,0,0,0],"7":[0,64],"8":[402,402],"9":[402,0],"10":[6,0],"11":[0,6],"12":[0,972],"13":[52,12],"14":[64,52],"15":[3,61],"16":[60,1],"17":[11,52],"18":[5,58],"19":[2,61],"20":[2,61],"21":[2,61],"22":[63,2],"23":[3,60],"24":[2,61],"25":[2,61],"26":[2,61],"27":[1,62],"28":[5,58],"29":[3,60],"30":[2,61],"31":[2,61],"32":[2,61],"33":[18,45],"34":[63,48],"35":[4,59],"36":[63,60,60],"37":[2,61],"38":[2,61],"39":[1,62],"40":[1,62],"41":[1,62],"42":[1,62],"43":[63,62],"44":[60,3],"45":[11,52],"46":[1,62],"47":[1,62],"48":[1,62],"49":[1,62],"50":[1,62],"51":[1,62],"52":[1,62],"53":[7,0],"54":[2,5],"55":[3,2],"56":[32,2],"57":[14,115],"58":[129,14],"59":[127,2],"60":[7,122],"61":[4,201],"62":[205,9],"63":[6,199],"64":[205,9],"65":[4,201],"66":[205,9],"67":[7,198],"68":[205,9],"69":[9,196],"70":[205,9],"71":[7,198],"72":[205,9],"73":[0,1464],"74":[36,1428],"75":[36,1428],"76":[24,1440],"77":[84,10164],"78":[1464,8784],"79":[186,7389],"80":[434,52591],"81":[4214,48811],"82":[4273,44538],"83":[2027,42511],"84":[730,43808],"85":[0,7],"86":[0,0],"87":[0,0],"88":[25,97],"89":[122,122],"90":[300,0],"91":[300,0,300,0],"92":[263,193],"93":[456,193],"94":[178,122],"95":[5450,0],"96":[5450,0,5450,0],"97":[272,7777],"98":[8049,6296],"99":[265,5185],"100":[5450,266,255],"101":[222,43,0],"102":[218,4],"103":[4,0],"104":[222,0],"105":[6,222],"106":[4,39],"107":[0,4],"108":[4,4],"109":[0,0],"110":[0,0,0],"111":[1,3],"112":[4,35],"113":[0,4],"114":[4,4],"115":[0,0],"116":[0,0,0],"117":[1,3],"118":[0,0],"119":[120,2],"120":[4,0],"121":[1,0],"122":[1,0],"123":[2,3],"124":[2,0],"125":[2190,40321],"126":[4,0],"127":[4,0],"128":[4,1],"129":[4,0],"130":[1,3],"131":[1,0],"132":[1,3],"133":[0,0],"134":[4,0],"135":[3,4],"136":[6,116],"137":[1,0],"138":[1,0],"139":[1,0],"140":[59,63],"141":[0,30],"142":[0,30],"143":[0,30],"144":[0,30],"145":[0,30],"146":[240,120],"147":[8,1],"148":[4,4],"149":[4,4],"150":[9,87],"151":[96,68],"152":[67,210],"153":[277,253],"154":[8,59],"155":[8,59],"156":[1,1],"157":[1,1],"158":[1,1],"159":[1,1],"160":[0,3],"161":[3,3,0],"162":[0,3],"163":[1,2],"164":[3,1],"165":[2,0],"166":[1659,43134],"167":[44793,1826,44365,1826],"168":[1095,42039],"169":[364,1931],"170":[1836,40934],"171":[5,2925],"172":[1554,61719],"173":[518,2738],"174":[29,0],"175":[29,29,29],"176":[21,32],"177":[53,21],"178":[79,1],"179":[78,1],"180":[6,73],"181":[73,0],"182":[0,2],"183":[2,0],"184":[2,0],"185":[2,1],"186":[2,0],"187":[0,2],"188":[2,0],"189":[2,0],"190":[2,1],"191":[2,0],"192":[0,3],"193":[3,0],"194":[1,2],"195":[3,2,2],"196":[3,0],"197":[0,2],"198":[2,0],"199":[2,0],"200":[0,2],"201":[2,0],"202":[2,0],"203":[0,3],"204":[3,0],"205":[3,0],"206":[0,2],"207":[2,0],"208":[2,0],"209":[0,2],"210":[2,0],"211":[2,0],"212":[0,2],"213":[2,0],"214":[2,0],"215":[2,0],"216":[0,2],"217":[2,0],"218":[2,0],"219":[2,0],"220":[0,2],"221":[2,0],"222":[2,0],"223":[2,0],"224":[0,2],"225":[2,0],"226":[2,0],"227":[0,3],"228":[3,0],"229":[3,0],"230":[0,2],"231":[2,0],"232":[2,0],"233":[2,0],"234":[0,2],"235":[2,0],"236":[1,1],"237":[2,0],"238":[0,2],"239":[2,0],"240":[1,1],"241":[2,0],"242":[0,3],"243":[3,0],"244":[2,1],"245":[3,3],"246":[2,0],"247":[0,3],"248":[3,0],"249":[3,0],"250":[3,1],"251":[1,2],"252":[2,0],"253":[2,2],"254":[0,2],"255":[2,0],"256":[1,1],"257":[2,0],"258":[1,1],"259":[2,1],"260":[0,1],"261":[1,0],"262":[1,0],"263":[6,0],"264":[0,6]},"_coverageSchema":"43e27e138ebf9cfc5966b082cf9a028302ed4184","hash":"cdbb0962d695d33d63c9c6164e170626bfb04ae4"}
,"D:\\Projets\\year-calendar\\js-year-calendar\\locales\\js-year-calendar.ca.js": {"path":"D:\\Projets\\year-calendar\\js-year-calendar\\locales\\js-year-calendar.ca.js","statementMap":{"0":{"start":{"line":9,"column":0},"end":{"line":17,"column":2}}},"fnMap":{},"branchMap":{},"s":{"0":1},"f":{},"b":{},"_coverageSchema":"43e27e138ebf9cfc5966b082cf9a028302ed4184","hash":"37f87b4abf004f25c45c067e635e290fa3a39339"}
,"D:\\Projets\\year-calendar\\js-year-calendar\\locales\\js-year-calendar.cs.js": {"path":"D:\\Projets\\year-calendar\\js-year-calendar\\locales\\js-year-calendar.cs.js","statementMap":{"0":{"start":{"line":10,"column":0},"end":{"line":18,"column":2}}},"fnMap":{},"branchMap":{},"s":{"0":1},"f":{},"b":{},"_coverageSchema":"43e27e138ebf9cfc5966b082cf9a028302ed4184","hash":"4404a64b3bde682e4773a669a1c592926a3b2016"}
,"D:\\Projets\\year-calendar\\js-year-calendar\\locales\\js-year-calendar.de.js": {"path":"D:\\Projets\\year-calendar\\js-year-calendar\\locales\\js-year-calendar.de.js","statementMap":{"0":{"start":{"line":9,"column":0},"end":{"line":17,"column":2}}},"fnMap":{},"branchMap":{},"s":{"0":1},"f":{},"b":{},"_coverageSchema":"43e27e138ebf9cfc5966b082cf9a028302ed4184","hash":"eb7c23869034b30868279772b6d20b0b1f2780bf"}
,"D:\\Projets\\year-calendar\\js-year-calendar\\locales\\js-year-calendar.es.js": {"path":"D:\\Projets\\year-calendar\\js-year-calendar\\locales\\js-year-calendar.es.js","statementMap":{"0":{"start":{"line":9,"column":0},"end":{"line":17,"column":2}}},"fnMap":{},"branchMap":{},"s":{"0":1},"f":{},"b":{},"_coverageSchema":"43e27e138ebf9cfc5966b082cf9a028302ed4184","hash":"8445c51b5f0860c5d8e75bd8ed835633fd688383"}
,"D:\\Projets\\year-calendar\\js-year-calendar\\locales\\js-year-calendar.eu.js": {"path":"D:\\Projets\\year-calendar\\js-year-calendar\\locales\\js-year-calendar.eu.js","statementMap":{"0":{"start":{"line":8,"column":0},"end":{"line":16,"column":2}}},"fnMap":{},"branchMap":{},"s":{"0":1},"f":{},"b":{},"_coverageSchema":"43e27e138ebf9cfc5966b082cf9a028302ed4184","hash":"82d627fd3061cca312f66569f07fadae171e4dd0"}
,"D:\\Projets\\year-calendar\\js-year-calendar\\locales\\js-year-calendar.fi.js": {"path":"D:\\Projets\\year-calendar\\js-year-calendar\\locales\\js-year-calendar.fi.js","statementMap":{"0":{"start":{"line":6,"column":0},"end":{"line":14,"column":2}}},"fnMap":{},"branchMap":{},"s":{"0":1},"f":{},"b":{},"_coverageSchema":"43e27e138ebf9cfc5966b082cf9a028302ed4184","hash":"ab6df832a4f9c0dc85176ca280d1f37a73b611c5"}
,"D:\\Projets\\year-calendar\\js-year-calendar\\locales\\js-year-calendar.fr.js": {"path":"D:\\Projets\\year-calendar\\js-year-calendar\\locales\\js-year-calendar.fr.js","statementMap":{"0":{"start":{"line":9,"column":0},"end":{"line":17,"column":2}}},"fnMap":{},"branchMap":{},"s":{"0":3},"f":{},"b":{},"_coverageSchema":"43e27e138ebf9cfc5966b082cf9a028302ed4184","hash":"72a7adc6aa9f8ce7eb4dc052d415af9f4851cc95"}
,"D:\\Projets\\year-calendar\\js-year-calendar\\locales\\js-year-calendar.hr.js": {"path":"D:\\Projets\\year-calendar\\js-year-calendar\\locales\\js-year-calendar.hr.js","statementMap":{"0":{"start":{"line":6,"column":0},"end":{"line":14,"column":2}}},"fnMap":{},"branchMap":{},"s":{"0":1},"f":{},"b":{},"_coverageSchema":"43e27e138ebf9cfc5966b082cf9a028302ed4184","hash":"c88096890097c73267aca6839b8f52da7eb66fd8"}
,"D:\\Projets\\year-calendar\\js-year-calendar\\locales\\js-year-calendar.hu.js": {"path":"D:\\Projets\\year-calendar\\js-year-calendar\\locales\\js-year-calendar.hu.js","statementMap":{"0":{"start":{"line":9,"column":0},"end":{"line":17,"column":2}}},"fnMap":{},"branchMap":{},"s":{"0":1},"f":{},"b":{},"_coverageSchema":"43e27e138ebf9cfc5966b082cf9a028302ed4184","hash":"add741cc714c82aa8e038835014c45917bbf4c45"}
,"D:\\Projets\\year-calendar\\js-year-calendar\\locales\\js-year-calendar.id.js": {"path":"D:\\Projets\\year-calendar\\js-year-calendar\\locales\\js-year-calendar.id.js","statementMap":{"0":{"start":{"line":9,"column":0},"end":{"line":17,"column":2}}},"fnMap":{},"branchMap":{},"s":{"0":1},"f":{},"b":{},"_coverageSchema":"43e27e138ebf9cfc5966b082cf9a028302ed4184","hash":"567219dcbb367577593cc4ad67624ea8edbb1b50"}
,"D:\\Projets\\year-calendar\\js-year-calendar\\locales\\js-year-calendar.is.js": {"path":"D:\\Projets\\year-calendar\\js-year-calendar\\locales\\js-year-calendar.is.js","statementMap":{"0":{"start":{"line":9,"column":0},"end":{"line":17,"column":2}}},"fnMap":{},"branchMap":{},"s":{"0":1},"f":{},"b":{},"_coverageSchema":"43e27e138ebf9cfc5966b082cf9a028302ed4184","hash":"b7341728aed28d408bfb5ea00c8a49a469330913"}
,"D:\\Projets\\year-calendar\\js-year-calendar\\locales\\js-year-calendar.it.js": {"path":"D:\\Projets\\year-calendar\\js-year-calendar\\locales\\js-year-calendar.it.js","statementMap":{"0":{"start":{"line":9,"column":0},"end":{"line":17,"column":2}}},"fnMap":{},"branchMap":{},"s":{"0":1},"f":{},"b":{},"_coverageSchema":"43e27e138ebf9cfc5966b082cf9a028302ed4184","hash":"0523f3fa10693968159f1694b490bfbcb664992b"}
,"D:\\Projets\\year-calendar\\js-year-calendar\\locales\\js-year-calendar.ja.js": {"path":"D:\\Projets\\year-calendar\\js-year-calendar\\locales\\js-year-calendar.ja.js","statementMap":{"0":{"start":{"line":9,"column":0},"end":{"line":17,"column":2}}},"fnMap":{},"branchMap":{},"s":{"0":1},"f":{},"b":{},"_coverageSchema":"43e27e138ebf9cfc5966b082cf9a028302ed4184","hash":"39707e3a75f73f03be3a6d4d2f4eafd07d11994e"}
,"D:\\Projets\\year-calendar\\js-year-calendar\\locales\\js-year-calendar.lt.js": {"path":"D:\\Projets\\year-calendar\\js-year-calendar\\locales\\js-year-calendar.lt.js","statementMap":{"0":{"start":{"line":8,"column":0},"end":{"line":16,"column":2}}},"fnMap":{},"branchMap":{},"s":{"0":1},"f":{},"b":{},"_coverageSchema":"43e27e138ebf9cfc5966b082cf9a028302ed4184","hash":"b384cc9e4d4a27cfd12ef341b71149982c63d086"}
,"D:\\Projets\\year-calendar\\js-year-calendar\\locales\\js-year-calendar.lv.js": {"path":"D:\\Projets\\year-calendar\\js-year-calendar\\locales\\js-year-calendar.lv.js","statementMap":{"0":{"start":{"line":6,"column":0},"end":{"line":14,"column":2}}},"fnMap":{},"branchMap":{},"s":{"0":1},"f":{},"b":{},"_coverageSchema":"43e27e138ebf9cfc5966b082cf9a028302ed4184","hash":"5e33bb9c41ec896685436a759727f728173080ee"}
,"D:\\Projets\\year-calendar\\js-year-calendar\\locales\\js-year-calendar.nl.js": {"path":"D:\\Projets\\year-calendar\\js-year-calendar\\locales\\js-year-calendar.nl.js","statementMap":{"0":{"start":{"line":9,"column":0},"end":{"line":17,"column":2}}},"fnMap":{},"branchMap":{},"s":{"0":1},"f":{},"b":{},"_coverageSchema":"43e27e138ebf9cfc5966b082cf9a028302ed4184","hash":"3ba552ced121fbee3d40740b8edc064c1467f4aa"}
,"D:\\Projets\\year-calendar\\js-year-calendar\\locales\\js-year-calendar.pl.js": {"path":"D:\\Projets\\year-calendar\\js-year-calendar\\locales\\js-year-calendar.pl.js","statementMap":{"0":{"start":{"line":6,"column":0},"end":{"line":14,"column":2}}},"fnMap":{},"branchMap":{},"s":{"0":1},"f":{},"b":{},"_coverageSchema":"43e27e138ebf9cfc5966b082cf9a028302ed4184","hash":"d24207ea7b10fb0320816f0cf683877bb4418be6"}
,"D:\\Projets\\year-calendar\\js-year-calendar\\locales\\js-year-calendar.pt.js": {"path":"D:\\Projets\\year-calendar\\js-year-calendar\\locales\\js-year-calendar.pt.js","statementMap":{"0":{"start":{"line":10,"column":0},"end":{"line":18,"column":2}}},"fnMap":{},"branchMap":{},"s":{"0":1},"f":{},"b":{},"_coverageSchema":"43e27e138ebf9cfc5966b082cf9a028302ed4184","hash":"ddb70ab8570915228e6205e9aca54ae5b3f9a303"}
,"D:\\Projets\\year-calendar\\js-year-calendar\\locales\\js-year-calendar.ru.js": {"path":"D:\\Projets\\year-calendar\\js-year-calendar\\locales\\js-year-calendar.ru.js","statementMap":{"0":{"start":{"line":9,"column":0},"end":{"line":17,"column":2}}},"fnMap":{},"branchMap":{},"s":{"0":1},"f":{},"b":{},"_coverageSchema":"43e27e138ebf9cfc5966b082cf9a028302ed4184","hash":"4125bd4e12b914850b145429a93c5e0296832bd2"}
,"D:\\Projets\\year-calendar\\js-year-calendar\\locales\\js-year-calendar.sk.js": {"path":"D:\\Projets\\year-calendar\\js-year-calendar\\locales\\js-year-calendar.sk.js","statementMap":{"0":{"start":{"line":7,"column":0},"end":{"line":15,"column":2}}},"fnMap":{},"branchMap":{},"s":{"0":1},"f":{},"b":{},"_coverageSchema":"43e27e138ebf9cfc5966b082cf9a028302ed4184","hash":"b0360ed6ee5c091744717e967dd090877b72a141"}
,"D:\\Projets\\year-calendar\\js-year-calendar\\locales\\js-year-calendar.sr.js": {"path":"D:\\Projets\\year-calendar\\js-year-calendar\\locales\\js-year-calendar.sr.js","statementMap":{"0":{"start":{"line":6,"column":0},"end":{"line":14,"column":2}}},"fnMap":{},"branchMap":{},"s":{"0":1},"f":{},"b":{},"_coverageSchema":"43e27e138ebf9cfc5966b082cf9a028302ed4184","hash":"0b4098238eb1a42b9db76cfcdd31ec4d93b3a26c"}
,"D:\\Projets\\year-calendar\\js-year-calendar\\locales\\js-year-calendar.th.js": {"path":"D:\\Projets\\year-calendar\\js-year-calendar\\locales\\js-year-calendar.th.js","statementMap":{"0":{"start":{"line":7,"column":0},"end":{"line":15,"column":2}}},"fnMap":{},"branchMap":{},"s":{"0":1},"f":{},"b":{},"_coverageSchema":"43e27e138ebf9cfc5966b082cf9a028302ed4184","hash":"ac2be3b8c137dccf870ea7d887e0074ba7a64230"}
,"D:\\Projets\\year-calendar\\js-year-calendar\\locales\\js-year-calendar.tr.js": {"path":"D:\\Projets\\year-calendar\\js-year-calendar\\locales\\js-year-calendar.tr.js","statementMap":{"0":{"start":{"line":9,"column":0},"end":{"line":17,"column":2}}},"fnMap":{},"branchMap":{},"s":{"0":1},"f":{},"b":{},"_coverageSchema":"43e27e138ebf9cfc5966b082cf9a028302ed4184","hash":"27cac77b2bc05439aecce2feff8d9fc2188f206c"}
,"D:\\Projets\\year-calendar\\js-year-calendar\\locales\\js-year-calendar.ua.js": {"path":"D:\\Projets\\year-calendar\\js-year-calendar\\locales\\js-year-calendar.ua.js","statementMap":{"0":{"start":{"line":6,"column":0},"end":{"line":14,"column":2}}},"fnMap":{},"branchMap":{},"s":{"0":1},"f":{},"b":{},"_coverageSchema":"43e27e138ebf9cfc5966b082cf9a028302ed4184","hash":"acb1a11a920d077b654d727bc43e8661a5fc69cf"}
,"D:\\Projets\\year-calendar\\js-year-calendar\\locales\\js-year-calendar.uk.js": {"path":"D:\\Projets\\year-calendar\\js-year-calendar\\locales\\js-year-calendar.uk.js","statementMap":{"0":{"start":{"line":6,"column":0},"end":{"line":14,"column":2}}},"fnMap":{},"branchMap":{},"s":{"0":1},"f":{},"b":{},"_coverageSchema":"43e27e138ebf9cfc5966b082cf9a028302ed4184","hash":"bd5c586dff3257ba994f17279bff29edc03ef8db"}
,"D:\\Projets\\year-calendar\\js-year-calendar\\locales\\js-year-calendar.uz.js": {"path":"D:\\Projets\\year-calendar\\js-year-calendar\\locales\\js-year-calendar.uz.js","statementMap":{"0":{"start":{"line":9,"column":0},"end":{"line":17,"column":2}}},"fnMap":{},"branchMap":{},"s":{"0":1},"f":{},"b":{},"_coverageSchema":"43e27e138ebf9cfc5966b082cf9a028302ed4184","hash":"003b625f96e3de73e5ea7b5e9764e4831aa98046"}
,"D:\\Projets\\year-calendar\\js-year-calendar\\locales\\js-year-calendar.zh-CN.js": {"path":"D:\\Projets\\year-calendar\\js-year-calendar\\locales\\js-year-calendar.zh-CN.js","statementMap":{"0":{"start":{"line":9,"column":0},"end":{"line":17,"column":2}}},"fnMap":{},"branchMap":{},"s":{"0":1},"f":{},"b":{},"_coverageSchema":"43e27e138ebf9cfc5966b082cf9a028302ed4184","hash":"ad0bb018da05d05b09406e4c435d2ea39e3d0707"}
,"D:\\Projets\\year-calendar\\js-year-calendar\\locales\\js-year-calendar.zh-TW.js": {"path":"D:\\Projets\\year-calendar\\js-year-calendar\\locales\\js-year-calendar.zh-TW.js","statementMap":{"0":{"start":{"line":9,"column":0},"end":{"line":17,"column":2}}},"fnMap":{},"branchMap":{},"s":{"0":1},"f":{},"b":{},"_coverageSchema":"43e27e138ebf9cfc5966b082cf9a028302ed4184","hash":"76a31d217288f615283c10fd7bb35bbf2037ddae"}
}
