TN:
SF:D:\Projets\year-calendar\js-year-calendar\dist\js-year-calendar.js
FN:1,(anonymous_0)
FN:13,(anonymous_1)
FN:21,_typeof
FN:21,_typeof
FN:21,_typeof
FN:23,_classCallCheck
FN:25,_defineProperties
FN:27,_createClass
FN:29,_defineProperty
FN:55,(anonymous_9)
FN:146,Calendar
FN:200,_initializeOptions
FN:238,_initializeEvents
FN:273,_fetchDataSource
FN:296,_initializeDatasourceColors
FN:309,render
FN:335,(anonymous_16)
FN:337,(anonymous_17)
FN:349,_renderHeader
FN:420,_renderBody
FN:539,_renderLoading
FN:570,_renderDataSource
FN:574,(anonymous_22)
FN:589,(anonymous_23)
FN:613,_renderDataSourceDay
FN:700,_applyEvents
FN:705,(anonymous_26)
FN:706,(anonymous_27)
FN:712,(anonymous_28)
FN:718,(anonymous_29)
FN:722,(anonymous_30)
FN:728,(anonymous_31)
FN:734,(anonymous_32)
FN:738,(anonymous_33)
FN:747,(anonymous_34)
FN:749,(anonymous_35)
FN:762,(anonymous_36)
FN:782,(anonymous_37)
FN:794,(anonymous_38)
FN:840,(anonymous_39)
FN:851,(anonymous_40)
FN:864,(anonymous_41)
FN:889,(anonymous_42)
FN:910,(anonymous_43)
FN:920,_refreshRange
FN:923,(anonymous_45)
FN:926,(anonymous_46)
FN:929,(anonymous_47)
FN:936,(anonymous_48)
FN:940,(anonymous_49)
FN:961,_getElementPosition
FN:978,_openContextMenu
FN:1020,(anonymous_52)
FN:1029,_renderContextMenuItems
FN:1046,(anonymous_54)
FN:1047,(anonymous_55)
FN:1070,_getDate
FN:1078,_triggerEvent
FN:1091,_isDisabled
FN:1116,_isHidden
FN:1135,getWeekNumber
FN:1154,getEvents
FN:1166,getEventsOnRange
FN:1185,getYear
FN:1196,setYear
FN:1220,(anonymous_65)
FN:1240,getMinDate
FN:1252,setMinDate
FN:1269,getMaxDate
FN:1281,setMaxDate
FN:1298,getStyle
FN:1310,setStyle
FN:1324,getAllowOverlap
FN:1335,setAllowOverlap
FN:1344,getDisplayWeekNumber
FN:1356,setDisplayWeekNumber
FN:1370,getDisplayHeader
FN:1382,setDisplayHeader
FN:1396,getDisplayDisabledDataSource
FN:1408,setDisplayDisabledDataSource
FN:1422,getAlwaysHalfDay
FN:1435,setAlwaysHalfDay
FN:1449,getEnableRangeSelection
FN:1461,setEnableRangeSelection
FN:1475,getDisabledDays
FN:1487,setDisabledDays
FN:1501,getDisabledWeekDays
FN:1513,setDisabledWeekDays
FN:1527,getHiddenWeekDays
FN:1539,setHiddenWeekDays
FN:1553,getRoundRangeLimits
FN:1566,setRoundRangeLimits
FN:1580,getEnableContextMenu
FN:1593,setEnableContextMenu
FN:1607,getContextMenuItems
FN:1619,setContextMenuItems
FN:1633,getCustomDayRenderer
FN:1645,setCustomDayRenderer
FN:1659,getCustomDataSourceRenderer
FN:1671,setCustomDataSourceRenderer
FN:1685,getLanguage
FN:1697,setLanguage
FN:1714,getDataSource
FN:1726,setDataSource
FN:1735,(anonymous_104)
FN:1758,getWeekStart
FN:1770,setWeekStart
FN:1784,getLoadingTemplate
FN:1795,setLoadingTemplate
FN:1808,addEvent
FN:1840,(anonymous_110)
FN:1841,(anonymous_111)
FNF:112
FNH:108
FNDA:6,(anonymous_0)
FNDA:6,(anonymous_1)
FNDA:6,_typeof
FNDA:6,_typeof
FNDA:0,_typeof
FNDA:64,_classCallCheck
FNDA:6,_defineProperties
FNDA:6,_createClass
FNDA:972,_defineProperty
FNDA:6,(anonymous_9)
FNDA:64,Calendar
FNDA:63,_initializeOptions
FNDA:63,_initializeEvents
FNDA:7,_fetchDataSource
FNDA:69,_initializeDatasourceColors
FNDA:129,render
FNDA:37,(anonymous_16)
FNDA:8,(anonymous_17)
FNDA:205,_renderHeader
FNDA:122,_renderBody
FNDA:7,_renderLoading
FNDA:122,_renderDataSource
FNDA:300,(anonymous_22)
FNDA:5450,(anonymous_23)
FNDA:265,_renderDataSourceDay
FNDA:122,_applyEvents
FNDA:480,(anonymous_26)
FNDA:4,(anonymous_27)
FNDA:1,(anonymous_28)
FNDA:1,(anonymous_29)
FNDA:1,(anonymous_30)
FNDA:1,(anonymous_31)
FNDA:1,(anonymous_32)
FNDA:1,(anonymous_33)
FNDA:42511,(anonymous_34)
FNDA:2,(anonymous_35)
FNDA:5,(anonymous_36)
FNDA:4,(anonymous_37)
FNDA:4,(anonymous_38)
FNDA:7,(anonymous_39)
FNDA:2,(anonymous_40)
FNDA:1,(anonymous_41)
FNDA:30,(anonymous_42)
FNDA:360,(anonymous_43)
FNDA:9,_refreshRange
FNDA:45,(anonymous_45)
FNDA:5,(anonymous_46)
FNDA:5,(anonymous_47)
FNDA:96,(anonymous_48)
FNDA:277,(anonymous_49)
FNDA:1,_getElementPosition
FNDA:2,_openContextMenu
FNDA:0,(anonymous_52)
FNDA:2,_renderContextMenuItems
FNDA:0,(anonymous_54)
FNDA:0,(anonymous_55)
FNDA:299,_getDate
FNDA:214,_triggerEvent
FNDA:44793,_isDisabled
FNDA:63273,_isHidden
FNDA:188,getWeekNumber
FNDA:23,getEvents
FNDA:29,getEventsOnRange
FNDA:9,getYear
FNDA:80,setYear
FNDA:6,(anonymous_65)
FNDA:3,getMinDate
FNDA:2,setMinDate
FNDA:3,getMaxDate
FNDA:2,setMaxDate
FNDA:4,getStyle
FNDA:3,setStyle
FNDA:3,getAllowOverlap
FNDA:2,setAllowOverlap
FNDA:3,getDisplayWeekNumber
FNDA:2,setDisplayWeekNumber
FNDA:3,getDisplayHeader
FNDA:2,setDisplayHeader
FNDA:3,getDisplayDisabledDataSource
FNDA:3,setDisplayDisabledDataSource
FNDA:3,getAlwaysHalfDay
FNDA:2,setAlwaysHalfDay
FNDA:3,getEnableRangeSelection
FNDA:2,setEnableRangeSelection
FNDA:3,getDisabledDays
FNDA:2,setDisabledDays
FNDA:3,getDisabledWeekDays
FNDA:2,setDisabledWeekDays
FNDA:3,getHiddenWeekDays
FNDA:2,setHiddenWeekDays
FNDA:3,getRoundRangeLimits
FNDA:2,setRoundRangeLimits
FNDA:3,getEnableContextMenu
FNDA:3,setEnableContextMenu
FNDA:3,getContextMenuItems
FNDA:2,setContextMenuItems
FNDA:3,getCustomDayRenderer
FNDA:2,setCustomDayRenderer
FNDA:3,getCustomDataSourceRenderer
FNDA:2,setCustomDataSourceRenderer
FNDA:3,getLanguage
FNDA:3,setLanguage
FNDA:5,getDataSource
FNDA:3,setDataSource
FNDA:1,(anonymous_104)
FNDA:4,getWeekStart
FNDA:2,setWeekStart
FNDA:3,getLoadingTemplate
FNDA:2,setLoadingTemplate
FNDA:1,addEvent
FNDA:1,(anonymous_110)
FNDA:1,(anonymous_111)
DA:1,6
DA:2,6
DA:3,0
DA:4,6
DA:5,6
DA:7,0
DA:10,0
DA:11,0
DA:16,6
DA:19,6
DA:21,6
DA:23,64
DA:25,402
DA:27,6
DA:29,972
DA:55,6
DA:147,64
DA:149,64
DA:151,64
DA:153,64
DA:155,64
DA:157,64
DA:159,64
DA:161,64
DA:163,64
DA:165,64
DA:167,64
DA:169,64
DA:171,64
DA:173,64
DA:175,64
DA:177,64
DA:179,64
DA:181,64
DA:182,3
DA:183,61
DA:184,60
DA:186,1
DA:189,63
DA:191,63
DA:193,63
DA:195,63
DA:198,6
DA:201,63
DA:202,11
DA:205,63
DA:230,63
DA:231,60
DA:233,60
DA:239,63
DA:240,11
DA:243,63
DA:244,1
DA:247,63
DA:248,1
DA:251,63
DA:252,1
DA:255,63
DA:256,1
DA:259,63
DA:260,1
DA:263,63
DA:264,1
DA:267,63
DA:268,1
DA:274,7
DA:275,7
DA:277,7
DA:279,2
DA:282,5
DA:284,5
DA:285,3
DA:287,2
DA:291,0
DA:297,69
DA:298,34
DA:299,32
DA:310,129
DA:313,129
DA:314,177
DA:317,129
DA:318,127
DA:321,129
DA:322,7
DA:324,122
DA:326,122
DA:328,122
DA:331,122
DA:332,122
DA:333,122
DA:334,122
DA:335,122
DA:336,37
DA:337,37
DA:338,8
DA:342,122
DA:350,205
DA:351,205
DA:352,205
DA:353,205
DA:354,205
DA:356,205
DA:357,4
DA:360,205
DA:361,205
DA:362,205
DA:363,205
DA:364,205
DA:365,205
DA:366,205
DA:368,205
DA:369,6
DA:372,205
DA:373,205
DA:374,205
DA:375,205
DA:377,205
DA:378,4
DA:381,205
DA:382,205
DA:383,205
DA:384,205
DA:385,205
DA:386,205
DA:387,205
DA:388,205
DA:390,205
DA:391,7
DA:394,205
DA:395,205
DA:396,205
DA:397,205
DA:399,205
DA:400,9
DA:403,205
DA:404,205
DA:405,205
DA:407,205
DA:408,7
DA:411,205
DA:412,205
DA:413,205
DA:414,205
DA:415,205
DA:416,205
DA:421,122
DA:422,122
DA:424,122
DA:426,1464
DA:427,1464
DA:428,1464
DA:430,1464
DA:431,0
DA:434,1464
DA:435,1464
DA:436,1464
DA:439,1464
DA:440,1464
DA:441,1464
DA:442,1464
DA:443,1464
DA:444,1464
DA:445,1464
DA:446,1464
DA:447,1464
DA:449,1464
DA:450,36
DA:451,36
DA:452,36
DA:453,36
DA:456,1464
DA:457,1464
DA:459,1464
DA:460,10248
DA:461,10248
DA:462,10248
DA:464,10248
DA:465,84
DA:468,10248
DA:469,10248
DA:470,10248
DA:473,1464
DA:474,1464
DA:477,1464
DA:478,1464
DA:480,1464
DA:481,4214
DA:484,1464
DA:485,7575
DA:487,7575
DA:488,186
DA:489,186
DA:491,186
DA:492,186
DA:493,186
DA:494,186
DA:497,7575
DA:498,53025
DA:499,53025
DA:501,53025
DA:502,434
DA:505,53025
DA:506,4214
DA:507,48811
DA:508,4273
DA:510,44538
DA:511,2027
DA:514,44538
DA:515,44538
DA:516,44538
DA:517,44538
DA:519,44538
DA:520,730
DA:524,53025
DA:525,53025
DA:528,7575
DA:531,1464
DA:532,1464
DA:535,122
DA:540,7
DA:541,7
DA:542,7
DA:543,7
DA:544,7
DA:546,7
DA:547,0
DA:548,0
DA:549,0
DA:550,0
DA:553,7
DA:554,7
DA:556,7
DA:557,21
DA:558,21
DA:559,21
DA:562,7
DA:565,7
DA:566,7
DA:571,122
DA:573,122
DA:574,25
DA:575,300
DA:576,300
DA:577,300
DA:579,300
DA:580,300
DA:582,300
DA:583,456
DA:584,263
DA:588,300
DA:589,178
DA:590,5450
DA:591,5450
DA:592,5450
DA:594,5450
DA:595,5450
DA:596,8049
DA:597,272
DA:601,5450
DA:602,265
DA:614,265
DA:616,265
DA:618,222
DA:620,222
DA:621,218
DA:622,4
DA:623,4
DA:625,0
DA:628,222
DA:629,222
DA:631,222
DA:632,228
DA:633,6
DA:636,228
DA:639,222
DA:642,222
DA:645,43
DA:646,43
DA:648,43
DA:649,4
DA:651,4
DA:652,0
DA:654,0
DA:656,0
DA:657,0
DA:658,0
DA:659,0
DA:663,0
DA:664,4
DA:665,1
DA:667,39
DA:668,4
DA:670,4
DA:671,0
DA:673,0
DA:675,0
DA:676,0
DA:677,0
DA:678,0
DA:682,0
DA:683,4
DA:684,1
DA:688,43
DA:691,0
DA:692,0
DA:695,0
DA:701,122
DA:703,122
DA:705,120
DA:706,480
DA:707,4
DA:708,4
DA:712,120
DA:713,1
DA:714,1
DA:716,1
DA:717,1
DA:718,1
DA:719,1
DA:720,1
DA:721,1
DA:722,1
DA:723,1
DA:728,120
DA:729,1
DA:730,1
DA:732,1
DA:733,1
DA:734,1
DA:735,1
DA:736,1
DA:737,1
DA:738,1
DA:739,1
DA:746,122
DA:747,122
DA:749,42511
DA:750,2
DA:752,2
DA:754,2
DA:762,42511
DA:763,5
DA:764,2
DA:766,2
DA:767,2
DA:771,5
DA:773,5
DA:781,42511
DA:782,2190
DA:783,4
DA:784,4
DA:786,4
DA:787,4
DA:788,4
DA:790,4
DA:794,2190
DA:795,4
DA:796,4
DA:798,4
DA:799,1
DA:801,1
DA:802,1
DA:804,1
DA:805,4
DA:806,1
DA:809,3
DA:810,3
DA:813,0
DA:815,0
DA:816,0
DA:817,0
DA:820,0
DA:821,0
DA:825,1
DA:828,4
DA:829,4
DA:831,4
DA:832,4
DA:840,42511
DA:841,7
DA:842,3
DA:844,3
DA:851,42511
DA:852,2
DA:854,2
DA:862,122
DA:864,6
DA:865,1
DA:866,1
DA:868,1
DA:870,1
DA:871,1
DA:873,1
DA:884,122
DA:885,59
DA:886,59
DA:889,122
DA:890,30
DA:891,0
DA:894,30
DA:895,30
DA:896,30
DA:898,30
DA:899,0
DA:900,30
DA:901,0
DA:902,30
DA:903,0
DA:904,30
DA:905,0
DA:907,30
DA:910,30
DA:911,360
DA:912,240
DA:913,240
DA:921,9
DA:923,9
DA:924,45
DA:926,9
DA:927,5
DA:929,9
DA:930,5
DA:933,9
DA:934,8
DA:935,8
DA:936,8
DA:937,96
DA:939,96
DA:940,9
DA:941,277
DA:943,277
DA:944,67
DA:946,67
DA:947,8
DA:950,67
DA:951,8
DA:962,1
DA:963,1
DA:965,1
DA:966,1
DA:967,1
DA:968,1
DA:971,1
DA:979,2
DA:981,2
DA:982,1
DA:984,1
DA:985,0
DA:988,1
DA:989,1
DA:990,1
DA:993,2
DA:995,2
DA:997,2
DA:998,1
DA:999,1
DA:1000,1
DA:1001,1
DA:1002,1
DA:1003,1
DA:1004,1
DA:1005,1
DA:1006,1
DA:1007,1
DA:1009,1
DA:1011,1
DA:1014,2
DA:1015,1
DA:1017,1
DA:1018,1
DA:1019,1
DA:1020,1
DA:1021,0
DA:1030,2
DA:1031,2
DA:1033,2
DA:1034,3
DA:1035,0
DA:1038,3
DA:1039,3
DA:1040,3
DA:1041,3
DA:1042,3
DA:1043,3
DA:1045,3
DA:1046,0
DA:1047,0
DA:1048,0
DA:1053,3
DA:1054,3
DA:1055,3
DA:1057,3
DA:1058,1
DA:1061,3
DA:1064,2
DA:1065,2
DA:1071,299
DA:1072,299
DA:1073,299
DA:1074,299
DA:1079,214
DA:1080,214
DA:1082,214
DA:1083,319
DA:1086,214
DA:1087,214
DA:1092,44793
DA:1093,1659
DA:1096,43134
DA:1097,1095
DA:1098,2295
DA:1099,364
DA:1104,42770
DA:1105,1836
DA:1106,2930
DA:1107,5
DA:1112,42765
DA:1117,63273
DA:1118,1554
DA:1119,3256
DA:1120,518
DA:1125,62755
DA:1137,188
DA:1138,188
DA:1140,188
DA:1142,188
DA:1144,188
DA:1155,23
DA:1167,29
DA:1169,29
DA:1170,29
DA:1171,53
DA:1172,21
DA:1177,29
DA:1186,9
DA:1197,80
DA:1199,80
DA:1201,80
DA:1202,79
DA:1204,79
DA:1205,32
DA:1208,79
DA:1209,78
DA:1212,79
DA:1217,79
DA:1218,6
DA:1220,6
DA:1221,6
DA:1223,6
DA:1225,6
DA:1228,73
DA:1229,73
DA:1241,3
DA:1253,2
DA:1255,2
DA:1256,2
DA:1258,2
DA:1259,2
DA:1270,3
DA:1282,2
DA:1284,2
DA:1285,2
DA:1287,2
DA:1288,2
DA:1299,4
DA:1311,3
DA:1312,3
DA:1314,3
DA:1315,3
DA:1325,3
DA:1336,2
DA:1345,3
DA:1357,2
DA:1358,2
DA:1360,2
DA:1361,2
DA:1371,3
DA:1383,2
DA:1384,2
DA:1386,2
DA:1387,2
DA:1397,3
DA:1409,3
DA:1410,3
DA:1412,3
DA:1413,3
DA:1423,3
DA:1436,2
DA:1437,2
DA:1439,2
DA:1440,2
DA:1450,3
DA:1462,2
DA:1463,2
DA:1465,2
DA:1466,2
DA:1476,3
DA:1488,2
DA:1489,2
DA:1491,2
DA:1492,2
DA:1502,3
DA:1514,2
DA:1515,2
DA:1517,2
DA:1518,2
DA:1528,3
DA:1540,2
DA:1541,2
DA:1543,2
DA:1544,2
DA:1554,3
DA:1567,2
DA:1568,2
DA:1570,2
DA:1571,2
DA:1581,3
DA:1594,3
DA:1595,3
DA:1597,3
DA:1598,3
DA:1608,3
DA:1620,2
DA:1621,2
DA:1623,2
DA:1624,2
DA:1634,3
DA:1646,2
DA:1647,2
DA:1649,2
DA:1650,2
DA:1660,3
DA:1672,2
DA:1673,2
DA:1675,2
DA:1676,2
DA:1686,3
DA:1698,3
DA:1700,3
DA:1701,2
DA:1703,2
DA:1704,2
DA:1715,5
DA:1727,3
DA:1729,3
DA:1730,3
DA:1732,3
DA:1733,1
DA:1735,1
DA:1736,1
DA:1738,1
DA:1740,1
DA:1743,2
DA:1745,2
DA:1747,2
DA:1748,2
DA:1759,4
DA:1771,2
DA:1772,2
DA:1774,2
DA:1775,2
DA:1785,3
DA:1796,2
DA:1809,1
DA:1811,1
DA:1813,1
DA:1814,1
DA:1819,6
DA:1822,6
DA:1824,6
DA:1836,6
DA:1838,6
DA:1839,6
DA:1840,6
DA:1841,1
DA:1842,1
LF:676
LH:631
BRDA:2,0,0,0
BRDA:2,0,1,6
BRDA:2,1,0,6
BRDA:2,1,1,0
BRDA:4,2,0,6
BRDA:4,2,1,0
BRDA:21,3,0,6
BRDA:21,3,1,0
BRDA:21,4,0,6
BRDA:21,4,1,6
BRDA:21,5,0,0
BRDA:21,5,1,0
BRDA:21,6,0,0
BRDA:21,6,1,0
BRDA:21,6,2,0
BRDA:21,6,3,0
BRDA:23,7,0,0
BRDA:23,7,1,64
BRDA:25,8,0,402
BRDA:25,8,1,402
BRDA:25,9,0,402
BRDA:25,9,1,0
BRDA:27,10,0,6
BRDA:27,10,1,0
BRDA:27,11,0,0
BRDA:27,11,1,6
BRDA:29,12,0,0
BRDA:29,12,1,972
BRDA:147,13,0,52
BRDA:147,13,1,12
BRDA:147,14,0,64
BRDA:147,14,1,52
BRDA:181,15,0,3
BRDA:181,15,1,61
BRDA:183,16,0,60
BRDA:183,16,1,1
BRDA:201,17,0,11
BRDA:201,17,1,52
BRDA:206,18,0,5
BRDA:206,18,1,58
BRDA:207,19,0,2
BRDA:207,19,1,61
BRDA:208,20,0,2
BRDA:208,20,1,61
BRDA:209,21,0,2
BRDA:209,21,1,61
BRDA:209,22,0,63
BRDA:209,22,1,2
BRDA:210,23,0,3
BRDA:210,23,1,60
BRDA:211,24,0,2
BRDA:211,24,1,61
BRDA:212,25,0,2
BRDA:212,25,1,61
BRDA:213,26,0,2
BRDA:213,26,1,61
BRDA:214,27,0,1
BRDA:214,27,1,62
BRDA:215,28,0,5
BRDA:215,28,1,58
BRDA:216,29,0,3
BRDA:216,29,1,60
BRDA:217,30,0,2
BRDA:217,30,1,61
BRDA:218,31,0,2
BRDA:218,31,1,61
BRDA:219,32,0,2
BRDA:219,32,1,61
BRDA:220,33,0,18
BRDA:220,33,1,45
BRDA:220,34,0,63
BRDA:220,34,1,48
BRDA:221,35,0,4
BRDA:221,35,1,59
BRDA:221,36,0,63
BRDA:221,36,1,60
BRDA:221,36,2,60
BRDA:222,37,0,2
BRDA:222,37,1,61
BRDA:223,38,0,2
BRDA:223,38,1,61
BRDA:224,39,0,1
BRDA:224,39,1,62
BRDA:225,40,0,1
BRDA:225,40,1,62
BRDA:226,41,0,1
BRDA:226,41,1,62
BRDA:227,42,0,1
BRDA:227,42,1,62
BRDA:227,43,0,63
BRDA:227,43,1,62
BRDA:230,44,0,60
BRDA:230,44,1,3
BRDA:239,45,0,11
BRDA:239,45,1,52
BRDA:243,46,0,1
BRDA:243,46,1,62
BRDA:247,47,0,1
BRDA:247,47,1,62
BRDA:251,48,0,1
BRDA:251,48,1,62
BRDA:255,49,0,1
BRDA:255,49,1,62
BRDA:259,50,0,1
BRDA:259,50,1,62
BRDA:263,51,0,1
BRDA:263,51,1,62
BRDA:267,52,0,1
BRDA:267,52,1,62
BRDA:274,53,0,7
BRDA:274,53,1,0
BRDA:277,54,0,2
BRDA:277,54,1,5
BRDA:284,55,0,3
BRDA:284,55,1,2
BRDA:298,56,0,32
BRDA:298,56,1,2
BRDA:310,57,0,14
BRDA:310,57,1,115
BRDA:310,58,0,129
BRDA:310,58,1,14
BRDA:317,59,0,127
BRDA:317,59,1,2
BRDA:321,60,0,7
BRDA:321,60,1,122
BRDA:356,61,0,4
BRDA:356,61,1,201
BRDA:356,62,0,205
BRDA:356,62,1,9
BRDA:368,63,0,6
BRDA:368,63,1,199
BRDA:368,64,0,205
BRDA:368,64,1,9
BRDA:377,65,0,4
BRDA:377,65,1,201
BRDA:377,66,0,205
BRDA:377,66,1,9
BRDA:390,67,0,7
BRDA:390,67,1,198
BRDA:390,68,0,205
BRDA:390,68,1,9
BRDA:399,69,0,9
BRDA:399,69,1,196
BRDA:399,70,0,205
BRDA:399,70,1,9
BRDA:407,71,0,7
BRDA:407,71,1,198
BRDA:407,72,0,205
BRDA:407,72,1,9
BRDA:430,73,0,0
BRDA:430,73,1,1464
BRDA:443,74,0,36
BRDA:443,74,1,1428
BRDA:449,75,0,36
BRDA:449,75,1,1428
BRDA:456,76,0,24
BRDA:456,76,1,1440
BRDA:464,77,0,84
BRDA:464,77,1,10164
BRDA:470,78,0,1464
BRDA:470,78,1,8784
BRDA:487,79,0,186
BRDA:487,79,1,7389
BRDA:501,80,0,434
BRDA:501,80,1,52591
BRDA:505,81,0,4214
BRDA:505,81,1,48811
BRDA:507,82,0,4273
BRDA:507,82,1,44538
BRDA:510,83,0,2027
BRDA:510,83,1,42511
BRDA:519,84,0,730
BRDA:519,84,1,43808
BRDA:546,85,0,0
BRDA:546,85,1,7
BRDA:547,86,0,0
BRDA:547,86,1,0
BRDA:549,87,0,0
BRDA:549,87,1,0
BRDA:573,88,0,25
BRDA:573,88,1,97
BRDA:573,89,0,122
BRDA:573,89,1,122
BRDA:579,90,0,300
BRDA:579,90,1,0
BRDA:579,91,0,300
BRDA:579,91,1,0
BRDA:579,91,2,300
BRDA:579,91,3,0
BRDA:583,92,0,263
BRDA:583,92,1,193
BRDA:583,93,0,456
BRDA:583,93,1,193
BRDA:588,94,0,178
BRDA:588,94,1,122
BRDA:594,95,0,5450
BRDA:594,95,1,0
BRDA:594,96,0,5450
BRDA:594,96,1,0
BRDA:594,96,2,5450
BRDA:594,96,3,0
BRDA:596,97,0,272
BRDA:596,97,1,7777
BRDA:596,98,0,8049
BRDA:596,98,1,6296
BRDA:601,99,0,265
BRDA:601,99,1,5185
BRDA:601,100,0,5450
BRDA:601,100,1,266
BRDA:601,100,2,255
BRDA:616,101,0,222
BRDA:616,101,1,43
BRDA:616,101,2,0
BRDA:620,102,0,218
BRDA:620,102,1,4
BRDA:622,103,0,4
BRDA:622,103,1,0
BRDA:628,104,0,222
BRDA:628,104,1,0
BRDA:632,105,0,6
BRDA:632,105,1,222
BRDA:648,106,0,4
BRDA:648,106,1,39
BRDA:651,107,0,0
BRDA:651,107,1,4
BRDA:651,108,0,4
BRDA:651,108,1,4
BRDA:657,109,0,0
BRDA:657,109,1,0
BRDA:657,110,0,0
BRDA:657,110,1,0
BRDA:657,110,2,0
BRDA:664,111,0,1
BRDA:664,111,1,3
BRDA:667,112,0,4
BRDA:667,112,1,35
BRDA:670,113,0,0
BRDA:670,113,1,4
BRDA:670,114,0,4
BRDA:670,114,1,4
BRDA:676,115,0,0
BRDA:676,115,1,0
BRDA:676,116,0,0
BRDA:676,116,1,0
BRDA:676,116,2,0
BRDA:683,117,0,1
BRDA:683,117,1,3
BRDA:691,118,0,0
BRDA:691,118,1,0
BRDA:703,119,0,120
BRDA:703,119,1,2
BRDA:707,120,0,4
BRDA:707,120,1,0
BRDA:713,121,0,1
BRDA:713,121,1,0
BRDA:729,122,0,1
BRDA:729,122,1,0
BRDA:763,123,0,2
BRDA:763,123,1,3
BRDA:766,124,0,2
BRDA:766,124,1,0
BRDA:781,125,0,2190
BRDA:781,125,1,40321
BRDA:783,126,0,4
BRDA:783,126,1,0
BRDA:786,127,0,4
BRDA:786,127,1,0
BRDA:786,128,0,4
BRDA:786,128,1,1
BRDA:795,129,0,4
BRDA:795,129,1,0
BRDA:798,130,0,1
BRDA:798,130,1,3
BRDA:801,131,0,1
BRDA:801,131,1,0
BRDA:805,132,0,1
BRDA:805,132,1,3
BRDA:816,133,0,0
BRDA:816,133,1,0
BRDA:831,134,0,4
BRDA:831,134,1,0
BRDA:841,135,0,3
BRDA:841,135,1,4
BRDA:862,136,0,6
BRDA:862,136,1,116
BRDA:865,137,0,1
BRDA:865,137,1,0
BRDA:870,138,0,1
BRDA:870,138,1,0
BRDA:871,139,0,1
BRDA:871,139,1,0
BRDA:884,140,0,59
BRDA:884,140,1,63
BRDA:890,141,0,0
BRDA:890,141,1,30
BRDA:898,142,0,0
BRDA:898,142,1,30
BRDA:900,143,0,0
BRDA:900,143,1,30
BRDA:902,144,0,0
BRDA:902,144,1,30
BRDA:904,145,0,0
BRDA:904,145,1,30
BRDA:911,146,0,240
BRDA:911,146,1,120
BRDA:933,147,0,8
BRDA:933,147,1,1
BRDA:934,148,0,4
BRDA:934,148,1,4
BRDA:935,149,0,4
BRDA:935,149,1,4
BRDA:939,150,0,9
BRDA:939,150,1,87
BRDA:939,151,0,96
BRDA:939,151,1,68
BRDA:943,152,0,67
BRDA:943,152,1,210
BRDA:943,153,0,277
BRDA:943,153,1,253
BRDA:946,154,0,8
BRDA:946,154,1,59
BRDA:950,155,0,8
BRDA:950,155,1,59
BRDA:966,156,0,1
BRDA:966,156,1,1
BRDA:967,157,0,1
BRDA:967,157,1,1
BRDA:981,158,0,1
BRDA:981,158,1,1
BRDA:1014,159,0,1
BRDA:1014,159,1,1
BRDA:1034,160,0,0
BRDA:1034,160,1,3
BRDA:1034,161,0,3
BRDA:1034,161,1,3
BRDA:1034,161,2,0
BRDA:1045,162,0,0
BRDA:1045,162,1,3
BRDA:1057,163,0,1
BRDA:1057,163,1,2
BRDA:1057,164,0,3
BRDA:1057,164,1,1
BRDA:1064,165,0,2
BRDA:1064,165,1,0
BRDA:1092,166,0,1659
BRDA:1092,166,1,43134
BRDA:1092,167,0,44793
BRDA:1092,167,1,1826
BRDA:1092,167,2,44365
BRDA:1092,167,3,1826
BRDA:1096,168,0,1095
BRDA:1096,168,1,42039
BRDA:1098,169,0,364
BRDA:1098,169,1,1931
BRDA:1104,170,0,1836
BRDA:1104,170,1,40934
BRDA:1106,171,0,5
BRDA:1106,171,1,2925
BRDA:1117,172,0,1554
BRDA:1117,172,1,61719
BRDA:1119,173,0,518
BRDA:1119,173,1,2738
BRDA:1169,174,0,29
BRDA:1169,174,1,0
BRDA:1169,175,0,29
BRDA:1169,175,1,29
BRDA:1169,175,2,29
BRDA:1171,176,0,21
BRDA:1171,176,1,32
BRDA:1171,177,0,53
BRDA:1171,177,1,21
BRDA:1201,178,0,79
BRDA:1201,178,1,1
BRDA:1208,179,0,78
BRDA:1208,179,1,1
BRDA:1217,180,0,6
BRDA:1217,180,1,73
BRDA:1228,181,0,73
BRDA:1228,181,1,0
BRDA:1253,182,0,0
BRDA:1253,182,1,2
BRDA:1253,183,0,2
BRDA:1253,183,1,0
BRDA:1255,184,0,2
BRDA:1255,184,1,0
BRDA:1255,185,0,2
BRDA:1255,185,1,1
BRDA:1258,186,0,2
BRDA:1258,186,1,0
BRDA:1282,187,0,0
BRDA:1282,187,1,2
BRDA:1282,188,0,2
BRDA:1282,188,1,0
BRDA:1284,189,0,2
BRDA:1284,189,1,0
BRDA:1284,190,0,2
BRDA:1284,190,1,1
BRDA:1287,191,0,2
BRDA:1287,191,1,0
BRDA:1311,192,0,0
BRDA:1311,192,1,3
BRDA:1311,193,0,3
BRDA:1311,193,1,0
BRDA:1312,194,0,1
BRDA:1312,194,1,2
BRDA:1312,195,0,3
BRDA:1312,195,1,2
BRDA:1312,195,2,2
BRDA:1314,196,0,3
BRDA:1314,196,1,0
BRDA:1357,197,0,0
BRDA:1357,197,1,2
BRDA:1357,198,0,2
BRDA:1357,198,1,0
BRDA:1360,199,0,2
BRDA:1360,199,1,0
BRDA:1383,200,0,0
BRDA:1383,200,1,2
BRDA:1383,201,0,2
BRDA:1383,201,1,0
BRDA:1386,202,0,2
BRDA:1386,202,1,0
BRDA:1409,203,0,0
BRDA:1409,203,1,3
BRDA:1409,204,0,3
BRDA:1409,204,1,0
BRDA:1412,205,0,3
BRDA:1412,205,1,0
BRDA:1436,206,0,0
BRDA:1436,206,1,2
BRDA:1436,207,0,2
BRDA:1436,207,1,0
BRDA:1439,208,0,2
BRDA:1439,208,1,0
BRDA:1462,209,0,0
BRDA:1462,209,1,2
BRDA:1462,210,0,2
BRDA:1462,210,1,0
BRDA:1465,211,0,2
BRDA:1465,211,1,0
BRDA:1488,212,0,0
BRDA:1488,212,1,2
BRDA:1488,213,0,2
BRDA:1488,213,1,0
BRDA:1489,214,0,2
BRDA:1489,214,1,0
BRDA:1491,215,0,2
BRDA:1491,215,1,0
BRDA:1514,216,0,0
BRDA:1514,216,1,2
BRDA:1514,217,0,2
BRDA:1514,217,1,0
BRDA:1515,218,0,2
BRDA:1515,218,1,0
BRDA:1517,219,0,2
BRDA:1517,219,1,0
BRDA:1540,220,0,0
BRDA:1540,220,1,2
BRDA:1540,221,0,2
BRDA:1540,221,1,0
BRDA:1541,222,0,2
BRDA:1541,222,1,0
BRDA:1543,223,0,2
BRDA:1543,223,1,0
BRDA:1567,224,0,0
BRDA:1567,224,1,2
BRDA:1567,225,0,2
BRDA:1567,225,1,0
BRDA:1570,226,0,2
BRDA:1570,226,1,0
BRDA:1594,227,0,0
BRDA:1594,227,1,3
BRDA:1594,228,0,3
BRDA:1594,228,1,0
BRDA:1597,229,0,3
BRDA:1597,229,1,0
BRDA:1620,230,0,0
BRDA:1620,230,1,2
BRDA:1620,231,0,2
BRDA:1620,231,1,0
BRDA:1621,232,0,2
BRDA:1621,232,1,0
BRDA:1623,233,0,2
BRDA:1623,233,1,0
BRDA:1646,234,0,0
BRDA:1646,234,1,2
BRDA:1646,235,0,2
BRDA:1646,235,1,0
BRDA:1647,236,0,1
BRDA:1647,236,1,1
BRDA:1649,237,0,2
BRDA:1649,237,1,0
BRDA:1672,238,0,0
BRDA:1672,238,1,2
BRDA:1672,239,0,2
BRDA:1672,239,1,0
BRDA:1673,240,0,1
BRDA:1673,240,1,1
BRDA:1675,241,0,2
BRDA:1675,241,1,0
BRDA:1698,242,0,0
BRDA:1698,242,1,3
BRDA:1698,243,0,3
BRDA:1698,243,1,0
BRDA:1700,244,0,2
BRDA:1700,244,1,1
BRDA:1700,245,0,3
BRDA:1700,245,1,3
BRDA:1703,246,0,2
BRDA:1703,246,1,0
BRDA:1729,247,0,0
BRDA:1729,247,1,3
BRDA:1729,248,0,3
BRDA:1729,248,1,0
BRDA:1730,249,0,3
BRDA:1730,249,1,0
BRDA:1730,250,0,3
BRDA:1730,250,1,1
BRDA:1732,251,0,1
BRDA:1732,251,1,2
BRDA:1747,252,0,2
BRDA:1747,252,1,0
BRDA:1759,253,0,2
BRDA:1759,253,1,2
BRDA:1771,254,0,0
BRDA:1771,254,1,2
BRDA:1771,255,0,2
BRDA:1771,255,1,0
BRDA:1772,256,0,1
BRDA:1772,256,1,1
BRDA:1774,257,0,2
BRDA:1774,257,1,0
BRDA:1796,258,0,1
BRDA:1796,258,1,1
BRDA:1796,259,0,2
BRDA:1796,259,1,1
BRDA:1809,260,0,0
BRDA:1809,260,1,1
BRDA:1809,261,0,1
BRDA:1809,261,1,0
BRDA:1813,262,0,1
BRDA:1813,262,1,0
BRDA:1838,263,0,6
BRDA:1838,263,1,0
BRDA:1838,264,0,0
BRDA:1838,264,1,6
BRF:546
BRH:407
end_of_record
TN:
SF:D:\Projets\year-calendar\js-year-calendar\locales\js-year-calendar.ca.js
FNF:0
FNH:0
DA:9,1
LF:1
LH:1
BRF:0
BRH:0
end_of_record
TN:
SF:D:\Projets\year-calendar\js-year-calendar\locales\js-year-calendar.cs.js
FNF:0
FNH:0
DA:10,1
LF:1
LH:1
BRF:0
BRH:0
end_of_record
TN:
SF:D:\Projets\year-calendar\js-year-calendar\locales\js-year-calendar.de.js
FNF:0
FNH:0
DA:9,1
LF:1
LH:1
BRF:0
BRH:0
end_of_record
TN:
SF:D:\Projets\year-calendar\js-year-calendar\locales\js-year-calendar.es.js
FNF:0
FNH:0
DA:9,1
LF:1
LH:1
BRF:0
BRH:0
end_of_record
TN:
SF:D:\Projets\year-calendar\js-year-calendar\locales\js-year-calendar.eu.js
FNF:0
FNH:0
DA:8,1
LF:1
LH:1
BRF:0
BRH:0
end_of_record
TN:
SF:D:\Projets\year-calendar\js-year-calendar\locales\js-year-calendar.fi.js
FNF:0
FNH:0
DA:6,1
LF:1
LH:1
BRF:0
BRH:0
end_of_record
TN:
SF:D:\Projets\year-calendar\js-year-calendar\locales\js-year-calendar.fr.js
FNF:0
FNH:0
DA:9,3
LF:1
LH:1
BRF:0
BRH:0
end_of_record
TN:
SF:D:\Projets\year-calendar\js-year-calendar\locales\js-year-calendar.hr.js
FNF:0
FNH:0
DA:6,1
LF:1
LH:1
BRF:0
BRH:0
end_of_record
TN:
SF:D:\Projets\year-calendar\js-year-calendar\locales\js-year-calendar.hu.js
FNF:0
FNH:0
DA:9,1
LF:1
LH:1
BRF:0
BRH:0
end_of_record
TN:
SF:D:\Projets\year-calendar\js-year-calendar\locales\js-year-calendar.id.js
FNF:0
FNH:0
DA:9,1
LF:1
LH:1
BRF:0
BRH:0
end_of_record
TN:
SF:D:\Projets\year-calendar\js-year-calendar\locales\js-year-calendar.is.js
FNF:0
FNH:0
DA:9,1
LF:1
LH:1
BRF:0
BRH:0
end_of_record
TN:
SF:D:\Projets\year-calendar\js-year-calendar\locales\js-year-calendar.it.js
FNF:0
FNH:0
DA:9,1
LF:1
LH:1
BRF:0
BRH:0
end_of_record
TN:
SF:D:\Projets\year-calendar\js-year-calendar\locales\js-year-calendar.ja.js
FNF:0
FNH:0
DA:9,1
LF:1
LH:1
BRF:0
BRH:0
end_of_record
TN:
SF:D:\Projets\year-calendar\js-year-calendar\locales\js-year-calendar.lt.js
FNF:0
FNH:0
DA:8,1
LF:1
LH:1
BRF:0
BRH:0
end_of_record
TN:
SF:D:\Projets\year-calendar\js-year-calendar\locales\js-year-calendar.lv.js
FNF:0
FNH:0
DA:6,1
LF:1
LH:1
BRF:0
BRH:0
end_of_record
TN:
SF:D:\Projets\year-calendar\js-year-calendar\locales\js-year-calendar.nl.js
FNF:0
FNH:0
DA:9,1
LF:1
LH:1
BRF:0
BRH:0
end_of_record
TN:
SF:D:\Projets\year-calendar\js-year-calendar\locales\js-year-calendar.pl.js
FNF:0
FNH:0
DA:6,1
LF:1
LH:1
BRF:0
BRH:0
end_of_record
TN:
SF:D:\Projets\year-calendar\js-year-calendar\locales\js-year-calendar.pt.js
FNF:0
FNH:0
DA:10,1
LF:1
LH:1
BRF:0
BRH:0
end_of_record
TN:
SF:D:\Projets\year-calendar\js-year-calendar\locales\js-year-calendar.ru.js
FNF:0
FNH:0
DA:9,1
LF:1
LH:1
BRF:0
BRH:0
end_of_record
TN:
SF:D:\Projets\year-calendar\js-year-calendar\locales\js-year-calendar.sk.js
FNF:0
FNH:0
DA:7,1
LF:1
LH:1
BRF:0
BRH:0
end_of_record
TN:
SF:D:\Projets\year-calendar\js-year-calendar\locales\js-year-calendar.sr.js
FNF:0
FNH:0
DA:6,1
LF:1
LH:1
BRF:0
BRH:0
end_of_record
TN:
SF:D:\Projets\year-calendar\js-year-calendar\locales\js-year-calendar.th.js
FNF:0
FNH:0
DA:7,1
LF:1
LH:1
BRF:0
BRH:0
end_of_record
TN:
SF:D:\Projets\year-calendar\js-year-calendar\locales\js-year-calendar.tr.js
FNF:0
FNH:0
DA:9,1
LF:1
LH:1
BRF:0
BRH:0
end_of_record
TN:
SF:D:\Projets\year-calendar\js-year-calendar\locales\js-year-calendar.ua.js
FNF:0
FNH:0
DA:6,1
LF:1
LH:1
BRF:0
BRH:0
end_of_record
TN:
SF:D:\Projets\year-calendar\js-year-calendar\locales\js-year-calendar.uk.js
FNF:0
FNH:0
DA:6,1
LF:1
LH:1
BRF:0
BRH:0
end_of_record
TN:
SF:D:\Projets\year-calendar\js-year-calendar\locales\js-year-calendar.uz.js
FNF:0
FNH:0
DA:9,1
LF:1
LH:1
BRF:0
BRH:0
end_of_record
TN:
SF:D:\Projets\year-calendar\js-year-calendar\locales\js-year-calendar.zh-CN.js
FNF:0
FNH:0
DA:9,1
LF:1
LH:1
BRF:0
BRH:0
end_of_record
TN:
SF:D:\Projets\year-calendar\js-year-calendar\locales\js-year-calendar.zh-TW.js
FNF:0
FNH:0
DA:9,1
LF:1
LH:1
BRF:0
BRH:0
end_of_record
